2022-12-22 07:56:12,266 INFO [GH_LOG] [GH_optimization_model_load_predict_ver2.py:356] - GH optimization model : Start
2022-12-22 07:56:12,275 INFO [GH_LOG] [GH_optimization_model_load_predict_ver2.py:321] - [44908]GH Model 실행 : 경영형-01_딸기:
2022-12-22 07:56:16,926 INFO [GH_LOG] [GH_optimization_model_load_predict_ver2.py:313] - 경영형-01_딸기 - 결과 DB 저장 완료
2022-12-22 07:56:16,927 INFO [GH_LOG] [GH_optimization_model_load_predict_ver2.py:321] - [44908]GH Model 실행 : 경영형-02_토마토:
2022-12-22 07:56:19,172 INFO [GH_LOG] [GH_optimization_model_load_predict_ver2.py:313] - 경영형-02_토마토 - 결과 DB 저장 완료
2022-12-22 07:56:19,173 INFO [GH_LOG] [GH_optimization_model_load_predict_ver2.py:321] - [44908]GH Model 실행 : 경영형-03_멜론:
2022-12-22 07:56:21,834 INFO [GH_LOG] [GH_optimization_model_load_predict_ver2.py:313] - 경영형-03_멜론 - 결과 DB 저장 완료
2022-12-22 07:56:21,835 INFO [GH_LOG] [GH_optimization_model_load_predict_ver2.py:321] - [44908]GH Model 실행 : 경영형-04_만다린:
2022-12-22 07:56:24,088 INFO [GH_LOG] [GH_optimization_model_load_predict_ver2.py:313] - 경영형-04_만다린 - 결과 DB 저장 완료
2022-12-22 07:56:24,088 INFO [GH_LOG] [GH_optimization_model_load_predict_ver2.py:321] - [44908]GH Model 실행 : 교육형-01_딸기:
2022-12-22 07:56:26,858 INFO [GH_LOG] [GH_optimization_model_load_predict_ver2.py:313] - 교육형-01_딸기 - 결과 DB 저장 완료
2022-12-22 07:56:26,859 INFO [GH_LOG] [GH_optimization_model_load_predict_ver2.py:321] - [44908]GH Model 실행 : 교육형-02_토마토:
2022-12-22 07:56:28,998 INFO [GH_LOG] [GH_optimization_model_load_predict_ver2.py:313] - 교육형-02_토마토 - 결과 DB 저장 완료
2022-12-22 07:56:28,999 INFO [GH_LOG] [GH_optimization_model_load_predict_ver2.py:321] - [44908]GH Model 실행 : 교육형-03_멜론:
2022-12-22 07:56:31,296 INFO [GH_LOG] [GH_optimization_model_load_predict_ver2.py:313] - 교육형-03_멜론 - 결과 DB 저장 완료
2022-12-22 07:56:31,296 INFO [GH_LOG] [GH_optimization_model_load_predict_ver2.py:321] - [44908]GH Model 실행 : 교육형-04_만다린:
2022-12-22 07:56:33,444 INFO [GH_LOG] [GH_optimization_model_load_predict_ver2.py:313] - 교육형-04_만다린 - 결과 DB 저장 완료
2022-12-22 07:56:33,444 INFO [GH_LOG] [GH_optimization_model_load_predict_ver2.py:321] - [44908]GH Model 실행 : 임대형1-01_딸기:
2022-12-22 07:56:35,764 INFO [GH_LOG] [GH_optimization_model_load_predict_ver2.py:313] - 임대형1-01_딸기 - 결과 DB 저장 완료
2022-12-22 07:56:35,765 INFO [GH_LOG] [GH_optimization_model_load_predict_ver2.py:321] - [44908]GH Model 실행 : 임대형1-02_딸기:
2022-12-22 07:56:38,598 INFO [GH_LOG] [GH_optimization_model_load_predict_ver2.py:313] - 임대형1-02_딸기 - 결과 DB 저장 완료
2022-12-22 07:56:38,599 INFO [GH_LOG] [GH_optimization_model_load_predict_ver2.py:321] - [44908]GH Model 실행 : 임대형1-03_딸기:
2022-12-22 07:56:40,917 INFO [GH_LOG] [GH_optimization_model_load_predict_ver2.py:313] - 임대형1-03_딸기 - 결과 DB 저장 완료
2022-12-22 07:56:40,917 INFO [GH_LOG] [GH_optimization_model_load_predict_ver2.py:321] - [44908]GH Model 실행 : 임대형1-04_딸기:
2022-12-22 07:56:43,235 INFO [GH_LOG] [GH_optimization_model_load_predict_ver2.py:313] - 임대형1-04_딸기 - 결과 DB 저장 완료
2022-12-22 07:56:43,434 INFO [GH_LOG] [GH_optimization_model_load_predict_ver2.py:380] - ** 모듈 실행 완료 > 총 실행시간 : 0:00:31.167587
2022-12-22 10:15:37,306 INFO [GH_LOG] [GH_optimization_model_load_predict_ver2.py:356] - GH optimization model : Start
2022-12-22 10:15:37,314 INFO [GH_LOG] [GH_optimization_model_load_predict_ver2.py:321] - [52206]GH Model 실행 : 경영형-01_딸기:
2022-12-22 10:15:42,052 INFO [GH_LOG] [GH_optimization_model_load_predict_ver2.py:313] - 경영형-01_딸기 - 결과 DB 저장 완료
2022-12-22 10:15:42,053 INFO [GH_LOG] [GH_optimization_model_load_predict_ver2.py:321] - [52206]GH Model 실행 : 경영형-02_토마토:
2022-12-22 10:15:45,073 INFO [GH_LOG] [GH_optimization_model_load_predict_ver2.py:313] - 경영형-02_토마토 - 결과 DB 저장 완료
2022-12-22 10:15:45,073 INFO [GH_LOG] [GH_optimization_model_load_predict_ver2.py:321] - [52206]GH Model 실행 : 경영형-03_멜론:
2022-12-22 10:15:47,430 INFO [GH_LOG] [GH_optimization_model_load_predict_ver2.py:313] - 경영형-03_멜론 - 결과 DB 저장 완료
2022-12-22 10:15:47,431 INFO [GH_LOG] [GH_optimization_model_load_predict_ver2.py:321] - [52206]GH Model 실행 : 경영형-04_만다린:
2022-12-22 10:15:50,130 INFO [GH_LOG] [GH_optimization_model_load_predict_ver2.py:313] - 경영형-04_만다린 - 결과 DB 저장 완료
2022-12-22 10:15:50,130 INFO [GH_LOG] [GH_optimization_model_load_predict_ver2.py:321] - [52206]GH Model 실행 : 교육형-01_딸기:
2022-12-22 10:15:52,622 INFO [GH_LOG] [GH_optimization_model_load_predict_ver2.py:313] - 교육형-01_딸기 - 결과 DB 저장 완료
2022-12-22 10:15:52,623 INFO [GH_LOG] [GH_optimization_model_load_predict_ver2.py:321] - [52206]GH Model 실행 : 교육형-02_토마토:
2022-12-22 10:15:55,275 INFO [GH_LOG] [GH_optimization_model_load_predict_ver2.py:313] - 교육형-02_토마토 - 결과 DB 저장 완료
2022-12-22 10:15:55,276 INFO [GH_LOG] [GH_optimization_model_load_predict_ver2.py:321] - [52206]GH Model 실행 : 교육형-03_멜론:
2022-12-22 10:15:58,333 INFO [GH_LOG] [GH_optimization_model_load_predict_ver2.py:313] - 교육형-03_멜론 - 결과 DB 저장 완료
2022-12-22 10:15:58,334 INFO [GH_LOG] [GH_optimization_model_load_predict_ver2.py:321] - [52206]GH Model 실행 : 교육형-04_만다린:
2022-12-22 10:16:01,424 INFO [GH_LOG] [GH_optimization_model_load_predict_ver2.py:313] - 교육형-04_만다린 - 결과 DB 저장 완료
2022-12-22 10:16:01,424 INFO [GH_LOG] [GH_optimization_model_load_predict_ver2.py:321] - [52206]GH Model 실행 : 임대형1-01_딸기:
2022-12-22 10:16:03,822 INFO [GH_LOG] [GH_optimization_model_load_predict_ver2.py:313] - 임대형1-01_딸기 - 결과 DB 저장 완료
2022-12-22 10:16:03,823 INFO [GH_LOG] [GH_optimization_model_load_predict_ver2.py:321] - [52206]GH Model 실행 : 임대형1-02_딸기:
2022-12-22 10:16:06,138 INFO [GH_LOG] [GH_optimization_model_load_predict_ver2.py:313] - 임대형1-02_딸기 - 결과 DB 저장 완료
2022-12-22 10:16:06,139 INFO [GH_LOG] [GH_optimization_model_load_predict_ver2.py:321] - [52206]GH Model 실행 : 임대형1-03_딸기:
2022-12-22 10:16:08,610 INFO [GH_LOG] [GH_optimization_model_load_predict_ver2.py:313] - 임대형1-03_딸기 - 결과 DB 저장 완료
2022-12-22 10:16:08,611 INFO [GH_LOG] [GH_optimization_model_load_predict_ver2.py:321] - [52206]GH Model 실행 : 임대형1-04_딸기:
2022-12-22 10:16:11,733 INFO [GH_LOG] [GH_optimization_model_load_predict_ver2.py:313] - 임대형1-04_딸기 - 결과 DB 저장 완료
2022-12-22 10:16:11,927 INFO [GH_LOG] [GH_optimization_model_load_predict_ver2.py:380] - ** 모듈 실행 완료 > 총 실행시간 : 0:00:34.621144
2022-12-22 10:31:03,262 INFO [GH_LOG] [GH_optimization_model_load_predict_ver2.py:356] - GH optimization model : Start
2022-12-22 10:31:03,270 INFO [GH_LOG] [GH_optimization_model_load_predict_ver2.py:321] - [53381]GH Model 실행 : 경영형-01_딸기:
2022-12-22 10:32:02,808 INFO [GH_LOG] [GH_optimization_model_load_predict_ver2.py:356] - GH optimization model : Start
2022-12-22 10:32:02,816 INFO [GH_LOG] [GH_optimization_model_load_predict_ver2.py:321] - [53633]GH Model 실행 : 경영형-01_딸기:
2022-12-22 10:32:07,045 INFO [GH_LOG] [GH_optimization_model_load_predict_ver2.py:313] - 경영형-01_딸기 - 결과 DB 저장 완료
2022-12-22 10:32:07,045 INFO [GH_LOG] [GH_optimization_model_load_predict_ver2.py:321] - [53633]GH Model 실행 : 경영형-02_토마토:
2022-12-22 10:32:10,065 INFO [GH_LOG] [GH_optimization_model_load_predict_ver2.py:313] - 경영형-02_토마토 - 결과 DB 저장 완료
2022-12-22 10:32:10,066 INFO [GH_LOG] [GH_optimization_model_load_predict_ver2.py:321] - [53633]GH Model 실행 : 경영형-03_멜론:
2022-12-22 10:32:12,537 INFO [GH_LOG] [GH_optimization_model_load_predict_ver2.py:313] - 경영형-03_멜론 - 결과 DB 저장 완료
2022-12-22 10:32:12,538 INFO [GH_LOG] [GH_optimization_model_load_predict_ver2.py:321] - [53633]GH Model 실행 : 경영형-04_만다린:
2022-12-22 10:32:15,061 INFO [GH_LOG] [GH_optimization_model_load_predict_ver2.py:313] - 경영형-04_만다린 - 결과 DB 저장 완료
2022-12-22 10:32:15,061 INFO [GH_LOG] [GH_optimization_model_load_predict_ver2.py:321] - [53633]GH Model 실행 : 교육형-01_딸기:
2022-12-22 10:32:17,678 INFO [GH_LOG] [GH_optimization_model_load_predict_ver2.py:313] - 교육형-01_딸기 - 결과 DB 저장 완료
2022-12-22 10:32:17,679 INFO [GH_LOG] [GH_optimization_model_load_predict_ver2.py:321] - [53633]GH Model 실행 : 교육형-02_토마토:
2022-12-22 10:32:20,061 INFO [GH_LOG] [GH_optimization_model_load_predict_ver2.py:313] - 교육형-02_토마토 - 결과 DB 저장 완료
2022-12-22 10:32:20,062 INFO [GH_LOG] [GH_optimization_model_load_predict_ver2.py:321] - [53633]GH Model 실행 : 교육형-03_멜론:
2022-12-22 10:32:22,526 INFO [GH_LOG] [GH_optimization_model_load_predict_ver2.py:313] - 교육형-03_멜론 - 결과 DB 저장 완료
2022-12-22 10:32:22,526 INFO [GH_LOG] [GH_optimization_model_load_predict_ver2.py:321] - [53633]GH Model 실행 : 교육형-04_만다린:
2022-12-22 10:32:24,951 INFO [GH_LOG] [GH_optimization_model_load_predict_ver2.py:313] - 교육형-04_만다린 - 결과 DB 저장 완료
2022-12-22 10:32:24,951 INFO [GH_LOG] [GH_optimization_model_load_predict_ver2.py:321] - [53633]GH Model 실행 : 임대형1-01_딸기:
2022-12-22 10:32:27,484 INFO [GH_LOG] [GH_optimization_model_load_predict_ver2.py:313] - 임대형1-01_딸기 - 결과 DB 저장 완료
2022-12-22 10:32:27,485 INFO [GH_LOG] [GH_optimization_model_load_predict_ver2.py:321] - [53633]GH Model 실행 : 임대형1-02_딸기:
2022-12-22 10:32:30,070 INFO [GH_LOG] [GH_optimization_model_load_predict_ver2.py:313] - 임대형1-02_딸기 - 결과 DB 저장 완료
2022-12-22 10:32:30,070 INFO [GH_LOG] [GH_optimization_model_load_predict_ver2.py:321] - [53633]GH Model 실행 : 임대형1-03_딸기:
2022-12-22 10:32:32,520 INFO [GH_LOG] [GH_optimization_model_load_predict_ver2.py:313] - 임대형1-03_딸기 - 결과 DB 저장 완료
2022-12-22 10:32:32,520 INFO [GH_LOG] [GH_optimization_model_load_predict_ver2.py:321] - [53633]GH Model 실행 : 임대형1-04_딸기:
2022-12-22 10:32:34,948 INFO [GH_LOG] [GH_optimization_model_load_predict_ver2.py:313] - 임대형1-04_딸기 - 결과 DB 저장 완료
2022-12-22 10:32:35,152 INFO [GH_LOG] [GH_optimization_model_load_predict_ver2.py:380] - ** 모듈 실행 완료 > 총 실행시간 : 0:00:32.344472
2022-12-22 10:40:03,020 INFO [GH_LOG] [GH_optimization_model_load_predict_ver2.py:356] - GH optimization model : Start
2022-12-22 10:40:03,029 INFO [GH_LOG] [GH_optimization_model_load_predict_ver2.py:321] - [54387]GH Model 실행 : 경영형-01_딸기:
2022-12-22 10:40:07,256 INFO [GH_LOG] [GH_optimization_model_load_predict_ver2.py:313] - 경영형-01_딸기 - 결과 DB 저장 완료
2022-12-22 10:40:07,256 INFO [GH_LOG] [GH_optimization_model_load_predict_ver2.py:321] - [54387]GH Model 실행 : 경영형-02_토마토:
2022-12-22 10:40:10,134 INFO [GH_LOG] [GH_optimization_model_load_predict_ver2.py:313] - 경영형-02_토마토 - 결과 DB 저장 완료
2022-12-22 10:40:10,135 INFO [GH_LOG] [GH_optimization_model_load_predict_ver2.py:321] - [54387]GH Model 실행 : 경영형-03_멜론:
2022-12-22 10:40:13,585 INFO [GH_LOG] [GH_optimization_model_load_predict_ver2.py:313] - 경영형-03_멜론 - 결과 DB 저장 완료
2022-12-22 10:40:13,585 INFO [GH_LOG] [GH_optimization_model_load_predict_ver2.py:321] - [54387]GH Model 실행 : 경영형-04_만다린:
2022-12-22 10:40:16,096 INFO [GH_LOG] [GH_optimization_model_load_predict_ver2.py:313] - 경영형-04_만다린 - 결과 DB 저장 완료
2022-12-22 10:40:16,097 INFO [GH_LOG] [GH_optimization_model_load_predict_ver2.py:321] - [54387]GH Model 실행 : 교육형-01_딸기:
2022-12-22 10:40:19,139 INFO [GH_LOG] [GH_optimization_model_load_predict_ver2.py:313] - 교육형-01_딸기 - 결과 DB 저장 완료
2022-12-22 10:40:19,139 INFO [GH_LOG] [GH_optimization_model_load_predict_ver2.py:321] - [54387]GH Model 실행 : 교육형-02_토마토:
2022-12-22 10:40:21,494 INFO [GH_LOG] [GH_optimization_model_load_predict_ver2.py:313] - 교육형-02_토마토 - 결과 DB 저장 완료
2022-12-22 10:40:21,494 INFO [GH_LOG] [GH_optimization_model_load_predict_ver2.py:321] - [54387]GH Model 실행 : 교육형-03_멜론:
2022-12-22 10:40:24,233 INFO [GH_LOG] [GH_optimization_model_load_predict_ver2.py:313] - 교육형-03_멜론 - 결과 DB 저장 완료
2022-12-22 10:40:24,234 INFO [GH_LOG] [GH_optimization_model_load_predict_ver2.py:321] - [54387]GH Model 실행 : 교육형-04_만다린:
2022-12-22 10:40:26,460 INFO [GH_LOG] [GH_optimization_model_load_predict_ver2.py:313] - 교육형-04_만다린 - 결과 DB 저장 완료
2022-12-22 10:40:26,460 INFO [GH_LOG] [GH_optimization_model_load_predict_ver2.py:321] - [54387]GH Model 실행 : 임대형1-01_딸기:
2022-12-22 10:40:29,140 INFO [GH_LOG] [GH_optimization_model_load_predict_ver2.py:313] - 임대형1-01_딸기 - 결과 DB 저장 완료
2022-12-22 10:40:29,140 INFO [GH_LOG] [GH_optimization_model_load_predict_ver2.py:321] - [54387]GH Model 실행 : 임대형1-02_딸기:
2022-12-22 10:40:31,408 INFO [GH_LOG] [GH_optimization_model_load_predict_ver2.py:313] - 임대형1-02_딸기 - 결과 DB 저장 완료
2022-12-22 10:40:31,409 INFO [GH_LOG] [GH_optimization_model_load_predict_ver2.py:321] - [54387]GH Model 실행 : 임대형1-03_딸기:
2022-12-22 10:40:33,858 INFO [GH_LOG] [GH_optimization_model_load_predict_ver2.py:313] - 임대형1-03_딸기 - 결과 DB 저장 완료
2022-12-22 10:40:33,859 INFO [GH_LOG] [GH_optimization_model_load_predict_ver2.py:321] - [54387]GH Model 실행 : 임대형1-04_딸기:
2022-12-22 10:40:36,406 INFO [GH_LOG] [GH_optimization_model_load_predict_ver2.py:313] - 임대형1-04_딸기 - 결과 DB 저장 완료
2022-12-22 10:40:36,605 INFO [GH_LOG] [GH_optimization_model_load_predict_ver2.py:380] - ** 모듈 실행 완료 > 총 실행시간 : 0:00:33.583972
2022-12-22 10:50:03,462 INFO [GH_LOG] [GH_optimization_model_load_predict_ver2.py:356] - GH optimization model : Start
2022-12-22 10:50:03,470 INFO [GH_LOG] [GH_optimization_model_load_predict_ver2.py:321] - [54967]GH Model 실행 : 경영형-01_딸기:
2022-12-22 10:50:08,680 INFO [GH_LOG] [GH_optimization_model_load_predict_ver2.py:313] - 경영형-01_딸기 - 결과 DB 저장 완료
2022-12-22 10:50:08,680 INFO [GH_LOG] [GH_optimization_model_load_predict_ver2.py:321] - [54967]GH Model 실행 : 경영형-02_토마토:
2022-12-22 10:50:11,160 INFO [GH_LOG] [GH_optimization_model_load_predict_ver2.py:313] - 경영형-02_토마토 - 결과 DB 저장 완료
2022-12-22 10:50:11,161 INFO [GH_LOG] [GH_optimization_model_load_predict_ver2.py:321] - [54967]GH Model 실행 : 경영형-03_멜론:
2022-12-22 10:50:13,577 INFO [GH_LOG] [GH_optimization_model_load_predict_ver2.py:313] - 경영형-03_멜론 - 결과 DB 저장 완료
2022-12-22 10:50:13,578 INFO [GH_LOG] [GH_optimization_model_load_predict_ver2.py:321] - [54967]GH Model 실행 : 경영형-04_만다린:
2022-12-22 10:50:16,706 INFO [GH_LOG] [GH_optimization_model_load_predict_ver2.py:313] - 경영형-04_만다린 - 결과 DB 저장 완료
2022-12-22 10:50:16,706 INFO [GH_LOG] [GH_optimization_model_load_predict_ver2.py:321] - [54967]GH Model 실행 : 교육형-01_딸기:
2022-12-22 10:50:19,241 INFO [GH_LOG] [GH_optimization_model_load_predict_ver2.py:313] - 교육형-01_딸기 - 결과 DB 저장 완료
2022-12-22 10:50:19,242 INFO [GH_LOG] [GH_optimization_model_load_predict_ver2.py:321] - [54967]GH Model 실행 : 교육형-02_토마토:
2022-12-22 10:50:21,601 INFO [GH_LOG] [GH_optimization_model_load_predict_ver2.py:313] - 교육형-02_토마토 - 결과 DB 저장 완료
2022-12-22 10:50:21,601 INFO [GH_LOG] [GH_optimization_model_load_predict_ver2.py:321] - [54967]GH Model 실행 : 교육형-03_멜론:
2022-12-22 10:50:24,621 INFO [GH_LOG] [GH_optimization_model_load_predict_ver2.py:313] - 교육형-03_멜론 - 결과 DB 저장 완료
2022-12-22 10:50:24,621 INFO [GH_LOG] [GH_optimization_model_load_predict_ver2.py:321] - [54967]GH Model 실행 : 교육형-04_만다린:
2022-12-22 10:50:26,902 INFO [GH_LOG] [GH_optimization_model_load_predict_ver2.py:313] - 교육형-04_만다린 - 결과 DB 저장 완료
2022-12-22 10:50:26,902 INFO [GH_LOG] [GH_optimization_model_load_predict_ver2.py:321] - [54967]GH Model 실행 : 임대형1-01_딸기:
2022-12-22 10:50:29,793 INFO [GH_LOG] [GH_optimization_model_load_predict_ver2.py:313] - 임대형1-01_딸기 - 결과 DB 저장 완료
2022-12-22 10:50:29,793 INFO [GH_LOG] [GH_optimization_model_load_predict_ver2.py:321] - [54967]GH Model 실행 : 임대형1-02_딸기:
2022-12-22 10:50:32,205 INFO [GH_LOG] [GH_optimization_model_load_predict_ver2.py:313] - 임대형1-02_딸기 - 결과 DB 저장 완료
2022-12-22 10:50:32,205 INFO [GH_LOG] [GH_optimization_model_load_predict_ver2.py:321] - [54967]GH Model 실행 : 임대형1-03_딸기:
2022-12-22 10:50:36,127 INFO [GH_LOG] [GH_optimization_model_load_predict_ver2.py:313] - 임대형1-03_딸기 - 결과 DB 저장 완료
2022-12-22 10:50:36,127 INFO [GH_LOG] [GH_optimization_model_load_predict_ver2.py:321] - [54967]GH Model 실행 : 임대형1-04_딸기:
2022-12-22 10:50:38,572 INFO [GH_LOG] [GH_optimization_model_load_predict_ver2.py:313] - 임대형1-04_딸기 - 결과 DB 저장 완료
2022-12-22 10:50:38,763 INFO [GH_LOG] [GH_optimization_model_load_predict_ver2.py:380] - ** 모듈 실행 완료 > 총 실행시간 : 0:00:35.300691
2022-12-22 11:00:02,627 INFO [GH_LOG] [GH_optimization_model_load_predict_ver2.py:356] - GH optimization model : Start
2022-12-22 11:00:02,636 INFO [GH_LOG] [GH_optimization_model_load_predict_ver2.py:321] - [55626]GH Model 실행 : 경영형-01_딸기:
2022-12-22 11:00:06,787 INFO [GH_LOG] [GH_optimization_model_load_predict_ver2.py:313] - 경영형-01_딸기 - 결과 DB 저장 완료
2022-12-22 11:00:06,787 INFO [GH_LOG] [GH_optimization_model_load_predict_ver2.py:321] - [55626]GH Model 실행 : 경영형-02_토마토:
2022-12-22 11:00:09,510 INFO [GH_LOG] [GH_optimization_model_load_predict_ver2.py:313] - 경영형-02_토마토 - 결과 DB 저장 완료
2022-12-22 11:00:09,510 INFO [GH_LOG] [GH_optimization_model_load_predict_ver2.py:321] - [55626]GH Model 실행 : 경영형-03_멜론:
2022-12-22 11:00:11,821 INFO [GH_LOG] [GH_optimization_model_load_predict_ver2.py:313] - 경영형-03_멜론 - 결과 DB 저장 완료
2022-12-22 11:00:11,821 INFO [GH_LOG] [GH_optimization_model_load_predict_ver2.py:321] - [55626]GH Model 실행 : 경영형-04_만다린:
2022-12-22 11:00:14,500 INFO [GH_LOG] [GH_optimization_model_load_predict_ver2.py:313] - 경영형-04_만다린 - 결과 DB 저장 완료
2022-12-22 11:00:14,501 INFO [GH_LOG] [GH_optimization_model_load_predict_ver2.py:321] - [55626]GH Model 실행 : 교육형-01_딸기:
2022-12-22 11:00:17,281 INFO [GH_LOG] [GH_optimization_model_load_predict_ver2.py:313] - 교육형-01_딸기 - 결과 DB 저장 완료
2022-12-22 11:00:17,281 INFO [GH_LOG] [GH_optimization_model_load_predict_ver2.py:321] - [55626]GH Model 실행 : 교육형-02_토마토:
2022-12-22 11:00:19,510 INFO [GH_LOG] [GH_optimization_model_load_predict_ver2.py:313] - 교육형-02_토마토 - 결과 DB 저장 완료
2022-12-22 11:00:19,510 INFO [GH_LOG] [GH_optimization_model_load_predict_ver2.py:321] - [55626]GH Model 실행 : 교육형-03_멜론:
2022-12-22 11:00:22,044 INFO [GH_LOG] [GH_optimization_model_load_predict_ver2.py:313] - 교육형-03_멜론 - 결과 DB 저장 완료
2022-12-22 11:00:22,045 INFO [GH_LOG] [GH_optimization_model_load_predict_ver2.py:321] - [55626]GH Model 실행 : 교육형-04_만다린:
2022-12-22 11:00:24,588 INFO [GH_LOG] [GH_optimization_model_load_predict_ver2.py:313] - 교육형-04_만다린 - 결과 DB 저장 완료
2022-12-22 11:00:24,589 INFO [GH_LOG] [GH_optimization_model_load_predict_ver2.py:321] - [55626]GH Model 실행 : 임대형1-01_딸기:
2022-12-22 11:00:27,297 INFO [GH_LOG] [GH_optimization_model_load_predict_ver2.py:313] - 임대형1-01_딸기 - 결과 DB 저장 완료
2022-12-22 11:00:27,298 INFO [GH_LOG] [GH_optimization_model_load_predict_ver2.py:321] - [55626]GH Model 실행 : 임대형1-02_딸기:
2022-12-22 11:00:29,630 INFO [GH_LOG] [GH_optimization_model_load_predict_ver2.py:313] - 임대형1-02_딸기 - 결과 DB 저장 완료
2022-12-22 11:00:29,630 INFO [GH_LOG] [GH_optimization_model_load_predict_ver2.py:321] - [55626]GH Model 실행 : 임대형1-03_딸기:
2022-12-22 11:00:32,131 INFO [GH_LOG] [GH_optimization_model_load_predict_ver2.py:313] - 임대형1-03_딸기 - 결과 DB 저장 완료
2022-12-22 11:00:32,132 INFO [GH_LOG] [GH_optimization_model_load_predict_ver2.py:321] - [55626]GH Model 실행 : 임대형1-04_딸기:
2022-12-22 11:00:34,638 INFO [GH_LOG] [GH_optimization_model_load_predict_ver2.py:313] - 임대형1-04_딸기 - 결과 DB 저장 완료
2022-12-22 11:00:34,851 INFO [GH_LOG] [GH_optimization_model_load_predict_ver2.py:380] - ** 모듈 실행 완료 > 총 실행시간 : 0:00:32.223453
2022-12-22 11:10:02,804 INFO [GH_LOG] [GH_optimization_model_load_predict_ver2.py:356] - GH optimization model : Start
2022-12-22 11:10:02,813 INFO [GH_LOG] [GH_optimization_model_load_predict_ver2.py:321] - [56275]GH Model 실행 : 경영형-01_딸기:
2022-12-22 11:10:07,561 INFO [GH_LOG] [GH_optimization_model_load_predict_ver2.py:313] - 경영형-01_딸기 - 결과 DB 저장 완료
2022-12-22 11:10:07,561 INFO [GH_LOG] [GH_optimization_model_load_predict_ver2.py:321] - [56275]GH Model 실행 : 경영형-02_토마토:
2022-12-22 11:10:10,336 INFO [GH_LOG] [GH_optimization_model_load_predict_ver2.py:313] - 경영형-02_토마토 - 결과 DB 저장 완료
2022-12-22 11:10:10,337 INFO [GH_LOG] [GH_optimization_model_load_predict_ver2.py:321] - [56275]GH Model 실행 : 경영형-03_멜론:
2022-12-22 11:10:13,307 INFO [GH_LOG] [GH_optimization_model_load_predict_ver2.py:313] - 경영형-03_멜론 - 결과 DB 저장 완료
2022-12-22 11:10:13,307 INFO [GH_LOG] [GH_optimization_model_load_predict_ver2.py:321] - [56275]GH Model 실행 : 경영형-04_만다린:
2022-12-22 11:10:15,776 INFO [GH_LOG] [GH_optimization_model_load_predict_ver2.py:313] - 경영형-04_만다린 - 결과 DB 저장 완료
2022-12-22 11:10:15,777 INFO [GH_LOG] [GH_optimization_model_load_predict_ver2.py:321] - [56275]GH Model 실행 : 교육형-01_딸기:
2022-12-22 11:10:18,220 INFO [GH_LOG] [GH_optimization_model_load_predict_ver2.py:313] - 교육형-01_딸기 - 결과 DB 저장 완료
2022-12-22 11:10:18,220 INFO [GH_LOG] [GH_optimization_model_load_predict_ver2.py:321] - [56275]GH Model 실행 : 교육형-02_토마토:
2022-12-22 11:10:20,598 INFO [GH_LOG] [GH_optimization_model_load_predict_ver2.py:313] - 교육형-02_토마토 - 결과 DB 저장 완료
2022-12-22 11:10:20,599 INFO [GH_LOG] [GH_optimization_model_load_predict_ver2.py:321] - [56275]GH Model 실행 : 교육형-03_멜론:
2022-12-22 11:10:23,261 INFO [GH_LOG] [GH_optimization_model_load_predict_ver2.py:313] - 교육형-03_멜론 - 결과 DB 저장 완료
2022-12-22 11:10:23,261 INFO [GH_LOG] [GH_optimization_model_load_predict_ver2.py:321] - [56275]GH Model 실행 : 교육형-04_만다린:
2022-12-22 11:10:25,580 INFO [GH_LOG] [GH_optimization_model_load_predict_ver2.py:313] - 교육형-04_만다린 - 결과 DB 저장 완료
2022-12-22 11:10:25,581 INFO [GH_LOG] [GH_optimization_model_load_predict_ver2.py:321] - [56275]GH Model 실행 : 임대형1-01_딸기:
2022-12-22 11:10:28,364 INFO [GH_LOG] [GH_optimization_model_load_predict_ver2.py:313] - 임대형1-01_딸기 - 결과 DB 저장 완료
2022-12-22 11:10:28,365 INFO [GH_LOG] [GH_optimization_model_load_predict_ver2.py:321] - [56275]GH Model 실행 : 임대형1-02_딸기:
2022-12-22 11:10:30,687 INFO [GH_LOG] [GH_optimization_model_load_predict_ver2.py:313] - 임대형1-02_딸기 - 결과 DB 저장 완료
2022-12-22 11:10:30,688 INFO [GH_LOG] [GH_optimization_model_load_predict_ver2.py:321] - [56275]GH Model 실행 : 임대형1-03_딸기:
2022-12-22 11:10:33,169 INFO [GH_LOG] [GH_optimization_model_load_predict_ver2.py:313] - 임대형1-03_딸기 - 결과 DB 저장 완료
2022-12-22 11:10:33,169 INFO [GH_LOG] [GH_optimization_model_load_predict_ver2.py:321] - [56275]GH Model 실행 : 임대형1-04_딸기:
2022-12-22 11:10:35,772 INFO [GH_LOG] [GH_optimization_model_load_predict_ver2.py:313] - 임대형1-04_딸기 - 결과 DB 저장 완료
2022-12-22 11:10:36,008 INFO [GH_LOG] [GH_optimization_model_load_predict_ver2.py:380] - ** 모듈 실행 완료 > 총 실행시간 : 0:00:33.203670
