2022-10-21 00:06:47,983 INFO [GH_LOG] [GH_optimization_model_gu_seok.py:365] - GH optimization model : Start
2022-10-21 00:06:54,209 INFO [GH_LOG] [GH_optimization_model_gu_seok.py:334] - [36440]GH Model 실행 : 경영형-01_딸기:
2022-10-21 00:06:54,230 INFO [GH_LOG] [GH_optimization_model_gu_seok.py:334] - [29948]GH Model 실행 : 경영형-02_메론:
2022-10-21 00:06:54,387 INFO [GH_LOG] [GH_optimization_model_gu_seok.py:334] - [27896]GH Model 실행 : 경영형-03_토마토:
2022-10-21 00:06:54,399 INFO [GH_LOG] [GH_optimization_model_gu_seok.py:334] - [22220]GH Model 실행 : 경영형-04_오이:
2022-10-21 00:09:20,189 INFO [GH_LOG] [GH_optimization_model_gu_seok.py:327] - 경영형-02_메론 - 결과 DB 저장 완료
2022-10-21 00:09:20,703 INFO [GH_LOG] [GH_optimization_model_gu_seok.py:334] - [29948]GH Model 실행 : 교육형-01_딸기:
2022-10-21 00:09:22,627 INFO [GH_LOG] [GH_optimization_model_gu_seok.py:327] - 경영형-01_딸기 - 결과 DB 저장 완료
2022-10-21 00:09:23,089 INFO [GH_LOG] [GH_optimization_model_gu_seok.py:334] - [36440]GH Model 실행 : 교육형-02_메론:
2022-10-21 00:09:35,293 INFO [GH_LOG] [GH_optimization_model_gu_seok.py:327] - 경영형-04_오이 - 결과 DB 저장 완료
2022-10-21 00:09:35,447 INFO [GH_LOG] [GH_optimization_model_gu_seok.py:327] - 경영형-03_토마토 - 결과 DB 저장 완료
2022-10-21 00:09:35,744 INFO [GH_LOG] [GH_optimization_model_gu_seok.py:334] - [22220]GH Model 실행 : 교육형-03_토마토:
2022-10-21 00:09:35,871 INFO [GH_LOG] [GH_optimization_model_gu_seok.py:334] - [27896]GH Model 실행 : 교육형-04_오이:
2022-10-21 00:11:46,852 INFO [GH_LOG] [GH_optimization_model_gu_seok.py:327] - 교육형-01_딸기 - 결과 DB 저장 완료
2022-10-21 00:11:47,363 INFO [GH_LOG] [GH_optimization_model_gu_seok.py:334] - [29948]GH Model 실행 : 임대형1-04_오이:
2022-10-21 00:11:48,827 INFO [GH_LOG] [GH_optimization_model_gu_seok.py:327] - 교육형-02_메론 - 결과 DB 저장 완료
2022-10-21 00:11:49,301 INFO [GH_LOG] [GH_optimization_model_gu_seok.py:334] - [36440]GH Model 실행 : 임대형2-03_토마토:
2022-10-21 00:12:17,169 INFO [GH_LOG] [GH_optimization_model_gu_seok.py:327] - 교육형-03_토마토 - 결과 DB 저장 완료
2022-10-21 00:12:17,657 INFO [GH_LOG] [GH_optimization_model_gu_seok.py:334] - [22220]GH Model 실행 : 임대형2-04_오이:
2022-10-21 00:12:18,062 INFO [GH_LOG] [GH_optimization_model_gu_seok.py:327] - 교육형-04_오이 - 결과 DB 저장 완료
2022-10-21 00:13:07,858 ERROR [GH_LOG] [GH_optimization_model_gu_seok.py:357] - * 모듈 실행중 오류 발생 : could not convert string to float: '동'
2022-10-21 00:13:09,631 ERROR [GH_LOG] [GH_optimization_model_gu_seok.py:357] - * 모듈 실행중 오류 발생 : could not convert string to float: '동'
2022-10-21 00:13:29,695 ERROR [GH_LOG] [GH_optimization_model_gu_seok.py:357] - * 모듈 실행중 오류 발생 : could not convert string to float: '동'
2022-10-21 00:13:30,780 INFO [GH_LOG] [GH_optimization_model_gu_seok.py:387] - ** 모듈 실행 완료 > 총 실행시간 : 0:06:42.797667
2022-10-21 07:49:05,689 INFO [GH_LOG] [GH_optimization_model_gu_seok.py:366] - GH optimization model : Start
2022-10-21 07:49:11,522 INFO [GH_LOG] [GH_optimization_model_gu_seok.py:335] - [14016]GH Model 실행 : 경영형-01_딸기:
2022-10-21 07:49:11,536 INFO [GH_LOG] [GH_optimization_model_gu_seok.py:335] - [35176]GH Model 실행 : 경영형-02_메론:
2022-10-21 07:49:11,678 INFO [GH_LOG] [GH_optimization_model_gu_seok.py:335] - [25588]GH Model 실행 : 경영형-03_토마토:
2022-10-21 07:49:11,689 INFO [GH_LOG] [GH_optimization_model_gu_seok.py:335] - [23836]GH Model 실행 : 경영형-04_오이:
2022-10-21 07:51:35,836 INFO [GH_LOG] [GH_optimization_model_gu_seok.py:328] - 경영형-02_메론 - 결과 DB 저장 완료
2022-10-21 07:51:36,341 INFO [GH_LOG] [GH_optimization_model_gu_seok.py:335] - [35176]GH Model 실행 : 교육형-01_딸기:
2022-10-21 07:51:36,693 INFO [GH_LOG] [GH_optimization_model_gu_seok.py:328] - 경영형-01_딸기 - 결과 DB 저장 완료
2022-10-21 07:51:37,170 INFO [GH_LOG] [GH_optimization_model_gu_seok.py:335] - [14016]GH Model 실행 : 교육형-02_메론:
2022-10-21 07:51:51,408 INFO [GH_LOG] [GH_optimization_model_gu_seok.py:328] - 경영형-04_오이 - 결과 DB 저장 완료
2022-10-21 07:51:51,516 INFO [GH_LOG] [GH_optimization_model_gu_seok.py:328] - 경영형-03_토마토 - 결과 DB 저장 완료
2022-10-21 07:51:51,824 INFO [GH_LOG] [GH_optimization_model_gu_seok.py:335] - [23836]GH Model 실행 : 교육형-03_토마토:
2022-10-21 07:51:51,909 INFO [GH_LOG] [GH_optimization_model_gu_seok.py:335] - [25588]GH Model 실행 : 교육형-04_오이:
2022-10-21 07:54:03,258 INFO [GH_LOG] [GH_optimization_model_gu_seok.py:328] - 교육형-02_메론 - 결과 DB 저장 완료
2022-10-21 07:54:03,341 INFO [GH_LOG] [GH_optimization_model_gu_seok.py:328] - 교육형-01_딸기 - 결과 DB 저장 완료
2022-10-21 07:54:03,818 INFO [GH_LOG] [GH_optimization_model_gu_seok.py:335] - [14016]GH Model 실행 : 임대형1-04_오이:
2022-10-21 07:54:03,887 INFO [GH_LOG] [GH_optimization_model_gu_seok.py:335] - [35176]GH Model 실행 : 임대형2-03_토마토:
2022-10-21 07:54:34,401 INFO [GH_LOG] [GH_optimization_model_gu_seok.py:328] - 교육형-04_오이 - 결과 DB 저장 완료
2022-10-21 07:54:34,884 INFO [GH_LOG] [GH_optimization_model_gu_seok.py:335] - [25588]GH Model 실행 : 임대형2-04_오이:
2022-10-21 07:54:35,432 INFO [GH_LOG] [GH_optimization_model_gu_seok.py:328] - 교육형-03_토마토 - 결과 DB 저장 완료
2022-10-21 07:55:24,102 ERROR [GH_LOG] [GH_optimization_model_gu_seok.py:358] - * 모듈 실행중 오류 발생 : could not convert string to float: '서북'
2022-10-21 07:55:24,861 ERROR [GH_LOG] [GH_optimization_model_gu_seok.py:358] - * 모듈 실행중 오류 발생 : could not convert string to float: '서북'
2022-10-21 07:55:46,209 ERROR [GH_LOG] [GH_optimization_model_gu_seok.py:358] - * 모듈 실행중 오류 발생 : could not convert string to float: '서북'
2022-10-21 07:55:47,297 INFO [GH_LOG] [GH_optimization_model_gu_seok.py:388] - ** 모듈 실행 완료 > 총 실행시간 : 0:06:41.607922
2022-10-21 10:34:14,901 INFO [GH_LOG] [GH_optimization_model_gu_seok _모델저장.py:372] - GH optimization model : Start
2022-10-21 10:34:21,376 INFO [GH_LOG] [GH_optimization_model_gu_seok _모델저장.py:341] - [30080]GH Model 실행 : 경영형-01_딸기:
2022-10-21 10:36:37,622 ERROR [GH_LOG] [GH_optimization_model_gu_seok _모델저장.py:296] - 예측하기 오류 발생
2022-10-21 10:36:37,636 ERROR [GH_LOG] [GH_optimization_model_gu_seok _모델저장.py:364] - * 모듈 실행중 오류 발생 : cannot unpack non-iterable NoneType object
2022-10-21 10:36:38,777 INFO [GH_LOG] [GH_optimization_model_gu_seok _모델저장.py:384] - ** 모듈 실행 완료 > 총 실행시간 : 0:02:23.875192
2022-10-21 10:49:02,773 INFO [GH_LOG] [GH_optimization_model_gu_seok _모델저장.py:372] - GH optimization model : Start
2022-10-21 10:49:09,560 INFO [GH_LOG] [GH_optimization_model_gu_seok _모델저장.py:341] - [40264]GH Model 실행 : 경영형-01_딸기:
2022-10-21 10:51:24,781 ERROR [GH_LOG] [GH_optimization_model_gu_seok _모델저장.py:296] - 예측하기 오류 발생
2022-10-21 10:51:24,797 ERROR [GH_LOG] [GH_optimization_model_gu_seok _모델저장.py:364] - * 모듈 실행중 오류 발생 : cannot unpack non-iterable NoneType object
2022-10-21 10:51:25,954 INFO [GH_LOG] [GH_optimization_model_gu_seok _모델저장.py:384] - ** 모듈 실행 완료 > 총 실행시간 : 0:02:23.181014
2022-10-21 10:52:21,417 INFO [GH_LOG] [GH_optimization_model_gu_seok _모델저장.py:372] - GH optimization model : Start
2022-10-21 10:52:27,803 INFO [GH_LOG] [GH_optimization_model_gu_seok _모델저장.py:341] - [34284]GH Model 실행 : 경영형-01_딸기:
2022-10-21 10:54:39,504 INFO [GH_LOG] [GH_optimization_model_gu_seok _모델불러오기.py:372] - GH optimization model : Start
2022-10-21 10:54:51,414 INFO [GH_LOG] [GH_optimization_model_gu_seok _모델불러오기.py:372] - GH optimization model : Start
2022-10-21 10:57:46,697 INFO [GH_LOG] [GH_optimization_model_gu_seok _모델불러오기.py:372] - GH optimization model : Start
2022-10-21 11:02:06,659 INFO [GH_LOG] [GH_optimization_model_gu_seok_모델저장확인.py:371] - GH optimization model : Start
2022-10-21 11:02:13,068 INFO [GH_LOG] [GH_optimization_model_gu_seok_모델저장확인.py:340] - [37568]GH Model 실행 : 경영형-01_딸기:
2022-10-21 11:06:28,031 INFO [GH_LOG] [GH_optimization_model_gu_seok _모델불러오기.py:372] - GH optimization model : Start
2022-10-21 11:07:15,807 INFO [GH_LOG] [GH_optimization_model_gu_seok_모델저장확인.py:371] - GH optimization model : Start
2022-10-21 11:07:22,203 INFO [GH_LOG] [GH_optimization_model_gu_seok_모델저장확인.py:340] - [15892]GH Model 실행 : 경영형-01_딸기:
2022-10-21 11:09:37,114 ERROR [GH_LOG] [GH_optimization_model_gu_seok_모델저장확인.py:295] - 예측하기 오류 발생
2022-10-21 11:09:37,127 ERROR [GH_LOG] [GH_optimization_model_gu_seok_모델저장확인.py:363] - * 모듈 실행중 오류 발생 : cannot unpack non-iterable NoneType object
2022-10-21 11:09:38,237 INFO [GH_LOG] [GH_optimization_model_gu_seok_모델저장확인.py:383] - ** 모듈 실행 완료 > 총 실행시간 : 0:02:22.429252
2022-10-21 11:14:59,014 INFO [GH_LOG] [GH_optimization_model_gu_seok_모델저장확인.py:372] - GH optimization model : Start
2022-10-21 11:15:05,353 INFO [GH_LOG] [GH_optimization_model_gu_seok_모델저장확인.py:341] - [19696]GH Model 실행 : 경영형-01_딸기:
2022-10-21 11:16:26,860 ERROR [GH_LOG] [GH_optimization_model_gu_seok_모델저장확인.py:296] - 예측하기 오류 발생
2022-10-21 11:16:26,873 ERROR [GH_LOG] [GH_optimization_model_gu_seok_모델저장확인.py:364] - * 모듈 실행중 오류 발생 : cannot unpack non-iterable NoneType object
2022-10-21 11:16:27,939 INFO [GH_LOG] [GH_optimization_model_gu_seok_모델저장확인.py:384] - ** 모듈 실행 완료 > 총 실행시간 : 0:01:28.924581
2022-10-21 11:18:08,514 INFO [GH_LOG] [GH_optimization_model_gu_seok_모델저장확인.py:372] - GH optimization model : Start
2022-10-21 11:18:14,754 INFO [GH_LOG] [GH_optimization_model_gu_seok_모델저장확인.py:341] - [24024]GH Model 실행 : 경영형-01_딸기:
2022-10-21 11:19:37,225 ERROR [GH_LOG] [GH_optimization_model_gu_seok_모델저장확인.py:296] - 예측하기 오류 발생
2022-10-21 11:19:37,237 ERROR [GH_LOG] [GH_optimization_model_gu_seok_모델저장확인.py:364] - * 모듈 실행중 오류 발생 : cannot unpack non-iterable NoneType object
2022-10-21 11:19:38,309 INFO [GH_LOG] [GH_optimization_model_gu_seok_모델저장확인.py:384] - ** 모듈 실행 완료 > 총 실행시간 : 0:01:29.795149
2022-10-21 11:20:40,261 INFO [GH_LOG] [GH_optimization_model_gu_seok_모델저장확인.py:372] - GH optimization model : Start
2022-10-21 11:20:46,424 INFO [GH_LOG] [GH_optimization_model_gu_seok_모델저장확인.py:341] - [18932]GH Model 실행 : 경영형-01_딸기:
2022-10-21 11:22:07,822 ERROR [GH_LOG] [GH_optimization_model_gu_seok_모델저장확인.py:296] - 예측하기 오류 발생
2022-10-21 11:22:07,834 ERROR [GH_LOG] [GH_optimization_model_gu_seok_모델저장확인.py:364] - * 모듈 실행중 오류 발생 : cannot unpack non-iterable NoneType object
2022-10-21 11:22:08,925 INFO [GH_LOG] [GH_optimization_model_gu_seok_모델저장확인.py:384] - ** 모듈 실행 완료 > 총 실행시간 : 0:01:28.664131
2022-10-21 11:28:31,902 INFO [GH_LOG] [GH_optimization_model_gu_seok_모델저장확인.py:372] - GH optimization model : Start
2022-10-21 11:28:38,156 INFO [GH_LOG] [GH_optimization_model_gu_seok_모델저장확인.py:341] - [31812]GH Model 실행 : 경영형-01_딸기:
2022-10-21 11:30:00,414 ERROR [GH_LOG] [GH_optimization_model_gu_seok_모델저장확인.py:296] - 예측하기 오류 발생
2022-10-21 11:30:00,427 ERROR [GH_LOG] [GH_optimization_model_gu_seok_모델저장확인.py:364] - * 모듈 실행중 오류 발생 : cannot unpack non-iterable NoneType object
2022-10-21 11:30:01,495 INFO [GH_LOG] [GH_optimization_model_gu_seok_모델저장확인.py:384] - ** 모듈 실행 완료 > 총 실행시간 : 0:01:29.592572
2022-10-21 12:19:25,395 INFO [GH_LOG] [GH_optimization_model_gu_seok_모델저장확인.py:372] - GH optimization model : Start
2022-10-21 12:19:31,797 INFO [GH_LOG] [GH_optimization_model_gu_seok_모델저장확인.py:341] - [25400]GH Model 실행 : 경영형-01_딸기:
2022-10-21 12:20:54,083 ERROR [GH_LOG] [GH_optimization_model_gu_seok_모델저장확인.py:296] - 예측하기 오류 발생
2022-10-21 12:20:54,094 ERROR [GH_LOG] [GH_optimization_model_gu_seok_모델저장확인.py:364] - * 모듈 실행중 오류 발생 : cannot unpack non-iterable NoneType object
2022-10-21 12:20:55,205 INFO [GH_LOG] [GH_optimization_model_gu_seok_모델저장확인.py:384] - ** 모듈 실행 완료 > 총 실행시간 : 0:01:29.810087
2022-10-21 12:22:36,541 INFO [GH_LOG] [GH_optimization_model_gu_seok_모델저장확인.py:373] - GH optimization model : Start
2022-10-21 12:22:43,468 INFO [GH_LOG] [GH_optimization_model_gu_seok_모델저장확인.py:342] - [38632]GH Model 실행 : 경영형-01_딸기:
2022-10-21 12:24:06,685 INFO [GH_LOG] [GH_optimization_model_gu_seok_모델저장확인.py:335] - 경영형-01_딸기 - 결과 DB 저장 완료
2022-10-21 12:24:07,850 INFO [GH_LOG] [GH_optimization_model_gu_seok_모델저장확인.py:385] - ** 모듈 실행 완료 > 총 실행시간 : 0:01:31.308535
2022-10-21 12:31:29,936 INFO [GH_LOG] [GH_optimization_model_gu_seok_모델불러오기확인.py:316] - GH optimization model : Start
2022-10-21 12:31:36,501 INFO [GH_LOG] [GH_optimization_model_gu_seok_모델불러오기확인.py:285] - [37536]GH Model 실행 : 경영형-01_딸기:
2022-10-21 12:32:51,327 ERROR [GH_LOG] [GH_optimization_model_gu_seok_모델불러오기확인.py:240] - 예측하기 오류 발생
2022-10-21 12:32:51,328 ERROR [GH_LOG] [GH_optimization_model_gu_seok_모델불러오기확인.py:308] - * 모듈 실행중 오류 발생 : cannot unpack non-iterable NoneType object
2022-10-21 12:32:52,326 INFO [GH_LOG] [GH_optimization_model_gu_seok_모델불러오기확인.py:328] - ** 모듈 실행 완료 > 총 실행시간 : 0:01:22.388172
2022-10-21 12:33:49,400 INFO [GH_LOG] [GH_optimization_model_gu_seok_모델불러오기확인.py:316] - GH optimization model : Start
2022-10-21 12:33:56,103 INFO [GH_LOG] [GH_optimization_model_gu_seok_모델불러오기확인.py:285] - [37440]GH Model 실행 : 경영형-01_딸기:
2022-10-21 12:35:09,051 INFO [GH_LOG] [GH_optimization_model_gu_seok_모델불러오기확인.py:278] - 경영형-01_딸기 - 결과 DB 저장 완료
2022-10-21 12:35:10,074 INFO [GH_LOG] [GH_optimization_model_gu_seok_모델불러오기확인.py:328] - ** 모듈 실행 완료 > 총 실행시간 : 0:01:20.674189
2022-10-21 13:15:02,344 INFO [GH_LOG] [GH_optimization_model_gu_seok_모델불러오기확인.py:316] - GH optimization model : Start
2022-10-21 13:15:08,722 INFO [GH_LOG] [GH_optimization_model_gu_seok_모델불러오기확인.py:285] - [4012]GH Model 실행 : 경영형-01_딸기:
2022-10-21 13:16:23,110 INFO [GH_LOG] [GH_optimization_model_gu_seok_모델불러오기확인.py:278] - 경영형-01_딸기 - 결과 DB 저장 완료
2022-10-21 13:16:24,115 INFO [GH_LOG] [GH_optimization_model_gu_seok_모델불러오기확인.py:328] - ** 모듈 실행 완료 > 총 실행시간 : 0:01:21.770777
2022-10-21 13:18:09,793 INFO [GH_LOG] [GH_optimization_model_gu_seok_모델불러오기확인.py:316] - GH optimization model : Start
2022-10-21 13:18:16,256 INFO [GH_LOG] [GH_optimization_model_gu_seok_모델불러오기확인.py:285] - [37976]GH Model 실행 : 경영형-01_딸기:
2022-10-21 13:19:29,142 INFO [GH_LOG] [GH_optimization_model_gu_seok_모델불러오기확인.py:278] - 경영형-01_딸기 - 결과 DB 저장 완료
2022-10-21 13:19:30,129 INFO [GH_LOG] [GH_optimization_model_gu_seok_모델불러오기확인.py:328] - ** 모듈 실행 완료 > 총 실행시간 : 0:01:20.335990
2022-10-21 13:22:10,545 INFO [GH_LOG] [GH_optimization_model_gu_seok_모델저장확인.py:372] - GH optimization model : Start
2022-10-21 13:22:16,666 INFO [GH_LOG] [GH_optimization_model_gu_seok_모델저장확인.py:341] - [11696]GH Model 실행 : 경영형-01_딸기:
2022-10-21 13:23:29,333 ERROR [GH_LOG] [GH_optimization_model_gu_seok_모델저장확인.py:216] - 10분 단위 비어있는 데이터프레임 만들기 오류 발생
2022-10-21 13:23:29,339 ERROR [GH_LOG] [GH_optimization_model_gu_seok_모델저장확인.py:364] - * 모듈 실행중 오류 발생 : No active exception to reraise
2022-10-21 13:23:30,318 INFO [GH_LOG] [GH_optimization_model_gu_seok_모델저장확인.py:384] - ** 모듈 실행 완료 > 총 실행시간 : 0:01:19.773000
2022-10-21 13:26:21,224 INFO [GH_LOG] [GH_optimization_model_gu_seok_모델저장확인.py:372] - GH optimization model : Start
2022-10-21 13:26:27,850 INFO [GH_LOG] [GH_optimization_model_gu_seok_모델저장확인.py:341] - [33512]GH Model 실행 : 경영형-01_딸기:
2022-10-21 13:27:40,712 ERROR [GH_LOG] [GH_optimization_model_gu_seok_모델저장확인.py:216] - 10분 단위 비어있는 데이터프레임 만들기 오류 발생
2022-10-21 13:27:40,717 ERROR [GH_LOG] [GH_optimization_model_gu_seok_모델저장확인.py:364] - * 모듈 실행중 오류 발생 : No active exception to reraise
2022-10-21 13:27:41,750 INFO [GH_LOG] [GH_optimization_model_gu_seok_모델저장확인.py:384] - ** 모듈 실행 완료 > 총 실행시간 : 0:01:20.525922
2022-10-21 13:51:45,883 INFO [GH_LOG] [GH_optimization_model_gu_seok_모델저장확인.py:372] - GH optimization model : Start
2022-10-21 13:51:52,066 INFO [GH_LOG] [GH_optimization_model_gu_seok_모델저장확인.py:341] - [35368]GH Model 실행 : 경영형-01_딸기:
2022-10-21 13:53:03,882 ERROR [GH_LOG] [GH_optimization_model_gu_seok_모델저장확인.py:216] - 10분 단위 비어있는 데이터프레임 만들기 오류 발생
2022-10-21 13:53:03,886 ERROR [GH_LOG] [GH_optimization_model_gu_seok_모델저장확인.py:364] - * 모듈 실행중 오류 발생 : No active exception to reraise
2022-10-21 13:53:04,913 INFO [GH_LOG] [GH_optimization_model_gu_seok_모델저장확인.py:384] - ** 모듈 실행 완료 > 총 실행시간 : 0:01:19.029011
2022-10-21 14:21:24,719 INFO [GH_LOG] [GH_optimization_model_gu_seok_모델저장확인.py:372] - GH optimization model : Start
2022-10-21 14:21:31,116 INFO [GH_LOG] [GH_optimization_model_gu_seok_모델저장확인.py:341] - [27832]GH Model 실행 : 경영형-01_딸기:
2022-10-21 14:22:42,827 ERROR [GH_LOG] [GH_optimization_model_gu_seok_모델저장확인.py:216] - 10분 단위 비어있는 데이터프레임 만들기 오류 발생
2022-10-21 14:22:42,831 ERROR [GH_LOG] [GH_optimization_model_gu_seok_모델저장확인.py:364] - * 모듈 실행중 오류 발생 : No active exception to reraise
2022-10-21 14:22:43,735 INFO [GH_LOG] [GH_optimization_model_gu_seok_모델저장확인.py:384] - ** 모듈 실행 완료 > 총 실행시간 : 0:01:19.015014
2022-10-21 14:52:01,485 INFO [GH_LOG] [GH_optimization_model_gu_seok_모델저장확인.py:372] - GH optimization model : Start
2022-10-21 14:52:07,622 INFO [GH_LOG] [GH_optimization_model_gu_seok_모델저장확인.py:341] - [25656]GH Model 실행 : 경영형-01_딸기:
2022-10-21 14:53:29,686 INFO [GH_LOG] [GH_optimization_model_gu_seok_모델저장확인.py:334] - 경영형-01_딸기 - 결과 DB 저장 완료
2022-10-21 14:53:30,773 INFO [GH_LOG] [GH_optimization_model_gu_seok_모델저장확인.py:384] - ** 모듈 실행 완료 > 총 실행시간 : 0:01:29.288000
2022-10-21 17:27:54,401 INFO [GH_LOG] [GH_optimization_model_gu_seok_모델저장확인.py:372] - GH optimization model : Start
2022-10-21 17:28:00,590 INFO [GH_LOG] [GH_optimization_model_gu_seok_모델저장확인.py:341] - [24888]GH Model 실행 : 경영형-01_딸기:
2022-10-21 17:28:00,637 INFO [GH_LOG] [GH_optimization_model_gu_seok_모델저장확인.py:341] - [22364]GH Model 실행 : 경영형-02_메론:
2022-10-21 17:28:00,741 INFO [GH_LOG] [GH_optimization_model_gu_seok_모델저장확인.py:341] - [10840]GH Model 실행 : 경영형-03_토마토:
2022-10-21 17:28:00,746 INFO [GH_LOG] [GH_optimization_model_gu_seok_모델저장확인.py:341] - [9860]GH Model 실행 : 경영형-04_오이:
2022-10-21 17:29:27,941 ERROR [GH_LOG] [GH_optimization_model_gu_seok_모델저장확인.py:296] - 예측하기 오류 발생
2022-10-21 17:29:27,960 ERROR [GH_LOG] [GH_optimization_model_gu_seok_모델저장확인.py:364] - * 모듈 실행중 오류 발생 : cannot unpack non-iterable NoneType object
2022-10-21 17:29:28,490 INFO [GH_LOG] [GH_optimization_model_gu_seok_모델저장확인.py:341] - [22364]GH Model 실행 : 교육형-01_딸기:
2022-10-21 17:29:28,929 ERROR [GH_LOG] [GH_optimization_model_gu_seok_모델저장확인.py:296] - 예측하기 오류 발생
2022-10-21 17:29:28,946 ERROR [GH_LOG] [GH_optimization_model_gu_seok_모델저장확인.py:364] - * 모듈 실행중 오류 발생 : cannot unpack non-iterable NoneType object
2022-10-21 17:29:29,455 INFO [GH_LOG] [GH_optimization_model_gu_seok_모델저장확인.py:341] - [24888]GH Model 실행 : 교육형-02_메론:
2022-10-21 17:29:31,372 ERROR [GH_LOG] [GH_optimization_model_gu_seok_모델저장확인.py:296] - 예측하기 오류 발생
2022-10-21 17:29:31,389 ERROR [GH_LOG] [GH_optimization_model_gu_seok_모델저장확인.py:364] - * 모듈 실행중 오류 발생 : cannot unpack non-iterable NoneType object
2022-10-21 17:29:31,458 ERROR [GH_LOG] [GH_optimization_model_gu_seok_모델저장확인.py:296] - 예측하기 오류 발생
2022-10-21 17:29:31,480 ERROR [GH_LOG] [GH_optimization_model_gu_seok_모델저장확인.py:364] - * 모듈 실행중 오류 발생 : cannot unpack non-iterable NoneType object
2022-10-21 17:29:31,935 INFO [GH_LOG] [GH_optimization_model_gu_seok_모델저장확인.py:341] - [9860]GH Model 실행 : 교육형-03_토마토:
2022-10-21 17:29:31,987 INFO [GH_LOG] [GH_optimization_model_gu_seok_모델저장확인.py:341] - [10840]GH Model 실행 : 교육형-04_오이:
2022-10-21 17:30:55,873 ERROR [GH_LOG] [GH_optimization_model_gu_seok_모델저장확인.py:296] - 예측하기 오류 발생
2022-10-21 17:30:55,890 ERROR [GH_LOG] [GH_optimization_model_gu_seok_모델저장확인.py:364] - * 모듈 실행중 오류 발생 : cannot unpack non-iterable NoneType object
2022-10-21 17:30:55,963 ERROR [GH_LOG] [GH_optimization_model_gu_seok_모델저장확인.py:296] - 예측하기 오류 발생
2022-10-21 17:30:55,985 ERROR [GH_LOG] [GH_optimization_model_gu_seok_모델저장확인.py:364] - * 모듈 실행중 오류 발생 : cannot unpack non-iterable NoneType object
2022-10-21 17:30:56,513 INFO [GH_LOG] [GH_optimization_model_gu_seok_모델저장확인.py:341] - [24888]GH Model 실행 : 임대형1-04_오이:
2022-10-21 17:30:56,589 INFO [GH_LOG] [GH_optimization_model_gu_seok_모델저장확인.py:341] - [22364]GH Model 실행 : 임대형2-03_토마토:
2022-10-21 17:31:01,989 ERROR [GH_LOG] [GH_optimization_model_gu_seok_모델저장확인.py:296] - 예측하기 오류 발생
2022-10-21 17:31:02,006 ERROR [GH_LOG] [GH_optimization_model_gu_seok_모델저장확인.py:364] - * 모듈 실행중 오류 발생 : cannot unpack non-iterable NoneType object
2022-10-21 17:31:02,477 INFO [GH_LOG] [GH_optimization_model_gu_seok_모델저장확인.py:341] - [9860]GH Model 실행 : 임대형2-04_오이:
2022-10-21 17:31:03,104 ERROR [GH_LOG] [GH_optimization_model_gu_seok_모델저장확인.py:296] - 예측하기 오류 발생
2022-10-21 17:31:03,123 ERROR [GH_LOG] [GH_optimization_model_gu_seok_모델저장확인.py:364] - * 모듈 실행중 오류 발생 : cannot unpack non-iterable NoneType object
2022-10-21 17:32:22,928 ERROR [GH_LOG] [GH_optimization_model_gu_seok_모델저장확인.py:296] - 예측하기 오류 발생
2022-10-21 17:32:22,943 ERROR [GH_LOG] [GH_optimization_model_gu_seok_모델저장확인.py:364] - * 모듈 실행중 오류 발생 : cannot unpack non-iterable NoneType object
2022-10-21 17:32:23,390 ERROR [GH_LOG] [GH_optimization_model_gu_seok_모델저장확인.py:296] - 예측하기 오류 발생
2022-10-21 17:32:23,408 ERROR [GH_LOG] [GH_optimization_model_gu_seok_모델저장확인.py:364] - * 모듈 실행중 오류 발생 : cannot unpack non-iterable NoneType object
2022-10-21 17:32:29,501 ERROR [GH_LOG] [GH_optimization_model_gu_seok_모델저장확인.py:296] - 예측하기 오류 발생
2022-10-21 17:32:29,517 ERROR [GH_LOG] [GH_optimization_model_gu_seok_모델저장확인.py:364] - * 모듈 실행중 오류 발생 : cannot unpack non-iterable NoneType object
2022-10-21 17:32:30,807 INFO [GH_LOG] [GH_optimization_model_gu_seok_모델저장확인.py:394] - ** 모듈 실행 완료 > 총 실행시간 : 0:04:36.404998
2022-10-21 17:39:00,495 INFO [GH_LOG] [GH_optimization_model_gu_seok_모델저장확인.py:375] - GH optimization model : Start
2022-10-21 17:39:06,626 INFO [GH_LOG] [GH_optimization_model_gu_seok_모델저장확인.py:344] - [8544]GH Model 실행 : 경영형-01_딸기:
2022-10-21 17:39:06,674 INFO [GH_LOG] [GH_optimization_model_gu_seok_모델저장확인.py:344] - [16212]GH Model 실행 : 경영형-02_메론:
2022-10-21 17:39:06,760 INFO [GH_LOG] [GH_optimization_model_gu_seok_모델저장확인.py:344] - [37532]GH Model 실행 : 경영형-03_토마토:
2022-10-21 17:39:06,764 INFO [GH_LOG] [GH_optimization_model_gu_seok_모델저장확인.py:344] - [7636]GH Model 실행 : 경영형-04_오이:
2022-10-21 17:40:33,051 ERROR [GH_LOG] [GH_optimization_model_gu_seok_모델저장확인.py:367] - * 모듈 실행중 오류 발생 : cannot unpack non-iterable NoneType object
2022-10-21 17:40:33,579 INFO [GH_LOG] [GH_optimization_model_gu_seok_모델저장확인.py:344] - [8544]GH Model 실행 : 교육형-01_딸기:
2022-10-21 17:40:33,744 ERROR [GH_LOG] [GH_optimization_model_gu_seok_모델저장확인.py:367] - * 모듈 실행중 오류 발생 : cannot unpack non-iterable NoneType object
2022-10-21 17:40:34,240 INFO [GH_LOG] [GH_optimization_model_gu_seok_모델저장확인.py:344] - [16212]GH Model 실행 : 교육형-02_메론:
2022-10-21 17:40:36,361 ERROR [GH_LOG] [GH_optimization_model_gu_seok_모델저장확인.py:367] - * 모듈 실행중 오류 발생 : cannot unpack non-iterable NoneType object
2022-10-21 17:40:36,466 ERROR [GH_LOG] [GH_optimization_model_gu_seok_모델저장확인.py:367] - * 모듈 실행중 오류 발생 : cannot unpack non-iterable NoneType object
2022-10-21 17:40:36,905 INFO [GH_LOG] [GH_optimization_model_gu_seok_모델저장확인.py:344] - [7636]GH Model 실행 : 교육형-03_토마토:
2022-10-21 17:40:36,975 INFO [GH_LOG] [GH_optimization_model_gu_seok_모델저장확인.py:344] - [37532]GH Model 실행 : 교육형-04_오이:
2022-10-21 17:41:59,767 ERROR [GH_LOG] [GH_optimization_model_gu_seok_모델저장확인.py:367] - * 모듈 실행중 오류 발생 : cannot unpack non-iterable NoneType object
2022-10-21 17:42:00,319 INFO [GH_LOG] [GH_optimization_model_gu_seok_모델저장확인.py:344] - [8544]GH Model 실행 : 임대형1-04_오이:
2022-10-21 17:42:01,734 ERROR [GH_LOG] [GH_optimization_model_gu_seok_모델저장확인.py:367] - * 모듈 실행중 오류 발생 : cannot unpack non-iterable NoneType object
2022-10-21 17:42:02,238 INFO [GH_LOG] [GH_optimization_model_gu_seok_모델저장확인.py:344] - [16212]GH Model 실행 : 임대형2-03_토마토:
2022-10-21 17:42:06,974 ERROR [GH_LOG] [GH_optimization_model_gu_seok_모델저장확인.py:367] - * 모듈 실행중 오류 발생 : cannot unpack non-iterable NoneType object
2022-10-21 17:42:07,446 INFO [GH_LOG] [GH_optimization_model_gu_seok_모델저장확인.py:344] - [7636]GH Model 실행 : 임대형2-04_오이:
2022-10-21 17:42:07,732 ERROR [GH_LOG] [GH_optimization_model_gu_seok_모델저장확인.py:367] - * 모듈 실행중 오류 발생 : cannot unpack non-iterable NoneType object
2022-10-21 17:43:25,889 ERROR [GH_LOG] [GH_optimization_model_gu_seok_모델저장확인.py:367] - * 모듈 실행중 오류 발생 : cannot unpack non-iterable NoneType object
2022-10-21 17:43:28,372 ERROR [GH_LOG] [GH_optimization_model_gu_seok_모델저장확인.py:367] - * 모듈 실행중 오류 발생 : cannot unpack non-iterable NoneType object
2022-10-21 17:43:34,348 ERROR [GH_LOG] [GH_optimization_model_gu_seok_모델저장확인.py:367] - * 모듈 실행중 오류 발생 : cannot unpack non-iterable NoneType object
2022-10-21 17:43:35,606 INFO [GH_LOG] [GH_optimization_model_gu_seok_모델저장확인.py:397] - ** 모듈 실행 완료 > 총 실행시간 : 0:04:35.109997
