2022-10-20 19:39:46,781 INFO [GH_LOG] [GH_optimization_model_gu_seok.py:360] - GH optimization model : Start
2022-10-20 19:39:52,923 INFO [GH_LOG] [GH_optimization_model_gu_seok.py:329] - [38240]GH Model 실행 : 경영형-01_딸기:
2022-10-20 19:39:52,949 INFO [GH_LOG] [GH_optimization_model_gu_seok.py:329] - [30904]GH Model 실행 : 경영형-02_메론:
2022-10-20 19:39:53,150 INFO [GH_LOG] [GH_optimization_model_gu_seok.py:329] - [33504]GH Model 실행 : 경영형-03_토마토:
2022-10-20 19:39:53,159 INFO [GH_LOG] [GH_optimization_model_gu_seok.py:329] - [39020]GH Model 실행 : 경영형-04_오이:
2022-10-20 19:41:09,467 ERROR [GH_LOG] [GH_optimization_model_gu_seok.py:284] - 예측하기 오류 발생
2022-10-20 19:41:09,469 ERROR [GH_LOG] [GH_optimization_model_gu_seok.py:352] - * 모듈 실행중 오류 발생 : cannot unpack non-iterable NoneType object
2022-10-20 19:41:10,095 INFO [GH_LOG] [GH_optimization_model_gu_seok.py:329] - [38240]GH Model 실행 : 교육형-01_딸기:
2022-10-20 19:41:10,390 ERROR [GH_LOG] [GH_optimization_model_gu_seok.py:284] - 예측하기 오류 발생
2022-10-20 19:41:10,391 ERROR [GH_LOG] [GH_optimization_model_gu_seok.py:352] - * 모듈 실행중 오류 발생 : cannot unpack non-iterable NoneType object
2022-10-20 19:41:10,873 ERROR [GH_LOG] [GH_optimization_model_gu_seok.py:284] - 예측하기 오류 발생
2022-10-20 19:41:10,873 ERROR [GH_LOG] [GH_optimization_model_gu_seok.py:352] - * 모듈 실행중 오류 발생 : cannot unpack non-iterable NoneType object
2022-10-20 19:41:10,920 INFO [GH_LOG] [GH_optimization_model_gu_seok.py:329] - [33504]GH Model 실행 : 교육형-02_메론:
2022-10-20 19:41:10,953 ERROR [GH_LOG] [GH_optimization_model_gu_seok.py:284] - 예측하기 오류 발생
2022-10-20 19:41:10,954 ERROR [GH_LOG] [GH_optimization_model_gu_seok.py:352] - * 모듈 실행중 오류 발생 : cannot unpack non-iterable NoneType object
2022-10-20 19:41:11,391 INFO [GH_LOG] [GH_optimization_model_gu_seok.py:329] - [30904]GH Model 실행 : 교육형-03_토마토:
2022-10-20 19:41:11,504 INFO [GH_LOG] [GH_optimization_model_gu_seok.py:329] - [39020]GH Model 실행 : 교육형-04_오이:
2022-10-20 19:42:26,119 ERROR [GH_LOG] [GH_optimization_model_gu_seok.py:284] - 예측하기 오류 발생
2022-10-20 19:42:26,120 ERROR [GH_LOG] [GH_optimization_model_gu_seok.py:352] - * 모듈 실행중 오류 발생 : cannot unpack non-iterable NoneType object
2022-10-20 19:42:26,835 INFO [GH_LOG] [GH_optimization_model_gu_seok.py:329] - [38240]GH Model 실행 : 임대형1-04_오이:
2022-10-20 19:42:28,464 ERROR [GH_LOG] [GH_optimization_model_gu_seok.py:284] - 예측하기 오류 발생
2022-10-20 19:42:28,464 ERROR [GH_LOG] [GH_optimization_model_gu_seok.py:352] - * 모듈 실행중 오류 발생 : cannot unpack non-iterable NoneType object
2022-10-20 19:42:28,562 ERROR [GH_LOG] [GH_optimization_model_gu_seok.py:284] - 예측하기 오류 발생
2022-10-20 19:42:28,563 ERROR [GH_LOG] [GH_optimization_model_gu_seok.py:352] - * 모듈 실행중 오류 발생 : cannot unpack non-iterable NoneType object
2022-10-20 19:42:29,083 INFO [GH_LOG] [GH_optimization_model_gu_seok.py:329] - [33504]GH Model 실행 : 임대형2-03_토마토:
2022-10-20 19:42:29,153 INFO [GH_LOG] [GH_optimization_model_gu_seok.py:329] - [30904]GH Model 실행 : 임대형2-04_오이:
2022-10-20 19:42:29,440 ERROR [GH_LOG] [GH_optimization_model_gu_seok.py:284] - 예측하기 오류 발생
2022-10-20 19:42:29,441 ERROR [GH_LOG] [GH_optimization_model_gu_seok.py:352] - * 모듈 실행중 오류 발생 : cannot unpack non-iterable NoneType object
2022-10-20 19:43:40,387 ERROR [GH_LOG] [GH_optimization_model_gu_seok.py:284] - 예측하기 오류 발생
2022-10-20 19:43:40,388 ERROR [GH_LOG] [GH_optimization_model_gu_seok.py:352] - * 모듈 실행중 오류 발생 : cannot unpack non-iterable NoneType object
2022-10-20 19:50:11,700 INFO [GH_LOG] [GH_optimization_model_gu_seok.py:360] - GH optimization model : Start
2022-10-20 19:50:17,868 INFO [GH_LOG] [GH_optimization_model_gu_seok.py:329] - [18936]GH Model 실행 : 경영형-01_딸기:
2022-10-20 19:50:17,879 INFO [GH_LOG] [GH_optimization_model_gu_seok.py:329] - [18916]GH Model 실행 : 경영형-02_메론:
2022-10-20 19:50:17,969 INFO [GH_LOG] [GH_optimization_model_gu_seok.py:329] - [18764]GH Model 실행 : 경영형-03_토마토:
2022-10-20 19:50:17,989 INFO [GH_LOG] [GH_optimization_model_gu_seok.py:329] - [12224]GH Model 실행 : 경영형-04_오이:
2022-10-20 19:51:33,469 ERROR [GH_LOG] [GH_optimization_model_gu_seok.py:284] - 예측하기 오류 발생
2022-10-20 19:51:33,470 ERROR [GH_LOG] [GH_optimization_model_gu_seok.py:352] - * 모듈 실행중 오류 발생 : cannot unpack non-iterable NoneType object
2022-10-20 19:51:33,810 ERROR [GH_LOG] [GH_optimization_model_gu_seok.py:284] - 예측하기 오류 발생
2022-10-20 19:51:33,811 ERROR [GH_LOG] [GH_optimization_model_gu_seok.py:352] - * 모듈 실행중 오류 발생 : cannot unpack non-iterable NoneType object
2022-10-20 19:51:33,996 ERROR [GH_LOG] [GH_optimization_model_gu_seok.py:284] - 예측하기 오류 발생
2022-10-20 19:51:33,997 ERROR [GH_LOG] [GH_optimization_model_gu_seok.py:352] - * 모듈 실행중 오류 발생 : cannot unpack non-iterable NoneType object
2022-10-20 19:51:34,037 INFO [GH_LOG] [GH_optimization_model_gu_seok.py:329] - [18936]GH Model 실행 : 교육형-01_딸기:
2022-10-20 19:51:34,265 ERROR [GH_LOG] [GH_optimization_model_gu_seok.py:284] - 예측하기 오류 발생
2022-10-20 19:51:34,265 ERROR [GH_LOG] [GH_optimization_model_gu_seok.py:352] - * 모듈 실행중 오류 발생 : cannot unpack non-iterable NoneType object
2022-10-20 19:51:34,338 INFO [GH_LOG] [GH_optimization_model_gu_seok.py:329] - [18764]GH Model 실행 : 교육형-02_메론:
2022-10-20 19:51:34,507 INFO [GH_LOG] [GH_optimization_model_gu_seok.py:329] - [12224]GH Model 실행 : 교육형-03_토마토:
2022-10-20 19:51:34,800 INFO [GH_LOG] [GH_optimization_model_gu_seok.py:329] - [18916]GH Model 실행 : 교육형-04_오이:
2022-10-20 20:07:02,913 INFO [GH_LOG] [GH_optimization_model_gu_seok.py:360] - GH optimization model : Start
2022-10-20 20:07:08,965 INFO [GH_LOG] [GH_optimization_model_gu_seok.py:329] - [18332]GH Model 실행 : 경영형-01_딸기:
2022-10-20 20:07:08,999 INFO [GH_LOG] [GH_optimization_model_gu_seok.py:329] - [18904]GH Model 실행 : 경영형-02_메론:
2022-10-20 20:07:09,179 INFO [GH_LOG] [GH_optimization_model_gu_seok.py:329] - [18752]GH Model 실행 : 경영형-03_토마토:
2022-10-20 20:07:09,200 INFO [GH_LOG] [GH_optimization_model_gu_seok.py:329] - [18828]GH Model 실행 : 경영형-04_오이:
2022-10-20 20:08:25,249 ERROR [GH_LOG] [GH_optimization_model_gu_seok.py:284] - 예측하기 오류 발생
2022-10-20 20:08:25,250 ERROR [GH_LOG] [GH_optimization_model_gu_seok.py:352] - * 모듈 실행중 오류 발생 : cannot unpack non-iterable NoneType object
2022-10-20 20:08:25,522 ERROR [GH_LOG] [GH_optimization_model_gu_seok.py:284] - 예측하기 오류 발생
2022-10-20 20:08:25,522 ERROR [GH_LOG] [GH_optimization_model_gu_seok.py:352] - * 모듈 실행중 오류 발생 : cannot unpack non-iterable NoneType object
2022-10-20 20:08:25,632 ERROR [GH_LOG] [GH_optimization_model_gu_seok.py:284] - 예측하기 오류 발생
2022-10-20 20:08:25,632 ERROR [GH_LOG] [GH_optimization_model_gu_seok.py:352] - * 모듈 실행중 오류 발생 : cannot unpack non-iterable NoneType object
2022-10-20 20:08:25,823 INFO [GH_LOG] [GH_optimization_model_gu_seok.py:329] - [18904]GH Model 실행 : 교육형-01_딸기:
2022-10-20 20:08:26,134 INFO [GH_LOG] [GH_optimization_model_gu_seok.py:329] - [18752]GH Model 실행 : 교육형-02_메론:
2022-10-20 20:08:26,262 INFO [GH_LOG] [GH_optimization_model_gu_seok.py:329] - [18828]GH Model 실행 : 교육형-03_토마토:
2022-10-20 20:08:26,503 ERROR [GH_LOG] [GH_optimization_model_gu_seok.py:284] - 예측하기 오류 발생
2022-10-20 20:08:26,504 ERROR [GH_LOG] [GH_optimization_model_gu_seok.py:352] - * 모듈 실행중 오류 발생 : cannot unpack non-iterable NoneType object
2022-10-20 20:08:26,892 INFO [GH_LOG] [GH_optimization_model_gu_seok.py:329] - [18332]GH Model 실행 : 교육형-04_오이:
2022-10-20 20:09:28,138 INFO [GH_LOG] [GH_optimization_model_gu_seok.py:360] - GH optimization model : Start
2022-10-20 20:09:34,185 INFO [GH_LOG] [GH_optimization_model_gu_seok.py:329] - [24936]GH Model 실행 : 경영형-01_딸기:
2022-10-20 20:09:34,201 INFO [GH_LOG] [GH_optimization_model_gu_seok.py:329] - [16252]GH Model 실행 : 경영형-02_메론:
2022-10-20 20:09:34,374 INFO [GH_LOG] [GH_optimization_model_gu_seok.py:329] - [35240]GH Model 실행 : 경영형-03_토마토:
2022-10-20 20:09:34,374 INFO [GH_LOG] [GH_optimization_model_gu_seok.py:329] - [12908]GH Model 실행 : 경영형-04_오이:
2022-10-20 20:10:50,152 ERROR [GH_LOG] [GH_optimization_model_gu_seok.py:284] - 예측하기 오류 발생
2022-10-20 20:10:50,158 ERROR [GH_LOG] [GH_optimization_model_gu_seok.py:352] - * 모듈 실행중 오류 발생 : cannot unpack non-iterable NoneType object
2022-10-20 20:10:50,743 ERROR [GH_LOG] [GH_optimization_model_gu_seok.py:284] - 예측하기 오류 발생
2022-10-20 20:10:50,749 ERROR [GH_LOG] [GH_optimization_model_gu_seok.py:352] - * 모듈 실행중 오류 발생 : cannot unpack non-iterable NoneType object
2022-10-20 20:10:50,771 INFO [GH_LOG] [GH_optimization_model_gu_seok.py:329] - [24936]GH Model 실행 : 교육형-01_딸기:
2022-10-20 20:10:51,286 ERROR [GH_LOG] [GH_optimization_model_gu_seok.py:284] - 예측하기 오류 발생
2022-10-20 20:10:51,290 ERROR [GH_LOG] [GH_optimization_model_gu_seok.py:352] - * 모듈 실행중 오류 발생 : cannot unpack non-iterable NoneType object
2022-10-20 20:10:51,332 INFO [GH_LOG] [GH_optimization_model_gu_seok.py:329] - [12908]GH Model 실행 : 교육형-02_메론:
2022-10-20 20:10:51,591 ERROR [GH_LOG] [GH_optimization_model_gu_seok.py:284] - 예측하기 오류 발생
2022-10-20 20:10:51,595 ERROR [GH_LOG] [GH_optimization_model_gu_seok.py:352] - * 모듈 실행중 오류 발생 : cannot unpack non-iterable NoneType object
2022-10-20 20:10:51,744 INFO [GH_LOG] [GH_optimization_model_gu_seok.py:329] - [16252]GH Model 실행 : 교육형-03_토마토:
2022-10-20 20:10:51,974 INFO [GH_LOG] [GH_optimization_model_gu_seok.py:329] - [35240]GH Model 실행 : 교육형-04_오이:
2022-10-20 20:12:05,505 ERROR [GH_LOG] [GH_optimization_model_gu_seok.py:284] - 예측하기 오류 발생
2022-10-20 20:12:05,509 ERROR [GH_LOG] [GH_optimization_model_gu_seok.py:352] - * 모듈 실행중 오류 발생 : cannot unpack non-iterable NoneType object
2022-10-20 20:12:06,265 INFO [GH_LOG] [GH_optimization_model_gu_seok.py:329] - [24936]GH Model 실행 : 임대형1-04_오이:
2022-10-20 20:12:07,303 ERROR [GH_LOG] [GH_optimization_model_gu_seok.py:284] - 예측하기 오류 발생
2022-10-20 20:12:07,308 ERROR [GH_LOG] [GH_optimization_model_gu_seok.py:352] - * 모듈 실행중 오류 발생 : cannot unpack non-iterable NoneType object
2022-10-20 20:12:07,869 INFO [GH_LOG] [GH_optimization_model_gu_seok.py:329] - [12908]GH Model 실행 : 임대형2-03_토마토:
2022-10-20 20:12:08,395 ERROR [GH_LOG] [GH_optimization_model_gu_seok.py:284] - 예측하기 오류 발생
2022-10-20 20:12:08,399 ERROR [GH_LOG] [GH_optimization_model_gu_seok.py:352] - * 모듈 실행중 오류 발생 : cannot unpack non-iterable NoneType object
2022-10-20 20:12:08,842 ERROR [GH_LOG] [GH_optimization_model_gu_seok.py:284] - 예측하기 오류 발생
2022-10-20 20:12:08,847 ERROR [GH_LOG] [GH_optimization_model_gu_seok.py:352] - * 모듈 실행중 오류 발생 : cannot unpack non-iterable NoneType object
2022-10-20 20:12:08,881 INFO [GH_LOG] [GH_optimization_model_gu_seok.py:329] - [16252]GH Model 실행 : 임대형2-04_오이:
2022-10-20 20:13:19,446 ERROR [GH_LOG] [GH_optimization_model_gu_seok.py:284] - 예측하기 오류 발생
2022-10-20 20:13:19,448 ERROR [GH_LOG] [GH_optimization_model_gu_seok.py:352] - * 모듈 실행중 오류 발생 : cannot unpack non-iterable NoneType object
2022-10-20 20:13:21,621 ERROR [GH_LOG] [GH_optimization_model_gu_seok.py:284] - 예측하기 오류 발생
2022-10-20 20:13:21,625 ERROR [GH_LOG] [GH_optimization_model_gu_seok.py:352] - * 모듈 실행중 오류 발생 : cannot unpack non-iterable NoneType object
2022-10-20 20:13:22,455 ERROR [GH_LOG] [GH_optimization_model_gu_seok.py:284] - 예측하기 오류 발생
2022-10-20 20:13:22,459 ERROR [GH_LOG] [GH_optimization_model_gu_seok.py:352] - * 모듈 실행중 오류 발생 : cannot unpack non-iterable NoneType object
2022-10-20 20:15:02,419 INFO [GH_LOG] [GH_optimization_model_gu_seok.py:360] - GH optimization model : Start
2022-10-20 20:15:08,468 INFO [GH_LOG] [GH_optimization_model_gu_seok.py:329] - [17460]GH Model 실행 : 경영형-01_딸기:
2022-10-20 20:15:08,491 INFO [GH_LOG] [GH_optimization_model_gu_seok.py:329] - [39968]GH Model 실행 : 경영형-02_메론:
2022-10-20 20:15:08,590 INFO [GH_LOG] [GH_optimization_model_gu_seok.py:329] - [23740]GH Model 실행 : 경영형-03_토마토:
2022-10-20 20:15:08,636 INFO [GH_LOG] [GH_optimization_model_gu_seok.py:329] - [21812]GH Model 실행 : 경영형-04_오이:
2022-10-20 20:16:25,645 ERROR [root] [GH_optimization_model_gu_seok.py:71] - train 데이터셋 만드는 중 오류 발생
2022-10-20 20:16:25,649 ERROR [GH_LOG] [GH_optimization_model_gu_seok.py:284] - 예측하기 오류 발생
2022-10-20 20:16:25,654 ERROR [GH_LOG] [GH_optimization_model_gu_seok.py:352] - * 모듈 실행중 오류 발생 : cannot unpack non-iterable NoneType object
2022-10-20 20:16:25,945 ERROR [root] [GH_optimization_model_gu_seok.py:71] - train 데이터셋 만드는 중 오류 발생
2022-10-20 20:16:25,947 ERROR [GH_LOG] [GH_optimization_model_gu_seok.py:284] - 예측하기 오류 발생
2022-10-20 20:16:25,954 ERROR [GH_LOG] [GH_optimization_model_gu_seok.py:352] - * 모듈 실행중 오류 발생 : cannot unpack non-iterable NoneType object
2022-10-20 20:16:26,192 INFO [GH_LOG] [GH_optimization_model_gu_seok.py:329] - [39968]GH Model 실행 : 교육형-01_딸기:
2022-10-20 20:16:26,389 ERROR [root] [GH_optimization_model_gu_seok.py:71] - train 데이터셋 만드는 중 오류 발생
2022-10-20 20:16:26,392 ERROR [GH_LOG] [GH_optimization_model_gu_seok.py:284] - 예측하기 오류 발생
2022-10-20 20:16:26,397 ERROR [GH_LOG] [GH_optimization_model_gu_seok.py:352] - * 모듈 실행중 오류 발생 : cannot unpack non-iterable NoneType object
2022-10-20 20:16:26,519 INFO [GH_LOG] [GH_optimization_model_gu_seok.py:329] - [17460]GH Model 실행 : 교육형-02_메론:
2022-10-20 20:16:26,978 INFO [GH_LOG] [GH_optimization_model_gu_seok.py:329] - [21812]GH Model 실행 : 교육형-03_토마토:
2022-10-20 20:16:27,149 ERROR [root] [GH_optimization_model_gu_seok.py:71] - train 데이터셋 만드는 중 오류 발생
2022-10-20 20:16:27,151 ERROR [GH_LOG] [GH_optimization_model_gu_seok.py:284] - 예측하기 오류 발생
2022-10-20 20:16:27,155 ERROR [GH_LOG] [GH_optimization_model_gu_seok.py:352] - * 모듈 실행중 오류 발생 : cannot unpack non-iterable NoneType object
2022-10-20 20:16:27,540 INFO [GH_LOG] [GH_optimization_model_gu_seok.py:329] - [23740]GH Model 실행 : 교육형-04_오이:
2022-10-20 20:17:42,347 ERROR [root] [GH_optimization_model_gu_seok.py:71] - train 데이터셋 만드는 중 오류 발생
2022-10-20 20:17:42,347 ERROR [GH_LOG] [GH_optimization_model_gu_seok.py:284] - 예측하기 오류 발생
2022-10-20 20:17:42,360 ERROR [GH_LOG] [GH_optimization_model_gu_seok.py:352] - * 모듈 실행중 오류 발생 : cannot unpack non-iterable NoneType object
2022-10-20 20:17:42,987 INFO [GH_LOG] [GH_optimization_model_gu_seok.py:329] - [39968]GH Model 실행 : 임대형1-04_오이:
2022-10-20 20:17:43,164 ERROR [root] [GH_optimization_model_gu_seok.py:71] - train 데이터셋 만드는 중 오류 발생
2022-10-20 20:17:43,166 ERROR [GH_LOG] [GH_optimization_model_gu_seok.py:284] - 예측하기 오류 발생
2022-10-20 20:17:43,170 ERROR [GH_LOG] [GH_optimization_model_gu_seok.py:352] - * 모듈 실행중 오류 발생 : cannot unpack non-iterable NoneType object
2022-10-20 20:17:43,758 INFO [GH_LOG] [GH_optimization_model_gu_seok.py:329] - [21812]GH Model 실행 : 임대형2-03_토마토:
2022-10-20 20:17:44,159 ERROR [root] [GH_optimization_model_gu_seok.py:71] - train 데이터셋 만드는 중 오류 발생
2022-10-20 20:17:44,161 ERROR [GH_LOG] [GH_optimization_model_gu_seok.py:284] - 예측하기 오류 발생
2022-10-20 20:17:44,164 ERROR [GH_LOG] [GH_optimization_model_gu_seok.py:352] - * 모듈 실행중 오류 발생 : cannot unpack non-iterable NoneType object
2022-10-20 20:17:44,171 ERROR [root] [GH_optimization_model_gu_seok.py:71] - train 데이터셋 만드는 중 오류 발생
2022-10-20 20:17:44,173 ERROR [GH_LOG] [GH_optimization_model_gu_seok.py:284] - 예측하기 오류 발생
2022-10-20 20:17:44,179 ERROR [GH_LOG] [GH_optimization_model_gu_seok.py:352] - * 모듈 실행중 오류 발생 : cannot unpack non-iterable NoneType object
2022-10-20 20:17:44,616 INFO [GH_LOG] [GH_optimization_model_gu_seok.py:329] - [23740]GH Model 실행 : 임대형2-04_오이:
2022-10-20 20:23:03,852 INFO [GH_LOG] [GH_optimization_model_gu_seok.py:360] - GH optimization model : Start
2022-10-20 20:23:09,967 INFO [GH_LOG] [GH_optimization_model_gu_seok.py:329] - [15932]GH Model 실행 : 경영형-01_딸기:
2022-10-20 20:23:09,988 INFO [GH_LOG] [GH_optimization_model_gu_seok.py:329] - [28944]GH Model 실행 : 경영형-02_메론:
2022-10-20 20:23:10,139 INFO [GH_LOG] [GH_optimization_model_gu_seok.py:329] - [17932]GH Model 실행 : 경영형-03_토마토:
2022-10-20 20:23:10,139 INFO [GH_LOG] [GH_optimization_model_gu_seok.py:329] - [17464]GH Model 실행 : 경영형-04_오이:
2022-10-20 20:24:26,568 ERROR [root] [GH_optimization_model_gu_seok.py:71] - train 데이터셋 만드는 중 오류 발생
2022-10-20 20:24:26,571 ERROR [GH_LOG] [GH_optimization_model_gu_seok.py:284] - 예측하기 오류 발생
2022-10-20 20:24:26,575 ERROR [GH_LOG] [GH_optimization_model_gu_seok.py:352] - * 모듈 실행중 오류 발생 : cannot unpack non-iterable NoneType object
2022-10-20 20:24:27,150 INFO [GH_LOG] [GH_optimization_model_gu_seok.py:329] - [15932]GH Model 실행 : 교육형-01_딸기:
2022-10-20 20:24:27,187 ERROR [root] [GH_optimization_model_gu_seok.py:71] - train 데이터셋 만드는 중 오류 발생
2022-10-20 20:24:27,189 ERROR [GH_LOG] [GH_optimization_model_gu_seok.py:284] - 예측하기 오류 발생
2022-10-20 20:24:27,193 ERROR [GH_LOG] [GH_optimization_model_gu_seok.py:352] - * 모듈 실행중 오류 발생 : cannot unpack non-iterable NoneType object
2022-10-20 20:24:27,558 ERROR [root] [GH_optimization_model_gu_seok.py:71] - train 데이터셋 만드는 중 오류 발생
2022-10-20 20:24:27,564 ERROR [GH_LOG] [GH_optimization_model_gu_seok.py:284] - 예측하기 오류 발생
2022-10-20 20:24:27,571 ERROR [GH_LOG] [GH_optimization_model_gu_seok.py:352] - * 모듈 실행중 오류 발생 : cannot unpack non-iterable NoneType object
2022-10-20 20:24:27,776 INFO [GH_LOG] [GH_optimization_model_gu_seok.py:329] - [17464]GH Model 실행 : 교육형-02_메론:
2022-10-20 20:24:28,111 INFO [GH_LOG] [GH_optimization_model_gu_seok.py:329] - [17932]GH Model 실행 : 교육형-03_토마토:
2022-10-20 20:24:28,591 ERROR [root] [GH_optimization_model_gu_seok.py:71] - train 데이터셋 만드는 중 오류 발생
2022-10-20 20:24:28,593 ERROR [GH_LOG] [GH_optimization_model_gu_seok.py:284] - 예측하기 오류 발생
2022-10-20 20:24:28,596 ERROR [GH_LOG] [GH_optimization_model_gu_seok.py:352] - * 모듈 실행중 오류 발생 : cannot unpack non-iterable NoneType object
2022-10-20 20:24:28,973 INFO [GH_LOG] [GH_optimization_model_gu_seok.py:329] - [28944]GH Model 실행 : 교육형-04_오이:
2022-10-20 20:35:06,698 INFO [GH_LOG] [GH_optimization_model_gu_seok.py:362] - GH optimization model : Start
2022-10-20 20:35:12,887 INFO [GH_LOG] [GH_optimization_model_gu_seok.py:331] - [31956]GH Model 실행 : 경영형-01_딸기:
2022-10-20 20:35:12,887 INFO [GH_LOG] [GH_optimization_model_gu_seok.py:331] - [27620]GH Model 실행 : 경영형-02_메론:
2022-10-20 20:35:12,942 INFO [GH_LOG] [GH_optimization_model_gu_seok.py:331] - [18836]GH Model 실행 : 경영형-03_토마토:
2022-10-20 20:35:12,956 INFO [GH_LOG] [GH_optimization_model_gu_seok.py:331] - [36564]GH Model 실행 : 경영형-04_오이:
2022-10-20 20:36:29,309 ERROR [root] [GH_optimization_model_gu_seok.py:73] - train 데이터셋 만드는 중 오류 발생
2022-10-20 20:36:29,313 ERROR [GH_LOG] [GH_optimization_model_gu_seok.py:286] - 예측하기 오류 발생
2022-10-20 20:36:29,319 ERROR [GH_LOG] [GH_optimization_model_gu_seok.py:354] - * 모듈 실행중 오류 발생 : cannot unpack non-iterable NoneType object
2022-10-20 20:36:29,950 ERROR [root] [GH_optimization_model_gu_seok.py:73] - train 데이터셋 만드는 중 오류 발생
2022-10-20 20:36:29,953 ERROR [GH_LOG] [GH_optimization_model_gu_seok.py:286] - 예측하기 오류 발생
2022-10-20 20:36:29,959 INFO [GH_LOG] [GH_optimization_model_gu_seok.py:331] - [27620]GH Model 실행 : 교육형-01_딸기:
2022-10-20 20:36:29,959 ERROR [GH_LOG] [GH_optimization_model_gu_seok.py:354] - * 모듈 실행중 오류 발생 : cannot unpack non-iterable NoneType object
2022-10-20 20:36:30,479 ERROR [root] [GH_optimization_model_gu_seok.py:73] - train 데이터셋 만드는 중 오류 발생
2022-10-20 20:36:30,487 ERROR [GH_LOG] [GH_optimization_model_gu_seok.py:286] - 예측하기 오류 발생
2022-10-20 20:36:30,493 ERROR [GH_LOG] [GH_optimization_model_gu_seok.py:354] - * 모듈 실행중 오류 발생 : cannot unpack non-iterable NoneType object
2022-10-20 20:36:30,578 INFO [GH_LOG] [GH_optimization_model_gu_seok.py:331] - [31956]GH Model 실행 : 교육형-02_메론:
2022-10-20 20:36:30,989 INFO [GH_LOG] [GH_optimization_model_gu_seok.py:331] - [18836]GH Model 실행 : 교육형-03_토마토:
2022-10-20 20:36:31,717 ERROR [root] [GH_optimization_model_gu_seok.py:73] - train 데이터셋 만드는 중 오류 발생
2022-10-20 20:36:31,725 ERROR [GH_LOG] [GH_optimization_model_gu_seok.py:286] - 예측하기 오류 발생
2022-10-20 20:36:31,730 ERROR [GH_LOG] [GH_optimization_model_gu_seok.py:354] - * 모듈 실행중 오류 발생 : cannot unpack non-iterable NoneType object
2022-10-20 20:36:32,090 INFO [GH_LOG] [GH_optimization_model_gu_seok.py:331] - [36564]GH Model 실행 : 교육형-04_오이:
2022-10-20 20:40:53,920 INFO [GH_LOG] [GH_optimization_model_gu_seok.py:362] - GH optimization model : Start
2022-10-20 20:41:00,118 INFO [GH_LOG] [GH_optimization_model_gu_seok.py:331] - [36488]GH Model 실행 : 경영형-01_딸기:
2022-10-20 20:41:00,118 INFO [GH_LOG] [GH_optimization_model_gu_seok.py:331] - [37936]GH Model 실행 : 경영형-02_메론:
2022-10-20 20:41:00,191 INFO [GH_LOG] [GH_optimization_model_gu_seok.py:331] - [21656]GH Model 실행 : 경영형-03_토마토:
2022-10-20 20:41:00,202 INFO [GH_LOG] [GH_optimization_model_gu_seok.py:331] - [19864]GH Model 실행 : 경영형-04_오이:
2022-10-20 20:42:15,997 ERROR [root] [GH_optimization_model_gu_seok.py:73] - train 데이터셋 만드는 중 오류 발생
2022-10-20 20:42:16,008 ERROR [GH_LOG] [GH_optimization_model_gu_seok.py:286] - 예측하기 오류 발생
2022-10-20 20:42:16,013 ERROR [GH_LOG] [GH_optimization_model_gu_seok.py:354] - * 모듈 실행중 오류 발생 : cannot unpack non-iterable NoneType object
2022-10-20 20:42:16,217 ERROR [root] [GH_optimization_model_gu_seok.py:73] - train 데이터셋 만드는 중 오류 발생
2022-10-20 20:42:16,223 ERROR [GH_LOG] [GH_optimization_model_gu_seok.py:286] - 예측하기 오류 발생
2022-10-20 20:42:16,227 ERROR [GH_LOG] [GH_optimization_model_gu_seok.py:354] - * 모듈 실행중 오류 발생 : cannot unpack non-iterable NoneType object
2022-10-20 20:42:16,597 INFO [GH_LOG] [GH_optimization_model_gu_seok.py:331] - [36488]GH Model 실행 : 교육형-01_딸기:
2022-10-20 20:42:16,865 INFO [GH_LOG] [GH_optimization_model_gu_seok.py:331] - [37936]GH Model 실행 : 교육형-02_메론:
2022-10-20 20:42:17,279 ERROR [root] [GH_optimization_model_gu_seok.py:73] - train 데이터셋 만드는 중 오류 발생
2022-10-20 20:42:17,286 ERROR [GH_LOG] [GH_optimization_model_gu_seok.py:286] - 예측하기 오류 발생
2022-10-20 20:42:17,291 ERROR [GH_LOG] [GH_optimization_model_gu_seok.py:354] - * 모듈 실행중 오류 발생 : cannot unpack non-iterable NoneType object
2022-10-20 20:42:17,744 INFO [GH_LOG] [GH_optimization_model_gu_seok.py:331] - [19864]GH Model 실행 : 교육형-03_토마토:
2022-10-20 20:42:18,387 ERROR [root] [GH_optimization_model_gu_seok.py:73] - train 데이터셋 만드는 중 오류 발생
2022-10-20 20:42:18,390 ERROR [GH_LOG] [GH_optimization_model_gu_seok.py:286] - 예측하기 오류 발생
2022-10-20 20:42:18,392 ERROR [GH_LOG] [GH_optimization_model_gu_seok.py:354] - * 모듈 실행중 오류 발생 : cannot unpack non-iterable NoneType object
2022-10-20 20:42:18,771 INFO [GH_LOG] [GH_optimization_model_gu_seok.py:331] - [21656]GH Model 실행 : 교육형-04_오이:
2022-10-20 21:08:31,326 INFO [GH_LOG] [GH_optimization_model_gu_seok.py:362] - GH optimization model : Start
2022-10-20 21:08:37,455 INFO [GH_LOG] [GH_optimization_model_gu_seok.py:331] - [10716]GH Model 실행 : 경영형-01_딸기:
2022-10-20 21:08:37,463 INFO [GH_LOG] [GH_optimization_model_gu_seok.py:331] - [27556]GH Model 실행 : 경영형-02_메론:
2022-10-20 21:08:37,620 INFO [GH_LOG] [GH_optimization_model_gu_seok.py:331] - [12280]GH Model 실행 : 경영형-03_토마토:
2022-10-20 21:08:37,620 INFO [GH_LOG] [GH_optimization_model_gu_seok.py:331] - [14348]GH Model 실행 : 경영형-04_오이:
2022-10-20 21:09:54,245 ERROR [root] [GH_optimization_model_gu_seok.py:73] - train 데이터셋 만드는 중 오류 발생
2022-10-20 21:09:54,247 ERROR [GH_LOG] [GH_optimization_model_gu_seok.py:286] - 예측하기 오류 발생
2022-10-20 21:09:54,252 ERROR [GH_LOG] [GH_optimization_model_gu_seok.py:354] - * 모듈 실행중 오류 발생 : cannot unpack non-iterable NoneType object
2022-10-20 21:09:54,892 INFO [GH_LOG] [GH_optimization_model_gu_seok.py:331] - [14348]GH Model 실행 : 교육형-01_딸기:
2022-10-20 21:09:55,191 ERROR [root] [GH_optimization_model_gu_seok.py:73] - train 데이터셋 만드는 중 오류 발생
2022-10-20 21:09:55,194 ERROR [GH_LOG] [GH_optimization_model_gu_seok.py:286] - 예측하기 오류 발생
2022-10-20 21:09:55,199 ERROR [GH_LOG] [GH_optimization_model_gu_seok.py:354] - * 모듈 실행중 오류 발생 : cannot unpack non-iterable NoneType object
2022-10-20 21:09:55,256 ERROR [root] [GH_optimization_model_gu_seok.py:73] - train 데이터셋 만드는 중 오류 발생
2022-10-20 21:09:55,259 ERROR [GH_LOG] [GH_optimization_model_gu_seok.py:286] - 예측하기 오류 발생
2022-10-20 21:09:55,263 ERROR [GH_LOG] [GH_optimization_model_gu_seok.py:354] - * 모듈 실행중 오류 발생 : cannot unpack non-iterable NoneType object
2022-10-20 21:09:55,705 ERROR [root] [GH_optimization_model_gu_seok.py:73] - train 데이터셋 만드는 중 오류 발생
2022-10-20 21:09:55,708 ERROR [GH_LOG] [GH_optimization_model_gu_seok.py:286] - 예측하기 오류 발생
2022-10-20 21:09:55,712 ERROR [GH_LOG] [GH_optimization_model_gu_seok.py:354] - * 모듈 실행중 오류 발생 : cannot unpack non-iterable NoneType object
2022-10-20 21:09:55,716 INFO [GH_LOG] [GH_optimization_model_gu_seok.py:331] - [10716]GH Model 실행 : 교육형-02_메론:
2022-10-20 21:09:55,769 INFO [GH_LOG] [GH_optimization_model_gu_seok.py:331] - [12280]GH Model 실행 : 교육형-03_토마토:
2022-10-20 21:09:56,215 INFO [GH_LOG] [GH_optimization_model_gu_seok.py:331] - [27556]GH Model 실행 : 교육형-04_오이:
2022-10-20 21:24:32,223 INFO [GH_LOG] [GH_optimization_model_gu_seok.py:362] - GH optimization model : Start
2022-10-20 21:24:38,296 INFO [GH_LOG] [GH_optimization_model_gu_seok.py:331] - [31772]GH Model 실행 : 경영형-01_딸기:
2022-10-20 21:24:38,331 INFO [GH_LOG] [GH_optimization_model_gu_seok.py:331] - [34116]GH Model 실행 : 경영형-02_메론:
2022-10-20 21:24:38,459 INFO [GH_LOG] [GH_optimization_model_gu_seok.py:331] - [18336]GH Model 실행 : 경영형-03_토마토:
2022-10-20 21:24:38,480 INFO [GH_LOG] [GH_optimization_model_gu_seok.py:331] - [36420]GH Model 실행 : 경영형-04_오이:
2022-10-20 21:25:57,167 ERROR [root] [GH_optimization_model_gu_seok.py:73] - train 데이터셋 만드는 중 오류 발생
2022-10-20 21:25:57,171 ERROR [GH_LOG] [GH_optimization_model_gu_seok.py:286] - 예측하기 오류 발생
2022-10-20 21:25:57,178 ERROR [GH_LOG] [GH_optimization_model_gu_seok.py:354] - * 모듈 실행중 오류 발생 : cannot unpack non-iterable NoneType object
2022-10-20 21:25:57,494 ERROR [root] [GH_optimization_model_gu_seok.py:73] - train 데이터셋 만드는 중 오류 발생
2022-10-20 21:25:57,498 ERROR [GH_LOG] [GH_optimization_model_gu_seok.py:286] - 예측하기 오류 발생
2022-10-20 21:25:57,504 ERROR [GH_LOG] [GH_optimization_model_gu_seok.py:354] - * 모듈 실행중 오류 발생 : cannot unpack non-iterable NoneType object
2022-10-20 21:25:57,576 ERROR [root] [GH_optimization_model_gu_seok.py:73] - train 데이터셋 만드는 중 오류 발생
2022-10-20 21:25:57,579 ERROR [GH_LOG] [GH_optimization_model_gu_seok.py:286] - 예측하기 오류 발생
2022-10-20 21:25:57,579 ERROR [root] [GH_optimization_model_gu_seok.py:73] - train 데이터셋 만드는 중 오류 발생
2022-10-20 21:25:57,582 ERROR [GH_LOG] [GH_optimization_model_gu_seok.py:286] - 예측하기 오류 발생
2022-10-20 21:25:57,583 ERROR [GH_LOG] [GH_optimization_model_gu_seok.py:354] - * 모듈 실행중 오류 발생 : cannot unpack non-iterable NoneType object
2022-10-20 21:25:57,586 ERROR [GH_LOG] [GH_optimization_model_gu_seok.py:354] - * 모듈 실행중 오류 발생 : cannot unpack non-iterable NoneType object
2022-10-20 21:25:57,681 INFO [GH_LOG] [GH_optimization_model_gu_seok.py:331] - [31772]GH Model 실행 : 교육형-01_딸기:
2022-10-20 21:25:58,111 INFO [GH_LOG] [GH_optimization_model_gu_seok.py:331] - [34116]GH Model 실행 : 교육형-02_메론:
2022-10-20 21:25:58,224 INFO [GH_LOG] [GH_optimization_model_gu_seok.py:331] - [18336]GH Model 실행 : 교육형-03_토마토:
2022-10-20 21:25:58,227 INFO [GH_LOG] [GH_optimization_model_gu_seok.py:331] - [36420]GH Model 실행 : 교육형-04_오이:
2022-10-20 21:32:50,864 INFO [GH_LOG] [GH_optimization_model_gu_seok.py:361] - GH optimization model : Start
2022-10-20 21:32:56,897 INFO [GH_LOG] [GH_optimization_model_gu_seok.py:330] - [35740]GH Model 실행 : 경영형-01_딸기:
2022-10-20 21:32:56,994 INFO [GH_LOG] [GH_optimization_model_gu_seok.py:330] - [16948]GH Model 실행 : 경영형-02_메론:
2022-10-20 21:32:57,084 INFO [GH_LOG] [GH_optimization_model_gu_seok.py:330] - [35880]GH Model 실행 : 경영형-03_토마토:
2022-10-20 21:32:57,125 INFO [GH_LOG] [GH_optimization_model_gu_seok.py:330] - [21864]GH Model 실행 : 경영형-04_오이:
2022-10-20 21:34:15,389 ERROR [root] [GH_optimization_model_gu_seok.py:72] - train 데이터셋 만드는 중 오류 발생
2022-10-20 21:34:15,395 ERROR [GH_LOG] [GH_optimization_model_gu_seok.py:285] - 예측하기 오류 발생
2022-10-20 21:34:15,401 ERROR [GH_LOG] [GH_optimization_model_gu_seok.py:353] - * 모듈 실행중 오류 발생 : cannot unpack non-iterable NoneType object
2022-10-20 21:34:16,064 INFO [GH_LOG] [GH_optimization_model_gu_seok.py:330] - [35740]GH Model 실행 : 교육형-01_딸기:
2022-10-20 21:34:16,462 ERROR [root] [GH_optimization_model_gu_seok.py:72] - train 데이터셋 만드는 중 오류 발생
2022-10-20 21:34:16,464 ERROR [GH_LOG] [GH_optimization_model_gu_seok.py:285] - 예측하기 오류 발생
2022-10-20 21:34:16,469 ERROR [GH_LOG] [GH_optimization_model_gu_seok.py:353] - * 모듈 실행중 오류 발생 : cannot unpack non-iterable NoneType object
2022-10-20 21:34:16,530 ERROR [root] [GH_optimization_model_gu_seok.py:72] - train 데이터셋 만드는 중 오류 발생
2022-10-20 21:34:16,532 ERROR [GH_LOG] [GH_optimization_model_gu_seok.py:285] - 예측하기 오류 발생
2022-10-20 21:34:16,536 ERROR [GH_LOG] [GH_optimization_model_gu_seok.py:353] - * 모듈 실행중 오류 발생 : cannot unpack non-iterable NoneType object
2022-10-20 21:34:17,051 INFO [GH_LOG] [GH_optimization_model_gu_seok.py:330] - [21864]GH Model 실행 : 교육형-02_메론:
2022-10-20 21:34:17,055 INFO [GH_LOG] [GH_optimization_model_gu_seok.py:330] - [35880]GH Model 실행 : 교육형-03_토마토:
2022-10-20 21:34:17,125 ERROR [root] [GH_optimization_model_gu_seok.py:72] - train 데이터셋 만드는 중 오류 발생
2022-10-20 21:34:17,127 ERROR [GH_LOG] [GH_optimization_model_gu_seok.py:285] - 예측하기 오류 발생
2022-10-20 21:34:17,130 ERROR [GH_LOG] [GH_optimization_model_gu_seok.py:353] - * 모듈 실행중 오류 발생 : cannot unpack non-iterable NoneType object
2022-10-20 21:34:17,586 INFO [GH_LOG] [GH_optimization_model_gu_seok.py:330] - [16948]GH Model 실행 : 교육형-04_오이:
2022-10-20 21:35:30,906 INFO [GH_LOG] [GH_optimization_model_gu_seok.py:362] - GH optimization model : Start
2022-10-20 21:35:36,959 INFO [GH_LOG] [GH_optimization_model_gu_seok.py:331] - [39368]GH Model 실행 : 경영형-01_딸기:
2022-10-20 21:35:36,985 INFO [GH_LOG] [GH_optimization_model_gu_seok.py:331] - [29356]GH Model 실행 : 경영형-02_메론:
2022-10-20 21:35:37,150 INFO [GH_LOG] [GH_optimization_model_gu_seok.py:331] - [32388]GH Model 실행 : 경영형-03_토마토:
2022-10-20 21:35:37,168 INFO [GH_LOG] [GH_optimization_model_gu_seok.py:331] - [20016]GH Model 실행 : 경영형-04_오이:
2022-10-20 21:36:55,437 ERROR [root] [GH_optimization_model_gu_seok.py:73] - train 데이터셋 만드는 중 오류 발생
2022-10-20 21:36:55,440 ERROR [GH_LOG] [GH_optimization_model_gu_seok.py:286] - 예측하기 오류 발생
2022-10-20 21:36:55,446 ERROR [GH_LOG] [GH_optimization_model_gu_seok.py:354] - * 모듈 실행중 오류 발생 : cannot unpack non-iterable NoneType object
2022-10-20 21:36:55,840 ERROR [root] [GH_optimization_model_gu_seok.py:73] - train 데이터셋 만드는 중 오류 발생
2022-10-20 21:36:55,842 ERROR [GH_LOG] [GH_optimization_model_gu_seok.py:286] - 예측하기 오류 발생
2022-10-20 21:36:55,846 ERROR [GH_LOG] [GH_optimization_model_gu_seok.py:354] - * 모듈 실행중 오류 발생 : cannot unpack non-iterable NoneType object
2022-10-20 21:36:56,026 INFO [GH_LOG] [GH_optimization_model_gu_seok.py:331] - [20016]GH Model 실행 : 교육형-01_딸기:
2022-10-20 21:36:56,150 ERROR [root] [GH_optimization_model_gu_seok.py:73] - train 데이터셋 만드는 중 오류 발생
2022-10-20 21:36:56,152 ERROR [GH_LOG] [GH_optimization_model_gu_seok.py:286] - 예측하기 오류 발생
2022-10-20 21:36:56,157 ERROR [GH_LOG] [GH_optimization_model_gu_seok.py:354] - * 모듈 실행중 오류 발생 : cannot unpack non-iterable NoneType object
2022-10-20 21:36:56,356 INFO [GH_LOG] [GH_optimization_model_gu_seok.py:331] - [29356]GH Model 실행 : 교육형-02_메론:
2022-10-20 21:36:56,553 ERROR [root] [GH_optimization_model_gu_seok.py:73] - train 데이터셋 만드는 중 오류 발생
2022-10-20 21:36:56,558 ERROR [GH_LOG] [GH_optimization_model_gu_seok.py:286] - 예측하기 오류 발생
2022-10-20 21:36:56,564 ERROR [GH_LOG] [GH_optimization_model_gu_seok.py:354] - * 모듈 실행중 오류 발생 : cannot unpack non-iterable NoneType object
2022-10-20 21:36:56,658 INFO [GH_LOG] [GH_optimization_model_gu_seok.py:331] - [32388]GH Model 실행 : 교육형-03_토마토:
2022-10-20 21:36:57,003 INFO [GH_LOG] [GH_optimization_model_gu_seok.py:331] - [39368]GH Model 실행 : 교육형-04_오이:
2022-10-20 21:38:04,033 INFO [GH_LOG] [GH_optimization_model_gu_seok.py:362] - GH optimization model : Start
2022-10-20 21:38:10,175 INFO [GH_LOG] [GH_optimization_model_gu_seok.py:331] - [27900]GH Model 실행 : 경영형-01_딸기:
2022-10-20 21:38:10,175 INFO [GH_LOG] [GH_optimization_model_gu_seok.py:331] - [9512]GH Model 실행 : 경영형-02_메론:
2022-10-20 21:38:10,302 INFO [GH_LOG] [GH_optimization_model_gu_seok.py:331] - [24504]GH Model 실행 : 경영형-03_토마토:
2022-10-20 21:38:10,322 INFO [GH_LOG] [GH_optimization_model_gu_seok.py:331] - [38484]GH Model 실행 : 경영형-04_오이:
2022-10-20 21:39:28,683 ERROR [root] [GH_optimization_model_gu_seok.py:73] - train 데이터셋 만드는 중 오류 발생
2022-10-20 21:39:28,686 ERROR [GH_LOG] [GH_optimization_model_gu_seok.py:286] - 예측하기 오류 발생
2022-10-20 21:39:28,691 ERROR [GH_LOG] [GH_optimization_model_gu_seok.py:354] - * 모듈 실행중 오류 발생 : cannot unpack non-iterable NoneType object
2022-10-20 21:39:29,216 ERROR [root] [GH_optimization_model_gu_seok.py:73] - train 데이터셋 만드는 중 오류 발생
2022-10-20 21:39:29,218 ERROR [GH_LOG] [GH_optimization_model_gu_seok.py:286] - 예측하기 오류 발생
2022-10-20 21:39:29,222 ERROR [GH_LOG] [GH_optimization_model_gu_seok.py:354] - * 모듈 실행중 오류 발생 : cannot unpack non-iterable NoneType object
2022-10-20 21:39:29,340 INFO [GH_LOG] [GH_optimization_model_gu_seok.py:331] - [27900]GH Model 실행 : 교육형-01_딸기:
2022-10-20 21:39:29,636 ERROR [root] [GH_optimization_model_gu_seok.py:73] - train 데이터셋 만드는 중 오류 발생
2022-10-20 21:39:29,638 ERROR [GH_LOG] [GH_optimization_model_gu_seok.py:286] - 예측하기 오류 발생
2022-10-20 21:39:29,641 ERROR [GH_LOG] [GH_optimization_model_gu_seok.py:354] - * 모듈 실행중 오류 발생 : cannot unpack non-iterable NoneType object
2022-10-20 21:39:29,742 INFO [GH_LOG] [GH_optimization_model_gu_seok.py:331] - [9512]GH Model 실행 : 교육형-02_메론:
2022-10-20 21:39:30,089 ERROR [root] [GH_optimization_model_gu_seok.py:73] - train 데이터셋 만드는 중 오류 발생
2022-10-20 21:39:30,097 ERROR [GH_LOG] [GH_optimization_model_gu_seok.py:286] - 예측하기 오류 발생
2022-10-20 21:39:30,102 ERROR [GH_LOG] [GH_optimization_model_gu_seok.py:354] - * 모듈 실행중 오류 발생 : cannot unpack non-iterable NoneType object
2022-10-20 21:39:30,126 INFO [GH_LOG] [GH_optimization_model_gu_seok.py:331] - [24504]GH Model 실행 : 교육형-03_토마토:
2022-10-20 21:39:30,591 INFO [GH_LOG] [GH_optimization_model_gu_seok.py:331] - [38484]GH Model 실행 : 교육형-04_오이:
2022-10-20 21:40:23,792 INFO [GH_LOG] [GH_optimization_model_gu_seok.py:362] - GH optimization model : Start
2022-10-20 21:40:29,885 INFO [GH_LOG] [GH_optimization_model_gu_seok.py:331] - [36208]GH Model 실행 : 경영형-01_딸기:
2022-10-20 21:40:29,896 INFO [GH_LOG] [GH_optimization_model_gu_seok.py:331] - [20048]GH Model 실행 : 경영형-02_메론:
2022-10-20 21:40:30,051 INFO [GH_LOG] [GH_optimization_model_gu_seok.py:331] - [15336]GH Model 실행 : 경영형-03_토마토:
2022-10-20 21:40:30,055 INFO [GH_LOG] [GH_optimization_model_gu_seok.py:331] - [32764]GH Model 실행 : 경영형-04_오이:
2022-10-20 21:41:48,745 ERROR [root] [GH_optimization_model_gu_seok.py:73] - train 데이터셋 만드는 중 오류 발생
2022-10-20 21:41:48,745 ERROR [GH_LOG] [GH_optimization_model_gu_seok.py:286] - 예측하기 오류 발생
2022-10-20 21:41:48,757 ERROR [GH_LOG] [GH_optimization_model_gu_seok.py:354] - * 모듈 실행중 오류 발생 : cannot unpack non-iterable NoneType object
2022-10-20 21:41:49,425 INFO [GH_LOG] [GH_optimization_model_gu_seok.py:331] - [32764]GH Model 실행 : 교육형-01_딸기:
2022-10-20 21:41:49,634 ERROR [root] [GH_optimization_model_gu_seok.py:73] - train 데이터셋 만드는 중 오류 발생
2022-10-20 21:41:49,636 ERROR [GH_LOG] [GH_optimization_model_gu_seok.py:286] - 예측하기 오류 발생
2022-10-20 21:41:49,642 ERROR [GH_LOG] [GH_optimization_model_gu_seok.py:354] - * 모듈 실행중 오류 발생 : cannot unpack non-iterable NoneType object
2022-10-20 21:41:49,745 ERROR [root] [GH_optimization_model_gu_seok.py:73] - train 데이터셋 만드는 중 오류 발생
2022-10-20 21:41:49,748 ERROR [GH_LOG] [GH_optimization_model_gu_seok.py:286] - 예측하기 오류 발생
2022-10-20 21:41:49,754 ERROR [GH_LOG] [GH_optimization_model_gu_seok.py:354] - * 모듈 실행중 오류 발생 : cannot unpack non-iterable NoneType object
2022-10-20 21:41:50,188 INFO [GH_LOG] [GH_optimization_model_gu_seok.py:331] - [20048]GH Model 실행 : 교육형-02_메론:
2022-10-20 21:41:50,236 INFO [GH_LOG] [GH_optimization_model_gu_seok.py:331] - [36208]GH Model 실행 : 교육형-03_토마토:
2022-10-20 21:41:50,295 ERROR [root] [GH_optimization_model_gu_seok.py:73] - train 데이터셋 만드는 중 오류 발생
2022-10-20 21:41:50,297 ERROR [GH_LOG] [GH_optimization_model_gu_seok.py:286] - 예측하기 오류 발생
2022-10-20 21:41:50,301 ERROR [GH_LOG] [GH_optimization_model_gu_seok.py:354] - * 모듈 실행중 오류 발생 : cannot unpack non-iterable NoneType object
2022-10-20 21:41:50,690 INFO [GH_LOG] [GH_optimization_model_gu_seok.py:331] - [15336]GH Model 실행 : 교육형-04_오이:
2022-10-20 21:42:37,031 INFO [GH_LOG] [GH_optimization_model.py:366] - GH optimization model : Start
2022-10-20 21:42:43,082 INFO [GH_LOG] [GH_optimization_model.py:335] - [17520]GH Model 실행 : 경영형-01_딸기:
2022-10-20 21:42:43,134 INFO [GH_LOG] [GH_optimization_model.py:335] - [38524]GH Model 실행 : 경영형-02_메론:
2022-10-20 21:42:43,286 INFO [GH_LOG] [GH_optimization_model.py:335] - [16672]GH Model 실행 : 경영형-03_토마토:
2022-10-20 21:42:43,286 INFO [GH_LOG] [GH_optimization_model.py:335] - [26164]GH Model 실행 : 경영형-04_오이:
2022-10-20 21:46:56,063 INFO [GH_LOG] [GH_optimization_model.py:366] - GH optimization model : Start
2022-10-20 21:47:02,142 INFO [GH_LOG] [GH_optimization_model.py:335] - [13576]GH Model 실행 : 경영형-01_딸기:
2022-10-20 21:47:02,179 INFO [GH_LOG] [GH_optimization_model.py:335] - [26916]GH Model 실행 : 경영형-02_메론:
2022-10-20 21:47:02,332 INFO [GH_LOG] [GH_optimization_model.py:335] - [37068]GH Model 실행 : 경영형-03_토마토:
2022-10-20 21:47:02,332 INFO [GH_LOG] [GH_optimization_model.py:335] - [5280]GH Model 실행 : 경영형-04_오이:
2022-10-20 21:48:49,485 INFO [GH_LOG] [GH_optimization_model_gu_seok.py:362] - GH optimization model : Start
2022-10-20 21:48:55,514 INFO [GH_LOG] [GH_optimization_model_gu_seok.py:331] - [34928]GH Model 실행 : 경영형-01_딸기:
2022-10-20 21:48:55,543 INFO [GH_LOG] [GH_optimization_model_gu_seok.py:331] - [6948]GH Model 실행 : 경영형-02_메론:
2022-10-20 21:48:55,732 INFO [GH_LOG] [GH_optimization_model_gu_seok.py:331] - [30380]GH Model 실행 : 경영형-03_토마토:
2022-10-20 21:48:55,740 INFO [GH_LOG] [GH_optimization_model_gu_seok.py:331] - [25404]GH Model 실행 : 경영형-04_오이:
2022-10-20 21:50:14,319 ERROR [root] [GH_optimization_model_gu_seok.py:73] - train 데이터셋 만드는 중 오류 발생
2022-10-20 21:50:14,322 ERROR [GH_LOG] [GH_optimization_model_gu_seok.py:286] - 예측하기 오류 발생
2022-10-20 21:50:14,327 ERROR [GH_LOG] [GH_optimization_model_gu_seok.py:354] - * 모듈 실행중 오류 발생 : cannot unpack non-iterable NoneType object
2022-10-20 21:50:14,390 ERROR [root] [GH_optimization_model_gu_seok.py:73] - train 데이터셋 만드는 중 오류 발생
2022-10-20 21:50:14,392 ERROR [GH_LOG] [GH_optimization_model_gu_seok.py:286] - 예측하기 오류 발생
2022-10-20 21:50:14,397 ERROR [GH_LOG] [GH_optimization_model_gu_seok.py:354] - * 모듈 실행중 오류 발생 : cannot unpack non-iterable NoneType object
2022-10-20 21:50:14,882 INFO [GH_LOG] [GH_optimization_model_gu_seok.py:331] - [34928]GH Model 실행 : 교육형-01_딸기:
2022-10-20 21:50:14,921 ERROR [root] [GH_optimization_model_gu_seok.py:73] - train 데이터셋 만드는 중 오류 발생
2022-10-20 21:50:14,923 ERROR [GH_LOG] [GH_optimization_model_gu_seok.py:286] - 예측하기 오류 발생
2022-10-20 21:50:14,927 ERROR [GH_LOG] [GH_optimization_model_gu_seok.py:354] - * 모듈 실행중 오류 발생 : cannot unpack non-iterable NoneType object
2022-10-20 21:50:14,929 INFO [GH_LOG] [GH_optimization_model_gu_seok.py:331] - [6948]GH Model 실행 : 교육형-02_메론:
2022-10-20 21:50:15,474 INFO [GH_LOG] [GH_optimization_model_gu_seok.py:331] - [25404]GH Model 실행 : 교육형-03_토마토:
2022-10-20 21:50:15,678 ERROR [root] [GH_optimization_model_gu_seok.py:73] - train 데이터셋 만드는 중 오류 발생
2022-10-20 21:50:15,685 ERROR [GH_LOG] [GH_optimization_model_gu_seok.py:286] - 예측하기 오류 발생
2022-10-20 21:50:15,690 ERROR [GH_LOG] [GH_optimization_model_gu_seok.py:354] - * 모듈 실행중 오류 발생 : cannot unpack non-iterable NoneType object
2022-10-20 21:50:16,081 INFO [GH_LOG] [GH_optimization_model_gu_seok.py:331] - [30380]GH Model 실행 : 교육형-04_오이:
2022-10-20 22:32:47,711 INFO [GH_LOG] [GH_optimization_model_gu_seok.py:362] - GH optimization model : Start
2022-10-20 22:32:53,853 INFO [GH_LOG] [GH_optimization_model_gu_seok.py:331] - [2168]GH Model 실행 : 경영형-01_딸기:
2022-10-20 22:32:53,921 INFO [GH_LOG] [GH_optimization_model_gu_seok.py:331] - [35132]GH Model 실행 : 경영형-02_메론:
2022-10-20 22:32:53,978 INFO [GH_LOG] [GH_optimization_model_gu_seok.py:331] - [25808]GH Model 실행 : 경영형-03_토마토:
2022-10-20 22:32:54,012 INFO [GH_LOG] [GH_optimization_model_gu_seok.py:331] - [40116]GH Model 실행 : 경영형-04_오이:
2022-10-20 22:34:10,978 ERROR [root] [GH_optimization_model_gu_seok.py:73] - train 데이터셋 만드는 중 오류 발생
2022-10-20 22:34:10,988 ERROR [GH_LOG] [GH_optimization_model_gu_seok.py:286] - 예측하기 오류 발생
2022-10-20 22:34:10,995 ERROR [GH_LOG] [GH_optimization_model_gu_seok.py:354] - * 모듈 실행중 오류 발생 : cannot unpack non-iterable NoneType object
2022-10-20 22:34:11,677 INFO [GH_LOG] [GH_optimization_model_gu_seok.py:331] - [2168]GH Model 실행 : 교육형-01_딸기:
2022-10-20 22:34:11,992 ERROR [root] [GH_optimization_model_gu_seok.py:73] - train 데이터셋 만드는 중 오류 발생
2022-10-20 22:34:11,997 ERROR [GH_LOG] [GH_optimization_model_gu_seok.py:286] - 예측하기 오류 발생
2022-10-20 22:34:12,005 ERROR [GH_LOG] [GH_optimization_model_gu_seok.py:354] - * 모듈 실행중 오류 발생 : cannot unpack non-iterable NoneType object
2022-10-20 22:34:12,526 INFO [GH_LOG] [GH_optimization_model_gu_seok.py:331] - [35132]GH Model 실행 : 교육형-02_메론:
2022-10-20 22:34:13,406 ERROR [root] [GH_optimization_model_gu_seok.py:73] - train 데이터셋 만드는 중 오류 발생
2022-10-20 22:34:13,409 ERROR [GH_LOG] [GH_optimization_model_gu_seok.py:286] - 예측하기 오류 발생
2022-10-20 22:34:13,412 ERROR [GH_LOG] [GH_optimization_model_gu_seok.py:354] - * 모듈 실행중 오류 발생 : cannot unpack non-iterable NoneType object
2022-10-20 22:34:13,717 ERROR [root] [GH_optimization_model_gu_seok.py:73] - train 데이터셋 만드는 중 오류 발생
2022-10-20 22:34:13,720 ERROR [GH_LOG] [GH_optimization_model_gu_seok.py:286] - 예측하기 오류 발생
2022-10-20 22:34:13,724 ERROR [GH_LOG] [GH_optimization_model_gu_seok.py:354] - * 모듈 실행중 오류 발생 : cannot unpack non-iterable NoneType object
2022-10-20 22:34:13,863 INFO [GH_LOG] [GH_optimization_model_gu_seok.py:331] - [40116]GH Model 실행 : 교육형-03_토마토:
2022-10-20 22:34:14,172 INFO [GH_LOG] [GH_optimization_model_gu_seok.py:331] - [25808]GH Model 실행 : 교육형-04_오이:
2022-10-20 22:50:31,621 INFO [GH_LOG] [GH_optimization_model_gu_seok.py:361] - GH optimization model : Start
2022-10-20 22:50:38,120 INFO [GH_LOG] [GH_optimization_model_gu_seok.py:330] - [40492]GH Model 실행 : 경영형-01_딸기:
2022-10-20 22:50:38,127 INFO [GH_LOG] [GH_optimization_model_gu_seok.py:330] - [35412]GH Model 실행 : 경영형-02_메론:
2022-10-20 22:50:38,205 INFO [GH_LOG] [GH_optimization_model_gu_seok.py:330] - [32352]GH Model 실행 : 경영형-03_토마토:
2022-10-20 22:50:38,243 INFO [GH_LOG] [GH_optimization_model_gu_seok.py:330] - [10140]GH Model 실행 : 경영형-04_오이:
2022-10-20 22:51:54,310 ERROR [GH_LOG] [GH_optimization_model_gu_seok.py:285] - 예측하기 오류 발생
2022-10-20 22:51:54,311 ERROR [GH_LOG] [GH_optimization_model_gu_seok.py:353] - * 모듈 실행중 오류 발생 : cannot unpack non-iterable NoneType object
2022-10-20 22:51:54,633 ERROR [GH_LOG] [GH_optimization_model_gu_seok.py:285] - 예측하기 오류 발생
2022-10-20 22:51:54,633 ERROR [GH_LOG] [GH_optimization_model_gu_seok.py:353] - * 모듈 실행중 오류 발생 : cannot unpack non-iterable NoneType object
2022-10-20 22:51:54,946 INFO [GH_LOG] [GH_optimization_model_gu_seok.py:330] - [40492]GH Model 실행 : 교육형-01_딸기:
2022-10-20 22:51:55,179 INFO [GH_LOG] [GH_optimization_model_gu_seok.py:330] - [35412]GH Model 실행 : 교육형-02_메론:
2022-10-20 22:51:55,558 ERROR [GH_LOG] [GH_optimization_model_gu_seok.py:285] - 예측하기 오류 발생
2022-10-20 22:51:55,558 ERROR [GH_LOG] [GH_optimization_model_gu_seok.py:353] - * 모듈 실행중 오류 발생 : cannot unpack non-iterable NoneType object
2022-10-20 22:51:55,748 ERROR [GH_LOG] [GH_optimization_model_gu_seok.py:285] - 예측하기 오류 발생
2022-10-20 22:51:55,749 ERROR [GH_LOG] [GH_optimization_model_gu_seok.py:353] - * 모듈 실행중 오류 발생 : cannot unpack non-iterable NoneType object
2022-10-20 22:51:56,022 INFO [GH_LOG] [GH_optimization_model_gu_seok.py:330] - [10140]GH Model 실행 : 교육형-03_토마토:
2022-10-20 22:51:56,166 INFO [GH_LOG] [GH_optimization_model_gu_seok.py:330] - [32352]GH Model 실행 : 교육형-04_오이:
2022-10-20 22:55:56,459 INFO [GH_LOG] [GH_optimization_model_gu_seok.py:361] - GH optimization model : Start
2022-10-20 22:56:02,628 INFO [GH_LOG] [GH_optimization_model_gu_seok.py:330] - [24352]GH Model 실행 : 경영형-01_딸기:
2022-10-20 22:56:02,659 INFO [GH_LOG] [GH_optimization_model_gu_seok.py:330] - [17676]GH Model 실행 : 경영형-02_메론:
2022-10-20 22:56:02,785 INFO [GH_LOG] [GH_optimization_model_gu_seok.py:330] - [20444]GH Model 실행 : 경영형-03_토마토:
2022-10-20 22:56:02,823 INFO [GH_LOG] [GH_optimization_model_gu_seok.py:330] - [23224]GH Model 실행 : 경영형-04_오이:
2022-10-20 22:57:20,187 ERROR [root] [GH_optimization_model_gu_seok.py:72] - train 데이터셋 만드는 중 오류 발생
2022-10-20 22:57:20,190 ERROR [GH_LOG] [GH_optimization_model_gu_seok.py:285] - 예측하기 오류 발생
2022-10-20 22:57:20,194 ERROR [GH_LOG] [GH_optimization_model_gu_seok.py:353] - * 모듈 실행중 오류 발생 : cannot unpack non-iterable NoneType object
2022-10-20 22:57:20,239 ERROR [root] [GH_optimization_model_gu_seok.py:72] - train 데이터셋 만드는 중 오류 발생
2022-10-20 22:57:20,243 ERROR [GH_LOG] [GH_optimization_model_gu_seok.py:285] - 예측하기 오류 발생
2022-10-20 22:57:20,248 ERROR [GH_LOG] [GH_optimization_model_gu_seok.py:353] - * 모듈 실행중 오류 발생 : cannot unpack non-iterable NoneType object
2022-10-20 22:57:20,779 INFO [GH_LOG] [GH_optimization_model_gu_seok.py:330] - [24352]GH Model 실행 : 교육형-01_딸기:
2022-10-20 22:57:20,825 INFO [GH_LOG] [GH_optimization_model_gu_seok.py:330] - [17676]GH Model 실행 : 교육형-02_메론:
2022-10-20 22:57:21,223 ERROR [root] [GH_optimization_model_gu_seok.py:72] - train 데이터셋 만드는 중 오류 발생
2022-10-20 22:57:21,230 ERROR [GH_LOG] [GH_optimization_model_gu_seok.py:285] - 예측하기 오류 발생
2022-10-20 22:57:21,233 ERROR [GH_LOG] [GH_optimization_model_gu_seok.py:353] - * 모듈 실행중 오류 발생 : cannot unpack non-iterable NoneType object
2022-10-20 22:57:21,281 ERROR [root] [GH_optimization_model_gu_seok.py:72] - train 데이터셋 만드는 중 오류 발생
2022-10-20 22:57:21,283 ERROR [GH_LOG] [GH_optimization_model_gu_seok.py:285] - 예측하기 오류 발생
2022-10-20 22:57:21,289 ERROR [GH_LOG] [GH_optimization_model_gu_seok.py:353] - * 모듈 실행중 오류 발생 : cannot unpack non-iterable NoneType object
2022-10-20 22:57:21,761 INFO [GH_LOG] [GH_optimization_model_gu_seok.py:330] - [20444]GH Model 실행 : 교육형-03_토마토:
2022-10-20 22:57:21,821 INFO [GH_LOG] [GH_optimization_model_gu_seok.py:330] - [23224]GH Model 실행 : 교육형-04_오이:
2022-10-20 22:59:42,416 INFO [GH_LOG] [GH_optimization_model_gu_seok.py:361] - GH optimization model : Start
2022-10-20 22:59:48,489 INFO [GH_LOG] [GH_optimization_model_gu_seok.py:330] - [26880]GH Model 실행 : 경영형-01_딸기:
2022-10-20 22:59:48,542 INFO [GH_LOG] [GH_optimization_model_gu_seok.py:330] - [31660]GH Model 실행 : 경영형-02_메론:
2022-10-20 22:59:48,660 INFO [GH_LOG] [GH_optimization_model_gu_seok.py:330] - [26696]GH Model 실행 : 경영형-03_토마토:
2022-10-20 22:59:48,670 INFO [GH_LOG] [GH_optimization_model_gu_seok.py:330] - [35284]GH Model 실행 : 경영형-04_오이:
2022-10-20 23:01:05,180 ERROR [root] [GH_optimization_model_gu_seok.py:72] - train 데이터셋 만드는 중 오류 발생
2022-10-20 23:01:05,183 ERROR [GH_LOG] [GH_optimization_model_gu_seok.py:285] - 예측하기 오류 발생
2022-10-20 23:01:05,190 ERROR [GH_LOG] [GH_optimization_model_gu_seok.py:353] - * 모듈 실행중 오류 발생 : cannot unpack non-iterable NoneType object
2022-10-20 23:01:05,515 ERROR [root] [GH_optimization_model_gu_seok.py:72] - train 데이터셋 만드는 중 오류 발생
2022-10-20 23:01:05,525 ERROR [GH_LOG] [GH_optimization_model_gu_seok.py:285] - 예측하기 오류 발생
2022-10-20 23:01:05,528 ERROR [GH_LOG] [GH_optimization_model_gu_seok.py:353] - * 모듈 실행중 오류 발생 : cannot unpack non-iterable NoneType object
2022-10-20 23:01:05,720 INFO [GH_LOG] [GH_optimization_model_gu_seok.py:330] - [26696]GH Model 실행 : 교육형-01_딸기:
2022-10-20 23:01:05,720 ERROR [root] [GH_optimization_model_gu_seok.py:72] - train 데이터셋 만드는 중 오류 발생
2022-10-20 23:01:05,724 ERROR [GH_LOG] [GH_optimization_model_gu_seok.py:285] - 예측하기 오류 발생
2022-10-20 23:01:05,728 ERROR [GH_LOG] [GH_optimization_model_gu_seok.py:353] - * 모듈 실행중 오류 발생 : cannot unpack non-iterable NoneType object
2022-10-20 23:01:05,752 ERROR [root] [GH_optimization_model_gu_seok.py:72] - train 데이터셋 만드는 중 오류 발생
2022-10-20 23:01:05,755 ERROR [GH_LOG] [GH_optimization_model_gu_seok.py:285] - 예측하기 오류 발생
2022-10-20 23:01:05,761 ERROR [GH_LOG] [GH_optimization_model_gu_seok.py:353] - * 모듈 실행중 오류 발생 : cannot unpack non-iterable NoneType object
2022-10-20 23:01:06,113 INFO [GH_LOG] [GH_optimization_model_gu_seok.py:330] - [26880]GH Model 실행 : 교육형-02_메론:
2022-10-20 23:01:06,305 INFO [GH_LOG] [GH_optimization_model_gu_seok.py:330] - [31660]GH Model 실행 : 교육형-03_토마토:
2022-10-20 23:01:06,312 INFO [GH_LOG] [GH_optimization_model_gu_seok.py:330] - [35284]GH Model 실행 : 교육형-04_오이:
2022-10-20 23:01:58,015 INFO [GH_LOG] [GH_optimization_model_gu_seok.py:361] - GH optimization model : Start
2022-10-20 23:02:04,142 INFO [GH_LOG] [GH_optimization_model_gu_seok.py:330] - [10152]GH Model 실행 : 경영형-01_딸기:
2022-10-20 23:02:04,142 INFO [GH_LOG] [GH_optimization_model_gu_seok.py:330] - [19632]GH Model 실행 : 경영형-02_메론:
2022-10-20 23:02:04,278 INFO [GH_LOG] [GH_optimization_model_gu_seok.py:330] - [39744]GH Model 실행 : 경영형-03_토마토:
2022-10-20 23:02:04,296 INFO [GH_LOG] [GH_optimization_model_gu_seok.py:330] - [12880]GH Model 실행 : 경영형-04_오이:
2022-10-20 23:03:21,963 ERROR [root] [GH_optimization_model_gu_seok.py:72] - train 데이터셋 만드는 중 오류 발생
2022-10-20 23:03:21,966 ERROR [GH_LOG] [GH_optimization_model_gu_seok.py:285] - 예측하기 오류 발생
2022-10-20 23:03:21,972 ERROR [GH_LOG] [GH_optimization_model_gu_seok.py:353] - * 모듈 실행중 오류 발생 : cannot unpack non-iterable NoneType object
2022-10-20 23:03:22,308 ERROR [root] [GH_optimization_model_gu_seok.py:72] - train 데이터셋 만드는 중 오류 발생
2022-10-20 23:03:22,311 ERROR [GH_LOG] [GH_optimization_model_gu_seok.py:285] - 예측하기 오류 발생
2022-10-20 23:03:22,314 ERROR [GH_LOG] [GH_optimization_model_gu_seok.py:353] - * 모듈 실행중 오류 발생 : cannot unpack non-iterable NoneType object
2022-10-20 23:03:22,493 INFO [GH_LOG] [GH_optimization_model_gu_seok.py:330] - [39744]GH Model 실행 : 교육형-01_딸기:
2022-10-20 23:03:22,508 ERROR [root] [GH_optimization_model_gu_seok.py:72] - train 데이터셋 만드는 중 오류 발생
2022-10-20 23:03:22,510 ERROR [GH_LOG] [GH_optimization_model_gu_seok.py:285] - 예측하기 오류 발생
2022-10-20 23:03:22,514 ERROR [GH_LOG] [GH_optimization_model_gu_seok.py:353] - * 모듈 실행중 오류 발생 : cannot unpack non-iterable NoneType object
2022-10-20 23:03:22,826 ERROR [root] [GH_optimization_model_gu_seok.py:72] - train 데이터셋 만드는 중 오류 발생
2022-10-20 23:03:22,830 ERROR [GH_LOG] [GH_optimization_model_gu_seok.py:285] - 예측하기 오류 발생
2022-10-20 23:03:22,836 ERROR [GH_LOG] [GH_optimization_model_gu_seok.py:353] - * 모듈 실행중 오류 발생 : cannot unpack non-iterable NoneType object
2022-10-20 23:03:22,839 INFO [GH_LOG] [GH_optimization_model_gu_seok.py:330] - [19632]GH Model 실행 : 교육형-02_메론:
2022-10-20 23:03:23,086 INFO [GH_LOG] [GH_optimization_model_gu_seok.py:330] - [10152]GH Model 실행 : 교육형-03_토마토:
2022-10-20 23:03:23,371 INFO [GH_LOG] [GH_optimization_model_gu_seok.py:330] - [12880]GH Model 실행 : 교육형-04_오이:
2022-10-20 23:03:46,881 INFO [GH_LOG] [GH_optimization_model_gu_seok.py:361] - GH optimization model : Start
2022-10-20 23:03:53,421 INFO [GH_LOG] [GH_optimization_model_gu_seok.py:330] - [40212]GH Model 실행 : 경영형-01_딸기:
2022-10-20 23:03:53,425 INFO [GH_LOG] [GH_optimization_model_gu_seok.py:330] - [23568]GH Model 실행 : 경영형-02_메론:
2022-10-20 23:03:53,497 INFO [GH_LOG] [GH_optimization_model_gu_seok.py:330] - [15448]GH Model 실행 : 경영형-03_토마토:
2022-10-20 23:03:53,510 INFO [GH_LOG] [GH_optimization_model_gu_seok.py:330] - [25340]GH Model 실행 : 경영형-04_오이:
2022-10-20 23:05:09,111 ERROR [root] [GH_optimization_model_gu_seok.py:72] - train 데이터셋 만드는 중 오류 발생
2022-10-20 23:05:09,115 ERROR [GH_LOG] [GH_optimization_model_gu_seok.py:285] - 예측하기 오류 발생
2022-10-20 23:05:09,121 ERROR [GH_LOG] [GH_optimization_model_gu_seok.py:353] - * 모듈 실행중 오류 발생 : cannot unpack non-iterable NoneType object
2022-10-20 23:05:09,772 INFO [GH_LOG] [GH_optimization_model_gu_seok.py:330] - [23568]GH Model 실행 : 교육형-01_딸기:
2022-10-20 23:05:10,616 ERROR [root] [GH_optimization_model_gu_seok.py:72] - train 데이터셋 만드는 중 오류 발생
2022-10-20 23:05:10,620 ERROR [GH_LOG] [GH_optimization_model_gu_seok.py:285] - 예측하기 오류 발생
2022-10-20 23:05:10,624 ERROR [GH_LOG] [GH_optimization_model_gu_seok.py:353] - * 모듈 실행중 오류 발생 : cannot unpack non-iterable NoneType object
2022-10-20 23:05:10,998 ERROR [root] [GH_optimization_model_gu_seok.py:72] - train 데이터셋 만드는 중 오류 발생
2022-10-20 23:05:11,004 ERROR [GH_LOG] [GH_optimization_model_gu_seok.py:285] - 예측하기 오류 발생
2022-10-20 23:05:11,007 ERROR [GH_LOG] [GH_optimization_model_gu_seok.py:353] - * 모듈 실행중 오류 발생 : cannot unpack non-iterable NoneType object
2022-10-20 23:05:11,096 INFO [GH_LOG] [GH_optimization_model_gu_seok.py:330] - [40212]GH Model 실행 : 교육형-02_메론:
2022-10-20 23:05:11,175 ERROR [root] [GH_optimization_model_gu_seok.py:72] - train 데이터셋 만드는 중 오류 발생
2022-10-20 23:05:11,179 ERROR [GH_LOG] [GH_optimization_model_gu_seok.py:285] - 예측하기 오류 발생
2022-10-20 23:05:11,184 ERROR [GH_LOG] [GH_optimization_model_gu_seok.py:353] - * 모듈 실행중 오류 발생 : cannot unpack non-iterable NoneType object
2022-10-20 23:05:11,515 INFO [GH_LOG] [GH_optimization_model_gu_seok.py:330] - [25340]GH Model 실행 : 교육형-03_토마토:
2022-10-20 23:05:11,695 INFO [GH_LOG] [GH_optimization_model_gu_seok.py:330] - [15448]GH Model 실행 : 교육형-04_오이:
2022-10-20 23:31:25,221 INFO [GH_LOG] [GH_optimization_model_gu_seok.py:363] - GH optimization model : Start
2022-10-20 23:31:31,338 INFO [GH_LOG] [GH_optimization_model_gu_seok.py:332] - [37604]GH Model 실행 : 경영형-01_딸기:
2022-10-20 23:31:31,364 INFO [GH_LOG] [GH_optimization_model_gu_seok.py:332] - [24084]GH Model 실행 : 경영형-02_메론:
2022-10-20 23:31:31,567 INFO [GH_LOG] [GH_optimization_model_gu_seok.py:332] - [11032]GH Model 실행 : 경영형-03_토마토:
2022-10-20 23:31:31,577 INFO [GH_LOG] [GH_optimization_model_gu_seok.py:332] - [31468]GH Model 실행 : 경영형-04_오이:
2022-10-20 23:32:48,823 ERROR [root] [GH_optimization_model_gu_seok.py:72] - train 데이터셋 만드는 중 오류 발생
2022-10-20 23:32:48,828 ERROR [GH_LOG] [GH_optimization_model_gu_seok.py:287] - 예측하기 오류 발생
2022-10-20 23:32:48,832 ERROR [GH_LOG] [GH_optimization_model_gu_seok.py:355] - * 모듈 실행중 오류 발생 : cannot unpack non-iterable NoneType object
2022-10-20 23:32:49,148 ERROR [root] [GH_optimization_model_gu_seok.py:72] - train 데이터셋 만드는 중 오류 발생
2022-10-20 23:32:49,151 ERROR [GH_LOG] [GH_optimization_model_gu_seok.py:287] - 예측하기 오류 발생
2022-10-20 23:32:49,156 ERROR [GH_LOG] [GH_optimization_model_gu_seok.py:355] - * 모듈 실행중 오류 발생 : cannot unpack non-iterable NoneType object
2022-10-20 23:32:49,388 INFO [GH_LOG] [GH_optimization_model_gu_seok.py:332] - [37604]GH Model 실행 : 교육형-01_딸기:
2022-10-20 23:32:49,693 INFO [GH_LOG] [GH_optimization_model_gu_seok.py:332] - [24084]GH Model 실행 : 교육형-02_메론:
2022-10-20 23:32:49,819 ERROR [root] [GH_optimization_model_gu_seok.py:72] - train 데이터셋 만드는 중 오류 발생
2022-10-20 23:32:49,821 ERROR [GH_LOG] [GH_optimization_model_gu_seok.py:287] - 예측하기 오류 발생
2022-10-20 23:32:49,827 ERROR [GH_LOG] [GH_optimization_model_gu_seok.py:355] - * 모듈 실행중 오류 발생 : cannot unpack non-iterable NoneType object
2022-10-20 23:32:50,081 ERROR [root] [GH_optimization_model_gu_seok.py:72] - train 데이터셋 만드는 중 오류 발생
2022-10-20 23:32:50,089 ERROR [GH_LOG] [GH_optimization_model_gu_seok.py:287] - 예측하기 오류 발생
2022-10-20 23:32:50,093 ERROR [GH_LOG] [GH_optimization_model_gu_seok.py:355] - * 모듈 실행중 오류 발생 : cannot unpack non-iterable NoneType object
2022-10-20 23:32:50,324 INFO [GH_LOG] [GH_optimization_model_gu_seok.py:332] - [31468]GH Model 실행 : 교육형-03_토마토:
2022-10-20 23:32:50,506 INFO [GH_LOG] [GH_optimization_model_gu_seok.py:332] - [11032]GH Model 실행 : 교육형-04_오이:
2022-10-20 23:37:01,114 INFO [GH_LOG] [GH_optimization_model_gu_seok.py:363] - GH optimization model : Start
2022-10-20 23:37:07,161 INFO [GH_LOG] [GH_optimization_model_gu_seok.py:332] - [38120]GH Model 실행 : 경영형-01_딸기:
2022-10-20 23:37:07,196 INFO [GH_LOG] [GH_optimization_model_gu_seok.py:332] - [3464]GH Model 실행 : 경영형-02_메론:
2022-10-20 23:37:07,351 INFO [GH_LOG] [GH_optimization_model_gu_seok.py:332] - [15948]GH Model 실행 : 경영형-03_토마토:
2022-10-20 23:37:07,370 INFO [GH_LOG] [GH_optimization_model_gu_seok.py:332] - [40224]GH Model 실행 : 경영형-04_오이:
2022-10-20 23:40:57,235 INFO [GH_LOG] [GH_optimization_model_gu_seok.py:325] - 경영형-02_메론 - 결과 DB 저장 완료
2022-10-20 23:40:57,811 INFO [GH_LOG] [GH_optimization_model_gu_seok.py:332] - [3464]GH Model 실행 : 교육형-01_딸기:
2022-10-20 23:41:00,736 INFO [GH_LOG] [GH_optimization_model_gu_seok.py:325] - 경영형-01_딸기 - 결과 DB 저장 완료
2022-10-20 23:41:01,268 INFO [GH_LOG] [GH_optimization_model_gu_seok.py:332] - [38120]GH Model 실행 : 교육형-02_메론:
2022-10-20 23:41:22,000 INFO [GH_LOG] [GH_optimization_model_gu_seok.py:325] - 경영형-03_토마토 - 결과 DB 저장 완료
2022-10-20 23:41:22,517 INFO [GH_LOG] [GH_optimization_model_gu_seok.py:332] - [15948]GH Model 실행 : 교육형-03_토마토:
2022-10-20 23:41:22,929 INFO [GH_LOG] [GH_optimization_model_gu_seok.py:325] - 경영형-04_오이 - 결과 DB 저장 완료
2022-10-20 23:41:23,411 INFO [GH_LOG] [GH_optimization_model_gu_seok.py:332] - [40224]GH Model 실행 : 교육형-04_오이:
2022-10-20 23:44:59,275 INFO [GH_LOG] [GH_optimization_model_gu_seok.py:325] - 교육형-01_딸기 - 결과 DB 저장 완료
2022-10-20 23:44:59,880 INFO [GH_LOG] [GH_optimization_model_gu_seok.py:332] - [3464]GH Model 실행 : 임대형1-04_오이:
2022-10-20 23:45:00,667 INFO [GH_LOG] [GH_optimization_model_gu_seok.py:325] - 교육형-02_메론 - 결과 DB 저장 완료
2022-10-20 23:45:01,223 INFO [GH_LOG] [GH_optimization_model_gu_seok.py:332] - [38120]GH Model 실행 : 임대형2-03_토마토:
2022-10-20 23:45:48,373 INFO [GH_LOG] [GH_optimization_model_gu_seok.py:325] - 교육형-04_오이 - 결과 DB 저장 완료
2022-10-20 23:45:48,886 INFO [GH_LOG] [GH_optimization_model_gu_seok.py:332] - [40224]GH Model 실행 : 임대형2-04_오이:
2022-10-20 23:45:49,045 INFO [GH_LOG] [GH_optimization_model_gu_seok.py:325] - 교육형-03_토마토 - 결과 DB 저장 완료
2022-10-20 23:46:30,325 ERROR [root] [GH_optimization_model_gu_seok.py:72] - train 데이터셋 만드는 중 오류 발생
2022-10-20 23:46:30,328 ERROR [GH_LOG] [GH_optimization_model_gu_seok.py:287] - 예측하기 오류 발생
2022-10-20 23:46:30,331 ERROR [GH_LOG] [GH_optimization_model_gu_seok.py:355] - * 모듈 실행중 오류 발생 : cannot unpack non-iterable NoneType object
2022-10-20 23:46:30,748 ERROR [root] [GH_optimization_model_gu_seok.py:72] - train 데이터셋 만드는 중 오류 발생
2022-10-20 23:46:30,753 ERROR [GH_LOG] [GH_optimization_model_gu_seok.py:287] - 예측하기 오류 발생
2022-10-20 23:46:30,755 ERROR [GH_LOG] [GH_optimization_model_gu_seok.py:355] - * 모듈 실행중 오류 발생 : cannot unpack non-iterable NoneType object
2022-10-20 23:48:04,202 INFO [GH_LOG] [GH_optimization_model_gu_seok.py:364] - GH optimization model : Start
2022-10-20 23:48:10,255 INFO [GH_LOG] [GH_optimization_model_gu_seok.py:333] - [31080]GH Model 실행 : 경영형-01_딸기:
2022-10-20 23:48:10,324 INFO [GH_LOG] [GH_optimization_model_gu_seok.py:333] - [3228]GH Model 실행 : 경영형-02_메론:
2022-10-20 23:48:10,406 INFO [GH_LOG] [GH_optimization_model_gu_seok.py:333] - [40632]GH Model 실행 : 경영형-03_토마토:
2022-10-20 23:48:10,467 INFO [GH_LOG] [GH_optimization_model_gu_seok.py:333] - [13572]GH Model 실행 : 경영형-04_오이:
2022-10-20 23:51:58,310 INFO [GH_LOG] [GH_optimization_model_gu_seok.py:326] - 경영형-02_메론 - 결과 DB 저장 완료
2022-10-20 23:51:58,892 INFO [GH_LOG] [GH_optimization_model_gu_seok.py:333] - [3228]GH Model 실행 : 교육형-01_딸기:
2022-10-20 23:52:02,825 INFO [GH_LOG] [GH_optimization_model_gu_seok.py:326] - 경영형-01_딸기 - 결과 DB 저장 완료
2022-10-20 23:52:03,359 INFO [GH_LOG] [GH_optimization_model_gu_seok.py:333] - [31080]GH Model 실행 : 교육형-02_메론:
2022-10-20 23:52:23,355 INFO [GH_LOG] [GH_optimization_model_gu_seok.py:326] - 경영형-03_토마토 - 결과 DB 저장 완료
2022-10-20 23:52:23,866 INFO [GH_LOG] [GH_optimization_model_gu_seok.py:333] - [40632]GH Model 실행 : 교육형-03_토마토:
2022-10-20 23:52:24,492 INFO [GH_LOG] [GH_optimization_model_gu_seok.py:326] - 경영형-04_오이 - 결과 DB 저장 완료
2022-10-20 23:52:25,004 INFO [GH_LOG] [GH_optimization_model_gu_seok.py:333] - [13572]GH Model 실행 : 교육형-04_오이:
2022-10-20 23:55:56,212 INFO [GH_LOG] [GH_optimization_model_gu_seok.py:326] - 교육형-01_딸기 - 결과 DB 저장 완료
2022-10-20 23:55:56,795 INFO [GH_LOG] [GH_optimization_model_gu_seok.py:333] - [3228]GH Model 실행 : 임대형1-04_오이:
2022-10-20 23:55:57,165 INFO [GH_LOG] [GH_optimization_model_gu_seok.py:326] - 교육형-02_메론 - 결과 DB 저장 완료
2022-10-20 23:55:57,705 INFO [GH_LOG] [GH_optimization_model_gu_seok.py:333] - [31080]GH Model 실행 : 임대형2-03_토마토:
2022-10-20 23:56:43,160 INFO [GH_LOG] [GH_optimization_model_gu_seok.py:326] - 교육형-03_토마토 - 결과 DB 저장 완료
2022-10-20 23:56:43,747 INFO [GH_LOG] [GH_optimization_model_gu_seok.py:333] - [40632]GH Model 실행 : 임대형2-04_오이:
2022-10-20 23:56:44,182 INFO [GH_LOG] [GH_optimization_model_gu_seok.py:326] - 교육형-04_오이 - 결과 DB 저장 완료
2022-10-20 23:57:25,028 ERROR [GH_LOG] [GH_optimization_model_gu_seok.py:356] - * 모듈 실행중 오류 발생 : could not convert string to float: '동남'
2022-10-20 23:57:26,279 ERROR [GH_LOG] [GH_optimization_model_gu_seok.py:356] - * 모듈 실행중 오류 발생 : could not convert string to float: '동남'
2022-10-20 23:57:56,429 ERROR [GH_LOG] [GH_optimization_model_gu_seok.py:356] - * 모듈 실행중 오류 발생 : could not convert string to float: '동남'
2022-10-20 23:57:57,637 INFO [GH_LOG] [GH_optimization_model_gu_seok.py:386] - ** 모듈 실행 완료 > 총 실행시간 : 0:09:53.434918
