2022-12-21 07:55:28,930 INFO [GH_LOG] [고도화_GH_optimization_model_load_predict.py:351] - GH optimization model : Start
2022-12-21 07:55:35,039 INFO [GH_LOG] [고도화_GH_optimization_model_load_predict.py:316] - [20492]GH Model 실행 : 경영형-01_딸기:
2022-12-21 07:55:35,109 INFO [GH_LOG] [고도화_GH_optimization_model_load_predict.py:316] - [13804]GH Model 실행 : 경영형-02_토마토:
2022-12-21 07:55:35,175 INFO [GH_LOG] [고도화_GH_optimization_model_load_predict.py:316] - [30488]GH Model 실행 : 경영형-03_멜론:
2022-12-21 07:55:35,183 INFO [GH_LOG] [고도화_GH_optimization_model_load_predict.py:316] - [41792]GH Model 실행 : 경영형-04_만다린:
2022-12-21 07:55:44,966 INFO [GH_LOG] [고도화_GH_optimization_model_load_predict.py:292] - 결과 파일 저장 완료 - ./result/경영형-02_토마토_온실모니터링_10분뒤_예측.csv
2022-12-21 07:55:44,990 INFO [GH_LOG] [고도화_GH_optimization_model_load_predict.py:292] - 결과 파일 저장 완료 - ./result/경영형-01_딸기_온실모니터링_10분뒤_예측.csv
2022-12-21 07:55:45,001 INFO [GH_LOG] [고도화_GH_optimization_model_load_predict.py:292] - 결과 파일 저장 완료 - ./result/경영형-04_만다린_온실모니터링_10분뒤_예측.csv
2022-12-21 07:55:45,080 INFO [GH_LOG] [고도화_GH_optimization_model_load_predict.py:308] - 경영형-01_딸기 - 결과 DB 저장 완료
2022-12-21 07:55:45,081 INFO [GH_LOG] [고도화_GH_optimization_model_load_predict.py:316] - [20492]GH Model 실행 : 교육형-01_딸기:
2022-12-21 07:55:45,092 INFO [GH_LOG] [고도화_GH_optimization_model_load_predict.py:308] - 경영형-04_만다린 - 결과 DB 저장 완료
2022-12-21 07:55:45,093 INFO [GH_LOG] [고도화_GH_optimization_model_load_predict.py:316] - [41792]GH Model 실행 : 교육형-02_토마토:
2022-12-21 07:55:45,445 INFO [GH_LOG] [고도화_GH_optimization_model_load_predict.py:292] - 결과 파일 저장 완료 - ./result/경영형-03_멜론_온실모니터링_10분뒤_예측.csv
2022-12-21 07:55:45,531 INFO [GH_LOG] [고도화_GH_optimization_model_load_predict.py:308] - 경영형-03_멜론 - 결과 DB 저장 완료
2022-12-21 07:55:45,532 INFO [GH_LOG] [고도화_GH_optimization_model_load_predict.py:316] - [30488]GH Model 실행 : 교육형-03_멜론:
2022-12-21 07:55:45,568 INFO [GH_LOG] [고도화_GH_optimization_model_load_predict.py:308] - 경영형-02_토마토 - 결과 DB 저장 완료
2022-12-21 07:55:45,569 INFO [GH_LOG] [고도화_GH_optimization_model_load_predict.py:316] - [13804]GH Model 실행 : 교육형-04_만다린:
2022-12-21 07:55:53,391 INFO [GH_LOG] [고도화_GH_optimization_model_load_predict.py:292] - 결과 파일 저장 완료 - ./result/교육형-01_딸기_온실모니터링_10분뒤_예측.csv
2022-12-21 07:55:53,506 INFO [GH_LOG] [고도화_GH_optimization_model_load_predict.py:308] - 교육형-01_딸기 - 결과 DB 저장 완료
2022-12-21 07:55:53,506 INFO [GH_LOG] [고도화_GH_optimization_model_load_predict.py:316] - [20492]GH Model 실행 : 임대형1-01_딸기:
2022-12-21 07:55:53,887 INFO [GH_LOG] [고도화_GH_optimization_model_load_predict.py:292] - 결과 파일 저장 완료 - ./result/교육형-02_토마토_온실모니터링_10분뒤_예측.csv
2022-12-21 07:55:53,899 INFO [GH_LOG] [고도화_GH_optimization_model_load_predict.py:292] - 결과 파일 저장 완료 - ./result/교육형-03_멜론_온실모니터링_10분뒤_예측.csv
2022-12-21 07:55:53,996 INFO [GH_LOG] [고도화_GH_optimization_model_load_predict.py:308] - 교육형-03_멜론 - 결과 DB 저장 완료
2022-12-21 07:55:53,997 INFO [GH_LOG] [고도화_GH_optimization_model_load_predict.py:308] - 교육형-02_토마토 - 결과 DB 저장 완료
2022-12-21 07:55:53,997 INFO [GH_LOG] [고도화_GH_optimization_model_load_predict.py:316] - [30488]GH Model 실행 : 임대형1-02_딸기:
2022-12-21 07:55:53,998 INFO [GH_LOG] [고도화_GH_optimization_model_load_predict.py:316] - [41792]GH Model 실행 : 임대형1-03_딸기:
2022-12-21 07:55:54,087 INFO [GH_LOG] [고도화_GH_optimization_model_load_predict.py:292] - 결과 파일 저장 완료 - ./result/교육형-04_만다린_온실모니터링_10분뒤_예측.csv
2022-12-21 07:55:54,164 INFO [GH_LOG] [고도화_GH_optimization_model_load_predict.py:308] - 교육형-04_만다린 - 결과 DB 저장 완료
2022-12-21 07:55:54,165 INFO [GH_LOG] [고도화_GH_optimization_model_load_predict.py:316] - [13804]GH Model 실행 : 임대형1-04_딸기:
2022-12-21 07:56:02,115 INFO [GH_LOG] [고도화_GH_optimization_model_load_predict.py:292] - 결과 파일 저장 완료 - ./result/임대형1-01_딸기_온실모니터링_10분뒤_예측.csv
2022-12-21 07:56:02,192 INFO [GH_LOG] [고도화_GH_optimization_model_load_predict.py:308] - 임대형1-01_딸기 - 결과 DB 저장 완료
2022-12-21 07:56:02,431 INFO [GH_LOG] [고도화_GH_optimization_model_load_predict.py:292] - 결과 파일 저장 완료 - ./result/임대형1-03_딸기_온실모니터링_10분뒤_예측.csv
2022-12-21 07:56:02,740 INFO [GH_LOG] [고도화_GH_optimization_model_load_predict.py:292] - 결과 파일 저장 완료 - ./result/임대형1-04_딸기_온실모니터링_10분뒤_예측.csv
2022-12-21 07:56:02,835 INFO [GH_LOG] [고도화_GH_optimization_model_load_predict.py:308] - 임대형1-03_딸기 - 결과 DB 저장 완료
2022-12-21 07:56:03,080 INFO [GH_LOG] [고도화_GH_optimization_model_load_predict.py:308] - 임대형1-04_딸기 - 결과 DB 저장 완료
2022-12-21 07:56:03,098 INFO [GH_LOG] [고도화_GH_optimization_model_load_predict.py:292] - 결과 파일 저장 완료 - ./result/임대형1-02_딸기_온실모니터링_10분뒤_예측.csv
2022-12-21 07:56:03,840 INFO [GH_LOG] [고도화_GH_optimization_model_load_predict.py:308] - 임대형1-02_딸기 - 결과 DB 저장 완료
2022-12-21 07:56:04,490 INFO [GH_LOG] [고도화_GH_optimization_model_load_predict.py:375] - ** 모듈 실행 완료 > 총 실행시간 : 0:00:35.560842
2022-12-21 10:35:47,048 INFO [GH_LOG] [고도화_GH_optimization_model_load_predict.py:349] - GH optimization model : Start
2022-12-21 10:35:53,268 INFO [GH_LOG] [고도화_GH_optimization_model_load_predict.py:314] - [32292]GH Model 실행 : 경영형-01_딸기:
2022-12-21 10:35:53,268 INFO [GH_LOG] [고도화_GH_optimization_model_load_predict.py:314] - [32732]GH Model 실행 : 경영형-02_토마토:
2022-12-21 10:35:53,307 INFO [GH_LOG] [고도화_GH_optimization_model_load_predict.py:314] - [5616]GH Model 실행 : 경영형-03_멜론:
2022-12-21 10:35:53,318 INFO [GH_LOG] [고도화_GH_optimization_model_load_predict.py:314] - [41168]GH Model 실행 : 경영형-04_만다린:
2022-12-21 10:36:03,276 INFO [GH_LOG] [고도화_GH_optimization_model_load_predict.py:290] - 결과 파일 저장 완료 - ./result/경영형-02_토마토_온실모니터링_10분뒤_예측.csv
2022-12-21 10:36:03,310 INFO [GH_LOG] [고도화_GH_optimization_model_load_predict.py:290] - 결과 파일 저장 완료 - ./result/경영형-04_만다린_온실모니터링_10분뒤_예측.csv
2022-12-21 10:36:03,391 INFO [GH_LOG] [고도화_GH_optimization_model_load_predict.py:306] - 경영형-02_토마토 - 결과 DB 저장 완료
2022-12-21 10:36:03,392 INFO [GH_LOG] [고도화_GH_optimization_model_load_predict.py:314] - [32732]GH Model 실행 : 교육형-01_딸기:
2022-12-21 10:36:03,395 INFO [GH_LOG] [고도화_GH_optimization_model_load_predict.py:290] - 결과 파일 저장 완료 - ./result/경영형-03_멜론_온실모니터링_10분뒤_예측.csv
2022-12-21 10:36:03,870 INFO [GH_LOG] [고도화_GH_optimization_model_load_predict.py:290] - 결과 파일 저장 완료 - ./result/경영형-01_딸기_온실모니터링_10분뒤_예측.csv
2022-12-21 10:36:03,897 INFO [GH_LOG] [고도화_GH_optimization_model_load_predict.py:306] - 경영형-03_멜론 - 결과 DB 저장 완료
2022-12-21 10:36:03,898 INFO [GH_LOG] [고도화_GH_optimization_model_load_predict.py:314] - [5616]GH Model 실행 : 교육형-02_토마토:
2022-12-21 10:36:03,906 INFO [GH_LOG] [고도화_GH_optimization_model_load_predict.py:306] - 경영형-04_만다린 - 결과 DB 저장 완료
2022-12-21 10:36:03,907 INFO [GH_LOG] [고도화_GH_optimization_model_load_predict.py:314] - [41168]GH Model 실행 : 교육형-03_멜론:
2022-12-21 10:36:03,989 INFO [GH_LOG] [고도화_GH_optimization_model_load_predict.py:306] - 경영형-01_딸기 - 결과 DB 저장 완료
2022-12-21 10:36:03,990 INFO [GH_LOG] [고도화_GH_optimization_model_load_predict.py:314] - [32292]GH Model 실행 : 교육형-04_만다린:
2022-12-21 10:36:11,811 INFO [GH_LOG] [고도화_GH_optimization_model_load_predict.py:290] - 결과 파일 저장 완료 - ./result/교육형-01_딸기_온실모니터링_10분뒤_예측.csv
2022-12-21 10:36:11,988 INFO [GH_LOG] [고도화_GH_optimization_model_load_predict.py:306] - 교육형-01_딸기 - 결과 DB 저장 완료
2022-12-21 10:36:11,988 INFO [GH_LOG] [고도화_GH_optimization_model_load_predict.py:314] - [32732]GH Model 실행 : 임대형1-01_딸기:
2022-12-21 10:36:12,181 INFO [GH_LOG] [고도화_GH_optimization_model_load_predict.py:290] - 결과 파일 저장 완료 - ./result/교육형-03_멜론_온실모니터링_10분뒤_예측.csv
2022-12-21 10:36:12,287 INFO [GH_LOG] [고도화_GH_optimization_model_load_predict.py:306] - 교육형-03_멜론 - 결과 DB 저장 완료
2022-12-21 10:36:12,287 INFO [GH_LOG] [고도화_GH_optimization_model_load_predict.py:314] - [41168]GH Model 실행 : 임대형1-02_딸기:
2022-12-21 10:36:13,247 INFO [GH_LOG] [고도화_GH_optimization_model_load_predict.py:290] - 결과 파일 저장 완료 - ./result/교육형-04_만다린_온실모니터링_10분뒤_예측.csv
2022-12-21 10:36:13,779 INFO [GH_LOG] [고도화_GH_optimization_model_load_predict.py:290] - 결과 파일 저장 완료 - ./result/교육형-02_토마토_온실모니터링_10분뒤_예측.csv
2022-12-21 10:36:13,902 INFO [GH_LOG] [고도화_GH_optimization_model_load_predict.py:306] - 교육형-02_토마토 - 결과 DB 저장 완료
2022-12-21 10:36:13,903 INFO [GH_LOG] [고도화_GH_optimization_model_load_predict.py:306] - 교육형-04_만다린 - 결과 DB 저장 완료
2022-12-21 10:36:13,904 INFO [GH_LOG] [고도화_GH_optimization_model_load_predict.py:314] - [5616]GH Model 실행 : 임대형1-03_딸기:
2022-12-21 10:36:13,904 INFO [GH_LOG] [고도화_GH_optimization_model_load_predict.py:314] - [32292]GH Model 실행 : 임대형1-04_딸기:
2022-12-21 10:36:20,739 INFO [GH_LOG] [고도화_GH_optimization_model_load_predict.py:290] - 결과 파일 저장 완료 - ./result/임대형1-02_딸기_온실모니터링_10분뒤_예측.csv
2022-12-21 10:36:20,852 INFO [GH_LOG] [고도화_GH_optimization_model_load_predict.py:306] - 임대형1-02_딸기 - 결과 DB 저장 완료
2022-12-21 10:36:21,207 INFO [GH_LOG] [고도화_GH_optimization_model_load_predict.py:290] - 결과 파일 저장 완료 - ./result/임대형1-01_딸기_온실모니터링_10분뒤_예측.csv
2022-12-21 10:36:21,318 INFO [GH_LOG] [고도화_GH_optimization_model_load_predict.py:306] - 임대형1-01_딸기 - 결과 DB 저장 완료
2022-12-21 10:36:22,347 INFO [GH_LOG] [고도화_GH_optimization_model_load_predict.py:290] - 결과 파일 저장 완료 - ./result/임대형1-03_딸기_온실모니터링_10분뒤_예측.csv
2022-12-21 10:36:22,452 INFO [GH_LOG] [고도화_GH_optimization_model_load_predict.py:306] - 임대형1-03_딸기 - 결과 DB 저장 완료
2022-12-21 10:36:22,583 INFO [GH_LOG] [고도화_GH_optimization_model_load_predict.py:290] - 결과 파일 저장 완료 - ./result/임대형1-04_딸기_온실모니터링_10분뒤_예측.csv
2022-12-21 10:36:22,908 INFO [GH_LOG] [고도화_GH_optimization_model_load_predict.py:306] - 임대형1-04_딸기 - 결과 DB 저장 완료
2022-12-21 10:36:23,555 INFO [GH_LOG] [고도화_GH_optimization_model_load_predict.py:373] - ** 모듈 실행 완료 > 총 실행시간 : 0:00:36.506877
2022-12-21 13:11:11,888 INFO [GH_LOG] [고도화_GH_optimization_model_load_predict.py:349] - GH optimization model : Start
2022-12-21 13:11:18,077 INFO [GH_LOG] [고도화_GH_optimization_model_load_predict.py:314] - [39144]GH Model 실행 : 경영형-01_딸기:
2022-12-21 13:11:18,077 INFO [GH_LOG] [고도화_GH_optimization_model_load_predict.py:314] - [17228]GH Model 실행 : 경영형-02_토마토:
2022-12-21 13:11:18,136 INFO [GH_LOG] [고도화_GH_optimization_model_load_predict.py:314] - [4372]GH Model 실행 : 경영형-03_멜론:
2022-12-21 13:11:18,144 INFO [GH_LOG] [고도화_GH_optimization_model_load_predict.py:314] - [10608]GH Model 실행 : 경영형-04_만다린:
2022-12-21 13:11:28,167 INFO [GH_LOG] [고도화_GH_optimization_model_load_predict.py:290] - 결과 파일 저장 완료 - ./result/경영형-03_멜론_온실모니터링_10분뒤_예측.csv
2022-12-21 13:11:28,184 INFO [GH_LOG] [고도화_GH_optimization_model_load_predict.py:290] - 결과 파일 저장 완료 - ./result/경영형-04_만다린_온실모니터링_10분뒤_예측.csv
2022-12-21 13:11:28,219 INFO [GH_LOG] [고도화_GH_optimization_model_load_predict.py:290] - 결과 파일 저장 완료 - ./result/경영형-01_딸기_온실모니터링_10분뒤_예측.csv
2022-12-21 13:11:28,241 INFO [GH_LOG] [고도화_GH_optimization_model_load_predict.py:290] - 결과 파일 저장 완료 - ./result/경영형-02_토마토_온실모니터링_10분뒤_예측.csv
2022-12-21 13:11:28,266 INFO [GH_LOG] [고도화_GH_optimization_model_load_predict.py:306] - 경영형-03_멜론 - 결과 DB 저장 완료
2022-12-21 13:11:28,266 INFO [GH_LOG] [고도화_GH_optimization_model_load_predict.py:314] - [4372]GH Model 실행 : 교육형-01_딸기:
2022-12-21 13:11:28,267 INFO [GH_LOG] [고도화_GH_optimization_model_load_predict.py:306] - 경영형-04_만다린 - 결과 DB 저장 완료
2022-12-21 13:11:28,268 INFO [GH_LOG] [고도화_GH_optimization_model_load_predict.py:314] - [10608]GH Model 실행 : 교육형-02_토마토:
2022-12-21 13:11:28,301 INFO [GH_LOG] [고도화_GH_optimization_model_load_predict.py:306] - 경영형-01_딸기 - 결과 DB 저장 완료
2022-12-21 13:11:28,302 INFO [GH_LOG] [고도화_GH_optimization_model_load_predict.py:314] - [39144]GH Model 실행 : 교육형-03_멜론:
2022-12-21 13:11:28,388 INFO [GH_LOG] [고도화_GH_optimization_model_load_predict.py:306] - 경영형-02_토마토 - 결과 DB 저장 완료
2022-12-21 13:11:28,389 INFO [GH_LOG] [고도화_GH_optimization_model_load_predict.py:314] - [17228]GH Model 실행 : 교육형-04_만다린:
2022-12-21 13:11:36,622 INFO [GH_LOG] [고도화_GH_optimization_model_load_predict.py:290] - 결과 파일 저장 완료 - ./result/교육형-01_딸기_온실모니터링_10분뒤_예측.csv
2022-12-21 13:11:36,632 INFO [GH_LOG] [고도화_GH_optimization_model_load_predict.py:290] - 결과 파일 저장 완료 - ./result/교육형-02_토마토_온실모니터링_10분뒤_예측.csv
2022-12-21 13:11:36,721 INFO [GH_LOG] [고도화_GH_optimization_model_load_predict.py:306] - 교육형-01_딸기 - 결과 DB 저장 완료
2022-12-21 13:11:36,722 INFO [GH_LOG] [고도화_GH_optimization_model_load_predict.py:314] - [4372]GH Model 실행 : 임대형1-01_딸기:
2022-12-21 13:11:36,789 INFO [GH_LOG] [고도화_GH_optimization_model_load_predict.py:290] - 결과 파일 저장 완료 - ./result/교육형-03_멜론_온실모니터링_10분뒤_예측.csv
2022-12-21 13:11:36,812 INFO [GH_LOG] [고도화_GH_optimization_model_load_predict.py:306] - 교육형-02_토마토 - 결과 DB 저장 완료
2022-12-21 13:11:36,812 INFO [GH_LOG] [고도화_GH_optimization_model_load_predict.py:314] - [10608]GH Model 실행 : 임대형1-02_딸기:
2022-12-21 13:11:36,871 INFO [GH_LOG] [고도화_GH_optimization_model_load_predict.py:306] - 교육형-03_멜론 - 결과 DB 저장 완료
2022-12-21 13:11:36,872 INFO [GH_LOG] [고도화_GH_optimization_model_load_predict.py:314] - [39144]GH Model 실행 : 임대형1-03_딸기:
2022-12-21 13:11:37,135 INFO [GH_LOG] [고도화_GH_optimization_model_load_predict.py:290] - 결과 파일 저장 완료 - ./result/교육형-04_만다린_온실모니터링_10분뒤_예측.csv
2022-12-21 13:11:37,216 INFO [GH_LOG] [고도화_GH_optimization_model_load_predict.py:306] - 교육형-04_만다린 - 결과 DB 저장 완료
2022-12-21 13:11:37,217 INFO [GH_LOG] [고도화_GH_optimization_model_load_predict.py:314] - [17228]GH Model 실행 : 임대형1-04_딸기:
2022-12-21 13:11:45,203 INFO [GH_LOG] [고도화_GH_optimization_model_load_predict.py:290] - 결과 파일 저장 완료 - ./result/임대형1-01_딸기_온실모니터링_10분뒤_예측.csv
2022-12-21 13:11:45,251 INFO [GH_LOG] [고도화_GH_optimization_model_load_predict.py:306] - 임대형1-01_딸기 - 결과 DB 저장 완료
2022-12-21 13:11:45,414 INFO [GH_LOG] [고도화_GH_optimization_model_load_predict.py:290] - 결과 파일 저장 완료 - ./result/임대형1-02_딸기_온실모니터링_10분뒤_예측.csv
2022-12-21 13:11:45,434 INFO [GH_LOG] [고도화_GH_optimization_model_load_predict.py:290] - 결과 파일 저장 완료 - ./result/임대형1-03_딸기_온실모니터링_10분뒤_예측.csv
2022-12-21 13:11:45,518 INFO [GH_LOG] [고도화_GH_optimization_model_load_predict.py:306] - 임대형1-02_딸기 - 결과 DB 저장 완료
2022-12-21 13:11:45,564 INFO [GH_LOG] [고도화_GH_optimization_model_load_predict.py:306] - 임대형1-03_딸기 - 결과 DB 저장 완료
2022-12-21 13:11:45,694 INFO [GH_LOG] [고도화_GH_optimization_model_load_predict.py:290] - 결과 파일 저장 완료 - ./result/임대형1-04_딸기_온실모니터링_10분뒤_예측.csv
2022-12-21 13:11:45,795 INFO [GH_LOG] [고도화_GH_optimization_model_load_predict.py:306] - 임대형1-04_딸기 - 결과 DB 저장 완료
2022-12-21 13:11:46,458 INFO [GH_LOG] [고도화_GH_optimization_model_load_predict.py:373] - ** 모듈 실행 완료 > 총 실행시간 : 0:00:34.570014
2022-12-21 20:04:09,962 INFO [GH_LOG] [GH_optimization_model_load_predict_ver2.py:356] - GH optimization model : Start
2022-12-21 20:04:09,983 INFO [GH_LOG] [GH_optimization_model_load_predict_ver2.py:321] - [6957]GH Model 실행 : 경영형-01_딸기:
2022-12-21 20:04:09,983 INFO [GH_LOG] [GH_optimization_model_load_predict_ver2.py:321] - [6958]GH Model 실행 : 경영형-02_토마토:
2022-12-21 20:04:09,983 INFO [GH_LOG] [GH_optimization_model_load_predict_ver2.py:321] - [6959]GH Model 실행 : 경영형-03_멜론:
2022-12-21 20:04:09,983 INFO [GH_LOG] [GH_optimization_model_load_predict_ver2.py:321] - [6960]GH Model 실행 : 경영형-04_만다린:
2022-12-21 20:04:10,358 ERROR [GH_LOG] [GH_optimization_model_load_predict_ver2.py:52] - Traceback (most recent call last):
  File "GH_optimization_model_load_predict_ver2.py", line 46, in scaling_make_dataset
    X_scaler = load(open('./model_scaler/sangu_'+crop_nm_indicator(self)+'_scaler/sangu_'+crop_nm_indicator(self)+'_scaler_'+i+'.pkl', 'rb'))
FileNotFoundError: [Errno 2] No such file or directory: './model_scaler/sangu_만다린_scaler/sangu_만다린_scaler_sky_window.pkl'

2022-12-21 20:04:10,358 ERROR [root] [GH_optimization_model_load_predict_ver2.py:53] - train 데이터셋 만드는 중 오류 발생
2022-12-21 20:04:10,361 ERROR [GH_LOG] [GH_optimization_model_load_predict_ver2.py:274] - 예측하기 오류 발생
2022-12-21 20:04:10,361 ERROR [GH_LOG] [GH_optimization_model_load_predict_ver2.py:347] - Traceback (most recent call last):
  File "GH_optimization_model_load_predict_ver2.py", line 339, in run
    predicted_value, prd_date = GHModel.pridict_model(self, df)
TypeError: cannot unpack non-iterable NoneType object

2022-12-21 20:04:10,361 ERROR [GH_LOG] [GH_optimization_model_load_predict_ver2.py:348] - * 모듈 실행중 오류 발생 : cannot unpack non-iterable NoneType object
2022-12-21 20:04:10,361 INFO [GH_LOG] [GH_optimization_model_load_predict_ver2.py:321] - [6957]GH Model 실행 : 교육형-01_딸기:
2022-12-21 20:04:10,364 ERROR [GH_LOG] [GH_optimization_model_load_predict_ver2.py:52] - Traceback (most recent call last):
  File "GH_optimization_model_load_predict_ver2.py", line 46, in scaling_make_dataset
    X_scaler = load(open('./model_scaler/sangu_'+crop_nm_indicator(self)+'_scaler/sangu_'+crop_nm_indicator(self)+'_scaler_'+i+'.pkl', 'rb'))
FileNotFoundError: [Errno 2] No such file or directory: './model_scaler/sangu_만다린_scaler/sangu_만다린_scaler_sky_window.pkl'

2022-12-21 20:04:10,364 ERROR [root] [GH_optimization_model_load_predict_ver2.py:53] - train 데이터셋 만드는 중 오류 발생
2022-12-21 20:04:10,365 ERROR [GH_LOG] [GH_optimization_model_load_predict_ver2.py:274] - 예측하기 오류 발생
2022-12-21 20:04:10,365 ERROR [GH_LOG] [GH_optimization_model_load_predict_ver2.py:347] - Traceback (most recent call last):
  File "GH_optimization_model_load_predict_ver2.py", line 339, in run
    predicted_value, prd_date = GHModel.pridict_model(self, df)
TypeError: cannot unpack non-iterable NoneType object

2022-12-21 20:04:10,365 ERROR [GH_LOG] [GH_optimization_model_load_predict_ver2.py:348] - * 모듈 실행중 오류 발생 : cannot unpack non-iterable NoneType object
2022-12-21 20:04:10,365 INFO [GH_LOG] [GH_optimization_model_load_predict_ver2.py:321] - [6958]GH Model 실행 : 교육형-02_토마토:
2022-12-21 20:04:10,419 ERROR [GH_LOG] [GH_optimization_model_load_predict_ver2.py:52] - Traceback (most recent call last):
  File "GH_optimization_model_load_predict_ver2.py", line 46, in scaling_make_dataset
    X_scaler = load(open('./model_scaler/sangu_'+crop_nm_indicator(self)+'_scaler/sangu_'+crop_nm_indicator(self)+'_scaler_'+i+'.pkl', 'rb'))
FileNotFoundError: [Errno 2] No such file or directory: './model_scaler/sangu_만다린_scaler/sangu_만다린_scaler_sky_window.pkl'

2022-12-21 20:04:10,420 ERROR [root] [GH_optimization_model_load_predict_ver2.py:53] - train 데이터셋 만드는 중 오류 발생
2022-12-21 20:04:10,421 ERROR [GH_LOG] [GH_optimization_model_load_predict_ver2.py:274] - 예측하기 오류 발생
2022-12-21 20:04:10,421 ERROR [GH_LOG] [GH_optimization_model_load_predict_ver2.py:347] - Traceback (most recent call last):
  File "GH_optimization_model_load_predict_ver2.py", line 339, in run
    predicted_value, prd_date = GHModel.pridict_model(self, df)
TypeError: cannot unpack non-iterable NoneType object

2022-12-21 20:04:10,421 ERROR [GH_LOG] [GH_optimization_model_load_predict_ver2.py:348] - * 모듈 실행중 오류 발생 : cannot unpack non-iterable NoneType object
2022-12-21 20:04:10,421 INFO [GH_LOG] [GH_optimization_model_load_predict_ver2.py:321] - [6959]GH Model 실행 : 교육형-03_멜론:
2022-12-21 20:04:10,669 ERROR [GH_LOG] [GH_optimization_model_load_predict_ver2.py:52] - Traceback (most recent call last):
  File "GH_optimization_model_load_predict_ver2.py", line 46, in scaling_make_dataset
    X_scaler = load(open('./model_scaler/sangu_'+crop_nm_indicator(self)+'_scaler/sangu_'+crop_nm_indicator(self)+'_scaler_'+i+'.pkl', 'rb'))
FileNotFoundError: [Errno 2] No such file or directory: './model_scaler/sangu_만다린_scaler/sangu_만다린_scaler_sky_window.pkl'

2022-12-21 20:04:10,669 ERROR [root] [GH_optimization_model_load_predict_ver2.py:53] - train 데이터셋 만드는 중 오류 발생
2022-12-21 20:04:10,670 ERROR [GH_LOG] [GH_optimization_model_load_predict_ver2.py:274] - 예측하기 오류 발생
2022-12-21 20:04:10,670 ERROR [GH_LOG] [GH_optimization_model_load_predict_ver2.py:347] - Traceback (most recent call last):
  File "GH_optimization_model_load_predict_ver2.py", line 339, in run
    predicted_value, prd_date = GHModel.pridict_model(self, df)
TypeError: cannot unpack non-iterable NoneType object

2022-12-21 20:04:10,670 ERROR [GH_LOG] [GH_optimization_model_load_predict_ver2.py:348] - * 모듈 실행중 오류 발생 : cannot unpack non-iterable NoneType object
2022-12-21 20:04:10,670 INFO [GH_LOG] [GH_optimization_model_load_predict_ver2.py:321] - [6958]GH Model 실행 : 교육형-04_만다린:
2022-12-21 20:04:10,686 ERROR [GH_LOG] [GH_optimization_model_load_predict_ver2.py:52] - Traceback (most recent call last):
  File "GH_optimization_model_load_predict_ver2.py", line 46, in scaling_make_dataset
    X_scaler = load(open('./model_scaler/sangu_'+crop_nm_indicator(self)+'_scaler/sangu_'+crop_nm_indicator(self)+'_scaler_'+i+'.pkl', 'rb'))
FileNotFoundError: [Errno 2] No such file or directory: './model_scaler/sangu_만다린_scaler/sangu_만다린_scaler_sky_window.pkl'

2022-12-21 20:04:10,687 ERROR [root] [GH_optimization_model_load_predict_ver2.py:53] - train 데이터셋 만드는 중 오류 발생
2022-12-21 20:04:10,687 ERROR [GH_LOG] [GH_optimization_model_load_predict_ver2.py:274] - 예측하기 오류 발생
2022-12-21 20:04:10,687 ERROR [GH_LOG] [GH_optimization_model_load_predict_ver2.py:347] - Traceback (most recent call last):
  File "GH_optimization_model_load_predict_ver2.py", line 339, in run
    predicted_value, prd_date = GHModel.pridict_model(self, df)
TypeError: cannot unpack non-iterable NoneType object

2022-12-21 20:04:10,687 ERROR [GH_LOG] [GH_optimization_model_load_predict_ver2.py:348] - * 모듈 실행중 오류 발생 : cannot unpack non-iterable NoneType object
2022-12-21 20:04:10,688 INFO [GH_LOG] [GH_optimization_model_load_predict_ver2.py:321] - [6957]GH Model 실행 : 임대형1-01_딸기:
2022-12-21 20:04:10,842 ERROR [GH_LOG] [GH_optimization_model_load_predict_ver2.py:52] - Traceback (most recent call last):
  File "GH_optimization_model_load_predict_ver2.py", line 46, in scaling_make_dataset
    X_scaler = load(open('./model_scaler/sangu_'+crop_nm_indicator(self)+'_scaler/sangu_'+crop_nm_indicator(self)+'_scaler_'+i+'.pkl', 'rb'))
FileNotFoundError: [Errno 2] No such file or directory: './model_scaler/sangu_만다린_scaler/sangu_만다린_scaler_sky_window.pkl'

2022-12-21 20:04:10,842 ERROR [root] [GH_optimization_model_load_predict_ver2.py:53] - train 데이터셋 만드는 중 오류 발생
2022-12-21 20:04:10,843 ERROR [GH_LOG] [GH_optimization_model_load_predict_ver2.py:274] - 예측하기 오류 발생
2022-12-21 20:04:10,844 ERROR [GH_LOG] [GH_optimization_model_load_predict_ver2.py:347] - Traceback (most recent call last):
  File "GH_optimization_model_load_predict_ver2.py", line 339, in run
    predicted_value, prd_date = GHModel.pridict_model(self, df)
TypeError: cannot unpack non-iterable NoneType object

2022-12-21 20:04:10,844 ERROR [GH_LOG] [GH_optimization_model_load_predict_ver2.py:348] - * 모듈 실행중 오류 발생 : cannot unpack non-iterable NoneType object
2022-12-21 20:04:10,844 INFO [GH_LOG] [GH_optimization_model_load_predict_ver2.py:321] - [6960]GH Model 실행 : 임대형1-02_딸기:
2022-12-21 20:04:10,896 ERROR [GH_LOG] [GH_optimization_model_load_predict_ver2.py:52] - Traceback (most recent call last):
  File "GH_optimization_model_load_predict_ver2.py", line 46, in scaling_make_dataset
    X_scaler = load(open('./model_scaler/sangu_'+crop_nm_indicator(self)+'_scaler/sangu_'+crop_nm_indicator(self)+'_scaler_'+i+'.pkl', 'rb'))
FileNotFoundError: [Errno 2] No such file or directory: './model_scaler/sangu_만다린_scaler/sangu_만다린_scaler_sky_window.pkl'

2022-12-21 20:04:10,896 ERROR [root] [GH_optimization_model_load_predict_ver2.py:53] - train 데이터셋 만드는 중 오류 발생
2022-12-21 20:04:10,896 ERROR [GH_LOG] [GH_optimization_model_load_predict_ver2.py:274] - 예측하기 오류 발생
2022-12-21 20:04:10,897 ERROR [GH_LOG] [GH_optimization_model_load_predict_ver2.py:347] - Traceback (most recent call last):
  File "GH_optimization_model_load_predict_ver2.py", line 339, in run
    predicted_value, prd_date = GHModel.pridict_model(self, df)
TypeError: cannot unpack non-iterable NoneType object

2022-12-21 20:04:10,897 ERROR [GH_LOG] [GH_optimization_model_load_predict_ver2.py:348] - * 모듈 실행중 오류 발생 : cannot unpack non-iterable NoneType object
2022-12-21 20:04:10,897 INFO [GH_LOG] [GH_optimization_model_load_predict_ver2.py:321] - [6959]GH Model 실행 : 임대형1-03_딸기:
2022-12-21 20:04:11,096 ERROR [GH_LOG] [GH_optimization_model_load_predict_ver2.py:52] - Traceback (most recent call last):
  File "GH_optimization_model_load_predict_ver2.py", line 46, in scaling_make_dataset
    X_scaler = load(open('./model_scaler/sangu_'+crop_nm_indicator(self)+'_scaler/sangu_'+crop_nm_indicator(self)+'_scaler_'+i+'.pkl', 'rb'))
FileNotFoundError: [Errno 2] No such file or directory: './model_scaler/sangu_만다린_scaler/sangu_만다린_scaler_sky_window.pkl'

2022-12-21 20:04:11,096 ERROR [root] [GH_optimization_model_load_predict_ver2.py:53] - train 데이터셋 만드는 중 오류 발생
2022-12-21 20:04:11,096 ERROR [GH_LOG] [GH_optimization_model_load_predict_ver2.py:274] - 예측하기 오류 발생
2022-12-21 20:04:11,097 ERROR [GH_LOG] [GH_optimization_model_load_predict_ver2.py:347] - Traceback (most recent call last):
  File "GH_optimization_model_load_predict_ver2.py", line 339, in run
    predicted_value, prd_date = GHModel.pridict_model(self, df)
TypeError: cannot unpack non-iterable NoneType object

2022-12-21 20:04:11,097 ERROR [GH_LOG] [GH_optimization_model_load_predict_ver2.py:348] - * 모듈 실행중 오류 발생 : cannot unpack non-iterable NoneType object
2022-12-21 20:04:11,097 INFO [GH_LOG] [GH_optimization_model_load_predict_ver2.py:321] - [6957]GH Model 실행 : 임대형1-04_딸기:
2022-12-21 20:04:11,172 ERROR [GH_LOG] [GH_optimization_model_load_predict_ver2.py:52] - Traceback (most recent call last):
  File "GH_optimization_model_load_predict_ver2.py", line 46, in scaling_make_dataset
    X_scaler = load(open('./model_scaler/sangu_'+crop_nm_indicator(self)+'_scaler/sangu_'+crop_nm_indicator(self)+'_scaler_'+i+'.pkl', 'rb'))
FileNotFoundError: [Errno 2] No such file or directory: './model_scaler/sangu_만다린_scaler/sangu_만다린_scaler_sky_window.pkl'

2022-12-21 20:04:11,172 ERROR [root] [GH_optimization_model_load_predict_ver2.py:53] - train 데이터셋 만드는 중 오류 발생
2022-12-21 20:04:11,172 ERROR [GH_LOG] [GH_optimization_model_load_predict_ver2.py:274] - 예측하기 오류 발생
2022-12-21 20:04:11,172 ERROR [GH_LOG] [GH_optimization_model_load_predict_ver2.py:347] - Traceback (most recent call last):
  File "GH_optimization_model_load_predict_ver2.py", line 339, in run
    predicted_value, prd_date = GHModel.pridict_model(self, df)
TypeError: cannot unpack non-iterable NoneType object

2022-12-21 20:04:11,173 ERROR [GH_LOG] [GH_optimization_model_load_predict_ver2.py:348] - * 모듈 실행중 오류 발생 : cannot unpack non-iterable NoneType object
2022-12-21 20:04:11,905 ERROR [GH_LOG] [GH_optimization_model_load_predict_ver2.py:52] - Traceback (most recent call last):
  File "GH_optimization_model_load_predict_ver2.py", line 46, in scaling_make_dataset
    X_scaler = load(open('./model_scaler/sangu_'+crop_nm_indicator(self)+'_scaler/sangu_'+crop_nm_indicator(self)+'_scaler_'+i+'.pkl', 'rb'))
FileNotFoundError: [Errno 2] No such file or directory: './model_scaler/sangu_만다린_scaler/sangu_만다린_scaler_sky_window.pkl'

2022-12-21 20:04:11,905 ERROR [root] [GH_optimization_model_load_predict_ver2.py:53] - train 데이터셋 만드는 중 오류 발생
2022-12-21 20:04:11,906 ERROR [GH_LOG] [GH_optimization_model_load_predict_ver2.py:274] - 예측하기 오류 발생
2022-12-21 20:04:11,906 ERROR [GH_LOG] [GH_optimization_model_load_predict_ver2.py:347] - Traceback (most recent call last):
  File "GH_optimization_model_load_predict_ver2.py", line 339, in run
    predicted_value, prd_date = GHModel.pridict_model(self, df)
TypeError: cannot unpack non-iterable NoneType object

2022-12-21 20:04:11,906 ERROR [GH_LOG] [GH_optimization_model_load_predict_ver2.py:348] - * 모듈 실행중 오류 발생 : cannot unpack non-iterable NoneType object
2022-12-21 20:04:11,922 ERROR [GH_LOG] [GH_optimization_model_load_predict_ver2.py:52] - Traceback (most recent call last):
  File "GH_optimization_model_load_predict_ver2.py", line 46, in scaling_make_dataset
    X_scaler = load(open('./model_scaler/sangu_'+crop_nm_indicator(self)+'_scaler/sangu_'+crop_nm_indicator(self)+'_scaler_'+i+'.pkl', 'rb'))
FileNotFoundError: [Errno 2] No such file or directory: './model_scaler/sangu_만다린_scaler/sangu_만다린_scaler_sky_window.pkl'

2022-12-21 20:04:11,922 ERROR [root] [GH_optimization_model_load_predict_ver2.py:53] - train 데이터셋 만드는 중 오류 발생
2022-12-21 20:04:11,923 ERROR [GH_LOG] [GH_optimization_model_load_predict_ver2.py:274] - 예측하기 오류 발생
2022-12-21 20:04:11,923 ERROR [GH_LOG] [GH_optimization_model_load_predict_ver2.py:347] - Traceback (most recent call last):
  File "GH_optimization_model_load_predict_ver2.py", line 339, in run
    predicted_value, prd_date = GHModel.pridict_model(self, df)
TypeError: cannot unpack non-iterable NoneType object

2022-12-21 20:04:11,923 ERROR [GH_LOG] [GH_optimization_model_load_predict_ver2.py:348] - * 모듈 실행중 오류 발생 : cannot unpack non-iterable NoneType object
2022-12-21 20:04:11,985 ERROR [GH_LOG] [GH_optimization_model_load_predict_ver2.py:52] - Traceback (most recent call last):
  File "GH_optimization_model_load_predict_ver2.py", line 46, in scaling_make_dataset
    X_scaler = load(open('./model_scaler/sangu_'+crop_nm_indicator(self)+'_scaler/sangu_'+crop_nm_indicator(self)+'_scaler_'+i+'.pkl', 'rb'))
FileNotFoundError: [Errno 2] No such file or directory: './model_scaler/sangu_만다린_scaler/sangu_만다린_scaler_sky_window.pkl'

2022-12-21 20:04:11,985 ERROR [root] [GH_optimization_model_load_predict_ver2.py:53] - train 데이터셋 만드는 중 오류 발생
2022-12-21 20:04:11,986 ERROR [GH_LOG] [GH_optimization_model_load_predict_ver2.py:274] - 예측하기 오류 발생
2022-12-21 20:04:11,986 ERROR [GH_LOG] [GH_optimization_model_load_predict_ver2.py:347] - Traceback (most recent call last):
  File "GH_optimization_model_load_predict_ver2.py", line 339, in run
    predicted_value, prd_date = GHModel.pridict_model(self, df)
TypeError: cannot unpack non-iterable NoneType object

2022-12-21 20:04:11,986 ERROR [GH_LOG] [GH_optimization_model_load_predict_ver2.py:348] - * 모듈 실행중 오류 발생 : cannot unpack non-iterable NoneType object
2022-12-21 20:04:11,998 INFO [GH_LOG] [GH_optimization_model_load_predict_ver2.py:380] - ** 모듈 실행 완료 > 총 실행시간 : 0:00:02.035735
2022-12-21 20:06:02,761 INFO [GH_LOG] [GH_optimization_model_load_predict_ver2.py:356] - GH optimization model : Start
2022-12-21 20:06:02,779 INFO [GH_LOG] [GH_optimization_model_load_predict_ver2.py:321] - [7106]GH Model 실행 : 경영형-01_딸기:
2022-12-21 20:06:02,779 INFO [GH_LOG] [GH_optimization_model_load_predict_ver2.py:321] - [7107]GH Model 실행 : 경영형-02_토마토:
2022-12-21 20:06:02,779 INFO [GH_LOG] [GH_optimization_model_load_predict_ver2.py:321] - [7108]GH Model 실행 : 경영형-03_멜론:
2022-12-21 20:06:02,780 INFO [GH_LOG] [GH_optimization_model_load_predict_ver2.py:321] - [7109]GH Model 실행 : 경영형-04_만다린:
2022-12-21 20:06:03,130 ERROR [GH_LOG] [GH_optimization_model_load_predict_ver2.py:52] - Traceback (most recent call last):
  File "GH_optimization_model_load_predict_ver2.py", line 46, in scaling_make_dataset
    X_scaler = load(open('./model_scaler/sangu_'+crop_nm_indicator(self)+'_scaler/sangu_'+crop_nm_indicator(self)+'_scaler_'+i+'.pkl', 'rb'))
FileNotFoundError: [Errno 2] No such file or directory: './model_scaler/sangu_만다린_scaler/sangu_만다린_scaler_sky_window.pkl'

2022-12-21 20:06:03,130 ERROR [root] [GH_optimization_model_load_predict_ver2.py:53] - train 데이터셋 만드는 중 오류 발생
2022-12-21 20:06:03,130 ERROR [GH_LOG] [GH_optimization_model_load_predict_ver2.py:274] - 예측하기 오류 발생
2022-12-21 20:06:03,130 ERROR [GH_LOG] [GH_optimization_model_load_predict_ver2.py:347] - Traceback (most recent call last):
  File "GH_optimization_model_load_predict_ver2.py", line 339, in run
    predicted_value, prd_date = GHModel.pridict_model(self, df)
TypeError: cannot unpack non-iterable NoneType object

2022-12-21 20:06:03,130 ERROR [GH_LOG] [GH_optimization_model_load_predict_ver2.py:348] - * 모듈 실행중 오류 발생 : cannot unpack non-iterable NoneType object
2022-12-21 20:06:03,130 INFO [GH_LOG] [GH_optimization_model_load_predict_ver2.py:321] - [7107]GH Model 실행 : 교육형-01_딸기:
2022-12-21 20:06:03,131 ERROR [GH_LOG] [GH_optimization_model_load_predict_ver2.py:274] - 예측하기 오류 발생
2022-12-21 20:06:03,131 ERROR [GH_LOG] [GH_optimization_model_load_predict_ver2.py:347] - Traceback (most recent call last):
  File "GH_optimization_model_load_predict_ver2.py", line 339, in run
    predicted_value, prd_date = GHModel.pridict_model(self, df)
TypeError: cannot unpack non-iterable NoneType object

2022-12-21 20:06:03,131 ERROR [GH_LOG] [GH_optimization_model_load_predict_ver2.py:348] - * 모듈 실행중 오류 발생 : cannot unpack non-iterable NoneType object
2022-12-21 20:06:03,132 INFO [GH_LOG] [GH_optimization_model_load_predict_ver2.py:321] - [7109]GH Model 실행 : 교육형-02_토마토:
2022-12-21 20:06:03,133 ERROR [GH_LOG] [GH_optimization_model_load_predict_ver2.py:274] - 예측하기 오류 발생
2022-12-21 20:06:03,133 ERROR [GH_LOG] [GH_optimization_model_load_predict_ver2.py:347] - Traceback (most recent call last):
  File "GH_optimization_model_load_predict_ver2.py", line 339, in run
    predicted_value, prd_date = GHModel.pridict_model(self, df)
TypeError: cannot unpack non-iterable NoneType object

2022-12-21 20:06:03,133 ERROR [GH_LOG] [GH_optimization_model_load_predict_ver2.py:348] - * 모듈 실행중 오류 발생 : cannot unpack non-iterable NoneType object
2022-12-21 20:06:03,133 INFO [GH_LOG] [GH_optimization_model_load_predict_ver2.py:321] - [7106]GH Model 실행 : 교육형-03_멜론:
2022-12-21 20:06:03,295 ERROR [GH_LOG] [GH_optimization_model_load_predict_ver2.py:274] - 예측하기 오류 발생
2022-12-21 20:06:03,296 ERROR [GH_LOG] [GH_optimization_model_load_predict_ver2.py:347] - Traceback (most recent call last):
  File "GH_optimization_model_load_predict_ver2.py", line 339, in run
    predicted_value, prd_date = GHModel.pridict_model(self, df)
TypeError: cannot unpack non-iterable NoneType object

2022-12-21 20:06:03,296 ERROR [GH_LOG] [GH_optimization_model_load_predict_ver2.py:348] - * 모듈 실행중 오류 발생 : cannot unpack non-iterable NoneType object
2022-12-21 20:06:03,296 INFO [GH_LOG] [GH_optimization_model_load_predict_ver2.py:321] - [7108]GH Model 실행 : 교육형-04_만다린:
2022-12-21 20:06:03,399 ERROR [GH_LOG] [GH_optimization_model_load_predict_ver2.py:274] - 예측하기 오류 발생
2022-12-21 20:06:03,399 ERROR [GH_LOG] [GH_optimization_model_load_predict_ver2.py:347] - Traceback (most recent call last):
  File "GH_optimization_model_load_predict_ver2.py", line 339, in run
    predicted_value, prd_date = GHModel.pridict_model(self, df)
TypeError: cannot unpack non-iterable NoneType object

2022-12-21 20:06:03,399 ERROR [GH_LOG] [GH_optimization_model_load_predict_ver2.py:348] - * 모듈 실행중 오류 발생 : cannot unpack non-iterable NoneType object
2022-12-21 20:06:03,399 INFO [GH_LOG] [GH_optimization_model_load_predict_ver2.py:321] - [7109]GH Model 실행 : 임대형1-01_딸기:
2022-12-21 20:06:03,593 ERROR [GH_LOG] [GH_optimization_model_load_predict_ver2.py:52] - Traceback (most recent call last):
  File "GH_optimization_model_load_predict_ver2.py", line 46, in scaling_make_dataset
    X_scaler = load(open('./model_scaler/sangu_'+crop_nm_indicator(self)+'_scaler/sangu_'+crop_nm_indicator(self)+'_scaler_'+i+'.pkl', 'rb'))
FileNotFoundError: [Errno 2] No such file or directory: './model_scaler/sangu_만다린_scaler/sangu_만다린_scaler_sky_window.pkl'

2022-12-21 20:06:03,594 ERROR [root] [GH_optimization_model_load_predict_ver2.py:53] - train 데이터셋 만드는 중 오류 발생
2022-12-21 20:06:03,595 ERROR [GH_LOG] [GH_optimization_model_load_predict_ver2.py:274] - 예측하기 오류 발생
2022-12-21 20:06:03,595 ERROR [GH_LOG] [GH_optimization_model_load_predict_ver2.py:347] - Traceback (most recent call last):
  File "GH_optimization_model_load_predict_ver2.py", line 339, in run
    predicted_value, prd_date = GHModel.pridict_model(self, df)
TypeError: cannot unpack non-iterable NoneType object

2022-12-21 20:06:03,595 ERROR [GH_LOG] [GH_optimization_model_load_predict_ver2.py:348] - * 모듈 실행중 오류 발생 : cannot unpack non-iterable NoneType object
2022-12-21 20:06:03,595 INFO [GH_LOG] [GH_optimization_model_load_predict_ver2.py:321] - [7108]GH Model 실행 : 임대형1-02_딸기:
2022-12-21 20:06:03,906 ERROR [GH_LOG] [GH_optimization_model_load_predict_ver2.py:274] - 예측하기 오류 발생
2022-12-21 20:06:03,906 ERROR [GH_LOG] [GH_optimization_model_load_predict_ver2.py:347] - Traceback (most recent call last):
  File "GH_optimization_model_load_predict_ver2.py", line 339, in run
    predicted_value, prd_date = GHModel.pridict_model(self, df)
TypeError: cannot unpack non-iterable NoneType object

2022-12-21 20:06:03,906 ERROR [GH_LOG] [GH_optimization_model_load_predict_ver2.py:348] - * 모듈 실행중 오류 발생 : cannot unpack non-iterable NoneType object
2022-12-21 20:06:03,906 INFO [GH_LOG] [GH_optimization_model_load_predict_ver2.py:321] - [7106]GH Model 실행 : 임대형1-03_딸기:
2022-12-21 20:06:03,908 ERROR [GH_LOG] [GH_optimization_model_load_predict_ver2.py:274] - 예측하기 오류 발생
2022-12-21 20:06:03,908 ERROR [GH_LOG] [GH_optimization_model_load_predict_ver2.py:347] - Traceback (most recent call last):
  File "GH_optimization_model_load_predict_ver2.py", line 339, in run
    predicted_value, prd_date = GHModel.pridict_model(self, df)
TypeError: cannot unpack non-iterable NoneType object

2022-12-21 20:06:03,908 ERROR [GH_LOG] [GH_optimization_model_load_predict_ver2.py:348] - * 모듈 실행중 오류 발생 : cannot unpack non-iterable NoneType object
2022-12-21 20:06:03,908 INFO [GH_LOG] [GH_optimization_model_load_predict_ver2.py:321] - [7107]GH Model 실행 : 임대형1-04_딸기:
2022-12-21 20:06:03,926 ERROR [GH_LOG] [GH_optimization_model_load_predict_ver2.py:274] - 예측하기 오류 발생
2022-12-21 20:06:03,926 ERROR [GH_LOG] [GH_optimization_model_load_predict_ver2.py:347] - Traceback (most recent call last):
  File "GH_optimization_model_load_predict_ver2.py", line 339, in run
    predicted_value, prd_date = GHModel.pridict_model(self, df)
TypeError: cannot unpack non-iterable NoneType object

2022-12-21 20:06:03,926 ERROR [GH_LOG] [GH_optimization_model_load_predict_ver2.py:348] - * 모듈 실행중 오류 발생 : cannot unpack non-iterable NoneType object
2022-12-21 20:06:04,217 ERROR [GH_LOG] [GH_optimization_model_load_predict_ver2.py:274] - 예측하기 오류 발생
2022-12-21 20:06:04,217 ERROR [GH_LOG] [GH_optimization_model_load_predict_ver2.py:347] - Traceback (most recent call last):
  File "GH_optimization_model_load_predict_ver2.py", line 339, in run
    predicted_value, prd_date = GHModel.pridict_model(self, df)
TypeError: cannot unpack non-iterable NoneType object

2022-12-21 20:06:04,217 ERROR [GH_LOG] [GH_optimization_model_load_predict_ver2.py:348] - * 모듈 실행중 오류 발생 : cannot unpack non-iterable NoneType object
2022-12-21 20:06:04,221 ERROR [GH_LOG] [GH_optimization_model_load_predict_ver2.py:274] - 예측하기 오류 발생
2022-12-21 20:06:04,221 ERROR [GH_LOG] [GH_optimization_model_load_predict_ver2.py:347] - Traceback (most recent call last):
  File "GH_optimization_model_load_predict_ver2.py", line 339, in run
    predicted_value, prd_date = GHModel.pridict_model(self, df)
TypeError: cannot unpack non-iterable NoneType object

2022-12-21 20:06:04,221 ERROR [GH_LOG] [GH_optimization_model_load_predict_ver2.py:348] - * 모듈 실행중 오류 발생 : cannot unpack non-iterable NoneType object
2022-12-21 20:06:04,386 ERROR [GH_LOG] [GH_optimization_model_load_predict_ver2.py:274] - 예측하기 오류 발생
2022-12-21 20:06:04,386 ERROR [GH_LOG] [GH_optimization_model_load_predict_ver2.py:347] - Traceback (most recent call last):
  File "GH_optimization_model_load_predict_ver2.py", line 339, in run
    predicted_value, prd_date = GHModel.pridict_model(self, df)
TypeError: cannot unpack non-iterable NoneType object

2022-12-21 20:06:04,386 ERROR [GH_LOG] [GH_optimization_model_load_predict_ver2.py:348] - * 모듈 실행중 오류 발생 : cannot unpack non-iterable NoneType object
2022-12-21 20:06:04,399 INFO [GH_LOG] [GH_optimization_model_load_predict_ver2.py:380] - ** 모듈 실행 완료 > 총 실행시간 : 0:00:01.637569
2022-12-21 20:07:25,612 INFO [GH_LOG] [GH_optimization_model_load_predict_ver2.py:356] - GH optimization model : Start
2022-12-21 20:07:25,630 INFO [GH_LOG] [GH_optimization_model_load_predict_ver2.py:321] - [7261]GH Model 실행 : 경영형-01_딸기:
2022-12-21 20:07:25,630 INFO [GH_LOG] [GH_optimization_model_load_predict_ver2.py:321] - [7262]GH Model 실행 : 경영형-02_토마토:
2022-12-21 20:07:25,630 INFO [GH_LOG] [GH_optimization_model_load_predict_ver2.py:321] - [7263]GH Model 실행 : 경영형-03_멜론:
2022-12-21 20:07:25,630 INFO [GH_LOG] [GH_optimization_model_load_predict_ver2.py:321] - [7264]GH Model 실행 : 경영형-04_만다린:
2022-12-21 20:07:25,941 ERROR [GH_LOG] [GH_optimization_model_load_predict_ver2.py:274] - 예측하기 오류 발생
2022-12-21 20:07:25,941 ERROR [GH_LOG] [GH_optimization_model_load_predict_ver2.py:347] - Traceback (most recent call last):
  File "GH_optimization_model_load_predict_ver2.py", line 339, in run
    predicted_value, prd_date = GHModel.pridict_model(self, df)
TypeError: cannot unpack non-iterable NoneType object

2022-12-21 20:07:25,941 ERROR [GH_LOG] [GH_optimization_model_load_predict_ver2.py:348] - * 모듈 실행중 오류 발생 : cannot unpack non-iterable NoneType object
2022-12-21 20:07:25,942 INFO [GH_LOG] [GH_optimization_model_load_predict_ver2.py:321] - [7262]GH Model 실행 : 교육형-01_딸기:
2022-12-21 20:07:25,957 ERROR [GH_LOG] [GH_optimization_model_load_predict_ver2.py:274] - 예측하기 오류 발생
2022-12-21 20:07:25,957 ERROR [GH_LOG] [GH_optimization_model_load_predict_ver2.py:347] - Traceback (most recent call last):
  File "GH_optimization_model_load_predict_ver2.py", line 339, in run
    predicted_value, prd_date = GHModel.pridict_model(self, df)
TypeError: cannot unpack non-iterable NoneType object

2022-12-21 20:07:25,957 ERROR [GH_LOG] [GH_optimization_model_load_predict_ver2.py:348] - * 모듈 실행중 오류 발생 : cannot unpack non-iterable NoneType object
2022-12-21 20:07:25,958 INFO [GH_LOG] [GH_optimization_model_load_predict_ver2.py:321] - [7261]GH Model 실행 : 교육형-02_토마토:
2022-12-21 20:07:25,959 ERROR [GH_LOG] [GH_optimization_model_load_predict_ver2.py:274] - 예측하기 오류 발생
2022-12-21 20:07:25,960 ERROR [GH_LOG] [GH_optimization_model_load_predict_ver2.py:347] - Traceback (most recent call last):
  File "GH_optimization_model_load_predict_ver2.py", line 339, in run
    predicted_value, prd_date = GHModel.pridict_model(self, df)
TypeError: cannot unpack non-iterable NoneType object

2022-12-21 20:07:25,960 ERROR [GH_LOG] [GH_optimization_model_load_predict_ver2.py:348] - * 모듈 실행중 오류 발생 : cannot unpack non-iterable NoneType object
2022-12-21 20:07:25,960 INFO [GH_LOG] [GH_optimization_model_load_predict_ver2.py:321] - [7264]GH Model 실행 : 교육형-03_멜론:
2022-12-21 20:07:26,249 ERROR [GH_LOG] [GH_optimization_model_load_predict_ver2.py:274] - 예측하기 오류 발생
2022-12-21 20:07:26,249 ERROR [GH_LOG] [GH_optimization_model_load_predict_ver2.py:347] - Traceback (most recent call last):
  File "GH_optimization_model_load_predict_ver2.py", line 339, in run
    predicted_value, prd_date = GHModel.pridict_model(self, df)
TypeError: cannot unpack non-iterable NoneType object

2022-12-21 20:07:26,250 ERROR [GH_LOG] [GH_optimization_model_load_predict_ver2.py:348] - * 모듈 실행중 오류 발생 : cannot unpack non-iterable NoneType object
2022-12-21 20:07:26,250 INFO [GH_LOG] [GH_optimization_model_load_predict_ver2.py:321] - [7262]GH Model 실행 : 교육형-04_만다린:
2022-12-21 20:07:26,263 ERROR [GH_LOG] [GH_optimization_model_load_predict_ver2.py:274] - 예측하기 오류 발생
2022-12-21 20:07:26,263 ERROR [GH_LOG] [GH_optimization_model_load_predict_ver2.py:347] - Traceback (most recent call last):
  File "GH_optimization_model_load_predict_ver2.py", line 339, in run
    predicted_value, prd_date = GHModel.pridict_model(self, df)
TypeError: cannot unpack non-iterable NoneType object

2022-12-21 20:07:26,263 ERROR [GH_LOG] [GH_optimization_model_load_predict_ver2.py:348] - * 모듈 실행중 오류 발생 : cannot unpack non-iterable NoneType object
2022-12-21 20:07:26,263 INFO [GH_LOG] [GH_optimization_model_load_predict_ver2.py:321] - [7264]GH Model 실행 : 임대형1-01_딸기:
2022-12-21 20:07:26,500 ERROR [GH_LOG] [GH_optimization_model_load_predict_ver2.py:274] - 예측하기 오류 발생
2022-12-21 20:07:26,500 ERROR [GH_LOG] [GH_optimization_model_load_predict_ver2.py:347] - Traceback (most recent call last):
  File "GH_optimization_model_load_predict_ver2.py", line 339, in run
    predicted_value, prd_date = GHModel.pridict_model(self, df)
TypeError: cannot unpack non-iterable NoneType object

2022-12-21 20:07:26,500 ERROR [GH_LOG] [GH_optimization_model_load_predict_ver2.py:348] - * 모듈 실행중 오류 발생 : cannot unpack non-iterable NoneType object
2022-12-21 20:07:26,501 INFO [GH_LOG] [GH_optimization_model_load_predict_ver2.py:321] - [7261]GH Model 실행 : 임대형1-02_딸기:
2022-12-21 20:07:26,504 ERROR [GH_LOG] [GH_optimization_model_load_predict_ver2.py:274] - 예측하기 오류 발생
2022-12-21 20:07:26,505 ERROR [GH_LOG] [GH_optimization_model_load_predict_ver2.py:347] - Traceback (most recent call last):
  File "GH_optimization_model_load_predict_ver2.py", line 339, in run
    predicted_value, prd_date = GHModel.pridict_model(self, df)
TypeError: cannot unpack non-iterable NoneType object

2022-12-21 20:07:26,505 ERROR [GH_LOG] [GH_optimization_model_load_predict_ver2.py:348] - * 모듈 실행중 오류 발생 : cannot unpack non-iterable NoneType object
2022-12-21 20:07:26,505 INFO [GH_LOG] [GH_optimization_model_load_predict_ver2.py:321] - [7263]GH Model 실행 : 임대형1-03_딸기:
2022-12-21 20:07:26,571 ERROR [GH_LOG] [GH_optimization_model_load_predict_ver2.py:274] - 예측하기 오류 발생
2022-12-21 20:07:26,571 ERROR [GH_LOG] [GH_optimization_model_load_predict_ver2.py:347] - Traceback (most recent call last):
  File "GH_optimization_model_load_predict_ver2.py", line 339, in run
    predicted_value, prd_date = GHModel.pridict_model(self, df)
TypeError: cannot unpack non-iterable NoneType object

2022-12-21 20:07:26,572 ERROR [GH_LOG] [GH_optimization_model_load_predict_ver2.py:348] - * 모듈 실행중 오류 발생 : cannot unpack non-iterable NoneType object
2022-12-21 20:07:26,572 INFO [GH_LOG] [GH_optimization_model_load_predict_ver2.py:321] - [7264]GH Model 실행 : 임대형1-04_딸기:
2022-12-21 20:07:26,818 ERROR [GH_LOG] [GH_optimization_model_load_predict_ver2.py:274] - 예측하기 오류 발생
2022-12-21 20:07:26,818 ERROR [GH_LOG] [GH_optimization_model_load_predict_ver2.py:347] - Traceback (most recent call last):
  File "GH_optimization_model_load_predict_ver2.py", line 339, in run
    predicted_value, prd_date = GHModel.pridict_model(self, df)
TypeError: cannot unpack non-iterable NoneType object

2022-12-21 20:07:26,818 ERROR [GH_LOG] [GH_optimization_model_load_predict_ver2.py:348] - * 모듈 실행중 오류 발생 : cannot unpack non-iterable NoneType object
2022-12-21 20:07:26,835 ERROR [GH_LOG] [GH_optimization_model_load_predict_ver2.py:274] - 예측하기 오류 발생
2022-12-21 20:07:26,835 ERROR [GH_LOG] [GH_optimization_model_load_predict_ver2.py:347] - Traceback (most recent call last):
  File "GH_optimization_model_load_predict_ver2.py", line 339, in run
    predicted_value, prd_date = GHModel.pridict_model(self, df)
TypeError: cannot unpack non-iterable NoneType object

2022-12-21 20:07:26,836 ERROR [GH_LOG] [GH_optimization_model_load_predict_ver2.py:348] - * 모듈 실행중 오류 발생 : cannot unpack non-iterable NoneType object
2022-12-21 20:07:26,899 ERROR [GH_LOG] [GH_optimization_model_load_predict_ver2.py:274] - 예측하기 오류 발생
2022-12-21 20:07:26,899 ERROR [GH_LOG] [GH_optimization_model_load_predict_ver2.py:347] - Traceback (most recent call last):
  File "GH_optimization_model_load_predict_ver2.py", line 339, in run
    predicted_value, prd_date = GHModel.pridict_model(self, df)
TypeError: cannot unpack non-iterable NoneType object

2022-12-21 20:07:26,899 ERROR [GH_LOG] [GH_optimization_model_load_predict_ver2.py:348] - * 모듈 실행중 오류 발생 : cannot unpack non-iterable NoneType object
2022-12-21 20:07:27,228 ERROR [GH_LOG] [GH_optimization_model_load_predict_ver2.py:274] - 예측하기 오류 발생
2022-12-21 20:07:27,228 ERROR [GH_LOG] [GH_optimization_model_load_predict_ver2.py:347] - Traceback (most recent call last):
  File "GH_optimization_model_load_predict_ver2.py", line 339, in run
    predicted_value, prd_date = GHModel.pridict_model(self, df)
TypeError: cannot unpack non-iterable NoneType object

2022-12-21 20:07:27,228 ERROR [GH_LOG] [GH_optimization_model_load_predict_ver2.py:348] - * 모듈 실행중 오류 발생 : cannot unpack non-iterable NoneType object
2022-12-21 20:07:27,241 INFO [GH_LOG] [GH_optimization_model_load_predict_ver2.py:380] - ** 모듈 실행 완료 > 총 실행시간 : 0:00:01.629528
2022-12-21 20:09:26,699 INFO [GH_LOG] [GH_optimization_model_load_predict_ver2.py:356] - GH optimization model : Start
2022-12-21 20:09:26,717 INFO [GH_LOG] [GH_optimization_model_load_predict_ver2.py:321] - [7432]GH Model 실행 : 경영형-01_딸기:
2022-12-21 20:09:26,717 INFO [GH_LOG] [GH_optimization_model_load_predict_ver2.py:321] - [7433]GH Model 실행 : 경영형-02_토마토:
2022-12-21 20:09:26,717 INFO [GH_LOG] [GH_optimization_model_load_predict_ver2.py:321] - [7434]GH Model 실행 : 경영형-03_멜론:
2022-12-21 20:09:26,717 INFO [GH_LOG] [GH_optimization_model_load_predict_ver2.py:321] - [7435]GH Model 실행 : 경영형-04_만다린:
2022-12-21 20:09:27,069 ERROR [GH_LOG] [GH_optimization_model_load_predict_ver2.py:274] - 예측하기 오류 발생
2022-12-21 20:09:27,069 ERROR [GH_LOG] [GH_optimization_model_load_predict_ver2.py:274] - 예측하기 오류 발생
2022-12-21 20:09:27,069 ERROR [GH_LOG] [GH_optimization_model_load_predict_ver2.py:347] - Traceback (most recent call last):
  File "GH_optimization_model_load_predict_ver2.py", line 339, in run
    predicted_value, prd_date = GHModel.pridict_model(self, df)
TypeError: cannot unpack non-iterable NoneType object

2022-12-21 20:09:27,069 ERROR [GH_LOG] [GH_optimization_model_load_predict_ver2.py:347] - Traceback (most recent call last):
  File "GH_optimization_model_load_predict_ver2.py", line 339, in run
    predicted_value, prd_date = GHModel.pridict_model(self, df)
TypeError: cannot unpack non-iterable NoneType object

2022-12-21 20:09:27,069 ERROR [GH_LOG] [GH_optimization_model_load_predict_ver2.py:348] - * 모듈 실행중 오류 발생 : cannot unpack non-iterable NoneType object
2022-12-21 20:09:27,069 ERROR [GH_LOG] [GH_optimization_model_load_predict_ver2.py:348] - * 모듈 실행중 오류 발생 : cannot unpack non-iterable NoneType object
2022-12-21 20:09:27,070 INFO [GH_LOG] [GH_optimization_model_load_predict_ver2.py:321] - [7435]GH Model 실행 : 교육형-01_딸기:
2022-12-21 20:09:27,070 INFO [GH_LOG] [GH_optimization_model_load_predict_ver2.py:321] - [7432]GH Model 실행 : 교육형-02_토마토:
2022-12-21 20:09:27,074 ERROR [GH_LOG] [GH_optimization_model_load_predict_ver2.py:274] - 예측하기 오류 발생
2022-12-21 20:09:27,074 ERROR [GH_LOG] [GH_optimization_model_load_predict_ver2.py:347] - Traceback (most recent call last):
  File "GH_optimization_model_load_predict_ver2.py", line 339, in run
    predicted_value, prd_date = GHModel.pridict_model(self, df)
TypeError: cannot unpack non-iterable NoneType object

2022-12-21 20:09:27,074 ERROR [GH_LOG] [GH_optimization_model_load_predict_ver2.py:348] - * 모듈 실행중 오류 발생 : cannot unpack non-iterable NoneType object
2022-12-21 20:09:27,075 INFO [GH_LOG] [GH_optimization_model_load_predict_ver2.py:321] - [7434]GH Model 실행 : 교육형-03_멜론:
2022-12-21 20:09:27,374 ERROR [GH_LOG] [GH_optimization_model_load_predict_ver2.py:274] - 예측하기 오류 발생
2022-12-21 20:09:27,374 ERROR [GH_LOG] [GH_optimization_model_load_predict_ver2.py:347] - Traceback (most recent call last):
  File "GH_optimization_model_load_predict_ver2.py", line 339, in run
    predicted_value, prd_date = GHModel.pridict_model(self, df)
TypeError: cannot unpack non-iterable NoneType object

2022-12-21 20:09:27,374 ERROR [GH_LOG] [GH_optimization_model_load_predict_ver2.py:348] - * 모듈 실행중 오류 발생 : cannot unpack non-iterable NoneType object
2022-12-21 20:09:27,375 INFO [GH_LOG] [GH_optimization_model_load_predict_ver2.py:321] - [7433]GH Model 실행 : 교육형-04_만다린:
2022-12-21 20:09:27,390 ERROR [GH_LOG] [GH_optimization_model_load_predict_ver2.py:274] - 예측하기 오류 발생
2022-12-21 20:09:27,390 ERROR [GH_LOG] [GH_optimization_model_load_predict_ver2.py:347] - Traceback (most recent call last):
  File "GH_optimization_model_load_predict_ver2.py", line 339, in run
    predicted_value, prd_date = GHModel.pridict_model(self, df)
TypeError: cannot unpack non-iterable NoneType object

2022-12-21 20:09:27,390 ERROR [GH_LOG] [GH_optimization_model_load_predict_ver2.py:348] - * 모듈 실행중 오류 발생 : cannot unpack non-iterable NoneType object
2022-12-21 20:09:27,391 INFO [GH_LOG] [GH_optimization_model_load_predict_ver2.py:321] - [7435]GH Model 실행 : 임대형1-01_딸기:
2022-12-21 20:09:27,414 ERROR [GH_LOG] [GH_optimization_model_load_predict_ver2.py:274] - 예측하기 오류 발생
2022-12-21 20:09:27,414 ERROR [GH_LOG] [GH_optimization_model_load_predict_ver2.py:347] - Traceback (most recent call last):
  File "GH_optimization_model_load_predict_ver2.py", line 339, in run
    predicted_value, prd_date = GHModel.pridict_model(self, df)
TypeError: cannot unpack non-iterable NoneType object

2022-12-21 20:09:27,414 ERROR [GH_LOG] [GH_optimization_model_load_predict_ver2.py:348] - * 모듈 실행중 오류 발생 : cannot unpack non-iterable NoneType object
2022-12-21 20:09:27,414 INFO [GH_LOG] [GH_optimization_model_load_predict_ver2.py:321] - [7434]GH Model 실행 : 임대형1-02_딸기:
2022-12-21 20:09:27,436 ERROR [GH_LOG] [GH_optimization_model_load_predict_ver2.py:274] - 예측하기 오류 발생
2022-12-21 20:09:27,436 ERROR [GH_LOG] [GH_optimization_model_load_predict_ver2.py:347] - Traceback (most recent call last):
  File "GH_optimization_model_load_predict_ver2.py", line 339, in run
    predicted_value, prd_date = GHModel.pridict_model(self, df)
TypeError: cannot unpack non-iterable NoneType object

2022-12-21 20:09:27,436 ERROR [GH_LOG] [GH_optimization_model_load_predict_ver2.py:348] - * 모듈 실행중 오류 발생 : cannot unpack non-iterable NoneType object
2022-12-21 20:09:27,436 INFO [GH_LOG] [GH_optimization_model_load_predict_ver2.py:321] - [7432]GH Model 실행 : 임대형1-03_딸기:
2022-12-21 20:09:27,694 ERROR [GH_LOG] [GH_optimization_model_load_predict_ver2.py:274] - 예측하기 오류 발생
2022-12-21 20:09:27,694 ERROR [GH_LOG] [GH_optimization_model_load_predict_ver2.py:347] - Traceback (most recent call last):
  File "GH_optimization_model_load_predict_ver2.py", line 339, in run
    predicted_value, prd_date = GHModel.pridict_model(self, df)
TypeError: cannot unpack non-iterable NoneType object

2022-12-21 20:09:27,694 ERROR [GH_LOG] [GH_optimization_model_load_predict_ver2.py:348] - * 모듈 실행중 오류 발생 : cannot unpack non-iterable NoneType object
2022-12-21 20:09:27,694 INFO [GH_LOG] [GH_optimization_model_load_predict_ver2.py:321] - [7433]GH Model 실행 : 임대형1-04_딸기:
2022-12-21 20:09:27,736 ERROR [GH_LOG] [GH_optimization_model_load_predict_ver2.py:274] - 예측하기 오류 발생
2022-12-21 20:09:27,736 ERROR [GH_LOG] [GH_optimization_model_load_predict_ver2.py:347] - Traceback (most recent call last):
  File "GH_optimization_model_load_predict_ver2.py", line 339, in run
    predicted_value, prd_date = GHModel.pridict_model(self, df)
TypeError: cannot unpack non-iterable NoneType object

2022-12-21 20:09:27,736 ERROR [GH_LOG] [GH_optimization_model_load_predict_ver2.py:348] - * 모듈 실행중 오류 발생 : cannot unpack non-iterable NoneType object
2022-12-21 20:09:27,775 ERROR [GH_LOG] [GH_optimization_model_load_predict_ver2.py:274] - 예측하기 오류 발생
2022-12-21 20:09:27,775 ERROR [GH_LOG] [GH_optimization_model_load_predict_ver2.py:347] - Traceback (most recent call last):
  File "GH_optimization_model_load_predict_ver2.py", line 339, in run
    predicted_value, prd_date = GHModel.pridict_model(self, df)
TypeError: cannot unpack non-iterable NoneType object

2022-12-21 20:09:27,775 ERROR [GH_LOG] [GH_optimization_model_load_predict_ver2.py:348] - * 모듈 실행중 오류 발생 : cannot unpack non-iterable NoneType object
2022-12-21 20:09:27,997 ERROR [GH_LOG] [GH_optimization_model_load_predict_ver2.py:274] - 예측하기 오류 발생
2022-12-21 20:09:27,997 ERROR [GH_LOG] [GH_optimization_model_load_predict_ver2.py:347] - Traceback (most recent call last):
  File "GH_optimization_model_load_predict_ver2.py", line 339, in run
    predicted_value, prd_date = GHModel.pridict_model(self, df)
TypeError: cannot unpack non-iterable NoneType object

2022-12-21 20:09:27,997 ERROR [GH_LOG] [GH_optimization_model_load_predict_ver2.py:348] - * 모듈 실행중 오류 발생 : cannot unpack non-iterable NoneType object
2022-12-21 20:09:28,368 ERROR [GH_LOG] [GH_optimization_model_load_predict_ver2.py:274] - 예측하기 오류 발생
2022-12-21 20:09:28,368 ERROR [GH_LOG] [GH_optimization_model_load_predict_ver2.py:347] - Traceback (most recent call last):
  File "GH_optimization_model_load_predict_ver2.py", line 339, in run
    predicted_value, prd_date = GHModel.pridict_model(self, df)
TypeError: cannot unpack non-iterable NoneType object

2022-12-21 20:09:28,368 ERROR [GH_LOG] [GH_optimization_model_load_predict_ver2.py:348] - * 모듈 실행중 오류 발생 : cannot unpack non-iterable NoneType object
2022-12-21 20:09:28,381 INFO [GH_LOG] [GH_optimization_model_load_predict_ver2.py:380] - ** 모듈 실행 완료 > 총 실행시간 : 0:00:01.681920
2022-12-21 20:10:12,914 INFO [GH_LOG] [GH_optimization_model_load_predict_ver2.py:356] - GH optimization model : Start
2022-12-21 20:10:12,933 INFO [GH_LOG] [GH_optimization_model_load_predict_ver2.py:321] - [7588]GH Model 실행 : 경영형-02_토마토:
2022-12-21 20:10:12,933 INFO [GH_LOG] [GH_optimization_model_load_predict_ver2.py:321] - [7587]GH Model 실행 : 경영형-01_딸기:
2022-12-21 20:10:12,933 INFO [GH_LOG] [GH_optimization_model_load_predict_ver2.py:321] - [7589]GH Model 실행 : 경영형-03_멜론:
2022-12-21 20:10:12,933 INFO [GH_LOG] [GH_optimization_model_load_predict_ver2.py:321] - [7590]GH Model 실행 : 경영형-04_만다린:
2022-12-21 20:10:13,259 ERROR [GH_LOG] [GH_optimization_model_load_predict_ver2.py:274] - 예측하기 오류 발생
2022-12-21 20:10:13,259 ERROR [GH_LOG] [GH_optimization_model_load_predict_ver2.py:274] - 예측하기 오류 발생
2022-12-21 20:10:13,259 ERROR [GH_LOG] [GH_optimization_model_load_predict_ver2.py:347] - Traceback (most recent call last):
  File "GH_optimization_model_load_predict_ver2.py", line 339, in run
    predicted_value, prd_date = GHModel.pridict_model(self, df)
TypeError: cannot unpack non-iterable NoneType object

2022-12-21 20:10:13,259 ERROR [GH_LOG] [GH_optimization_model_load_predict_ver2.py:347] - Traceback (most recent call last):
  File "GH_optimization_model_load_predict_ver2.py", line 339, in run
    predicted_value, prd_date = GHModel.pridict_model(self, df)
TypeError: cannot unpack non-iterable NoneType object

2022-12-21 20:10:13,259 ERROR [GH_LOG] [GH_optimization_model_load_predict_ver2.py:348] - * 모듈 실행중 오류 발생 : cannot unpack non-iterable NoneType object
2022-12-21 20:10:13,259 ERROR [GH_LOG] [GH_optimization_model_load_predict_ver2.py:348] - * 모듈 실행중 오류 발생 : cannot unpack non-iterable NoneType object
2022-12-21 20:10:13,260 INFO [GH_LOG] [GH_optimization_model_load_predict_ver2.py:321] - [7588]GH Model 실행 : 교육형-01_딸기:
2022-12-21 20:10:13,260 INFO [GH_LOG] [GH_optimization_model_load_predict_ver2.py:321] - [7587]GH Model 실행 : 교육형-02_토마토:
2022-12-21 20:10:13,262 ERROR [GH_LOG] [GH_optimization_model_load_predict_ver2.py:274] - 예측하기 오류 발생
2022-12-21 20:10:13,262 ERROR [GH_LOG] [GH_optimization_model_load_predict_ver2.py:347] - Traceback (most recent call last):
  File "GH_optimization_model_load_predict_ver2.py", line 339, in run
    predicted_value, prd_date = GHModel.pridict_model(self, df)
TypeError: cannot unpack non-iterable NoneType object

2022-12-21 20:10:13,263 ERROR [GH_LOG] [GH_optimization_model_load_predict_ver2.py:348] - * 모듈 실행중 오류 발생 : cannot unpack non-iterable NoneType object
2022-12-21 20:10:13,263 INFO [GH_LOG] [GH_optimization_model_load_predict_ver2.py:321] - [7590]GH Model 실행 : 교육형-03_멜론:
2022-12-21 20:10:13,388 ERROR [GH_LOG] [GH_optimization_model_load_predict_ver2.py:274] - 예측하기 오류 발생
2022-12-21 20:10:13,388 ERROR [GH_LOG] [GH_optimization_model_load_predict_ver2.py:347] - Traceback (most recent call last):
  File "GH_optimization_model_load_predict_ver2.py", line 339, in run
    predicted_value, prd_date = GHModel.pridict_model(self, df)
TypeError: cannot unpack non-iterable NoneType object

2022-12-21 20:10:13,388 ERROR [GH_LOG] [GH_optimization_model_load_predict_ver2.py:348] - * 모듈 실행중 오류 발생 : cannot unpack non-iterable NoneType object
2022-12-21 20:10:13,388 INFO [GH_LOG] [GH_optimization_model_load_predict_ver2.py:321] - [7589]GH Model 실행 : 교육형-04_만다린:
2022-12-21 20:10:13,569 ERROR [GH_LOG] [GH_optimization_model_load_predict_ver2.py:274] - 예측하기 오류 발생
2022-12-21 20:10:13,569 ERROR [GH_LOG] [GH_optimization_model_load_predict_ver2.py:274] - 예측하기 오류 발생
2022-12-21 20:10:13,569 ERROR [GH_LOG] [GH_optimization_model_load_predict_ver2.py:347] - Traceback (most recent call last):
  File "GH_optimization_model_load_predict_ver2.py", line 339, in run
    predicted_value, prd_date = GHModel.pridict_model(self, df)
TypeError: cannot unpack non-iterable NoneType object

2022-12-21 20:10:13,569 ERROR [GH_LOG] [GH_optimization_model_load_predict_ver2.py:348] - * 모듈 실행중 오류 발생 : cannot unpack non-iterable NoneType object
2022-12-21 20:10:13,569 ERROR [GH_LOG] [GH_optimization_model_load_predict_ver2.py:347] - Traceback (most recent call last):
  File "GH_optimization_model_load_predict_ver2.py", line 339, in run
    predicted_value, prd_date = GHModel.pridict_model(self, df)
TypeError: cannot unpack non-iterable NoneType object

2022-12-21 20:10:13,569 ERROR [GH_LOG] [GH_optimization_model_load_predict_ver2.py:348] - * 모듈 실행중 오류 발생 : cannot unpack non-iterable NoneType object
2022-12-21 20:10:13,569 INFO [GH_LOG] [GH_optimization_model_load_predict_ver2.py:321] - [7588]GH Model 실행 : 임대형1-01_딸기:
2022-12-21 20:10:13,569 INFO [GH_LOG] [GH_optimization_model_load_predict_ver2.py:321] - [7587]GH Model 실행 : 임대형1-02_딸기:
2022-12-21 20:10:13,700 ERROR [GH_LOG] [GH_optimization_model_load_predict_ver2.py:274] - 예측하기 오류 발생
2022-12-21 20:10:13,700 ERROR [GH_LOG] [GH_optimization_model_load_predict_ver2.py:347] - Traceback (most recent call last):
  File "GH_optimization_model_load_predict_ver2.py", line 339, in run
    predicted_value, prd_date = GHModel.pridict_model(self, df)
TypeError: cannot unpack non-iterable NoneType object

2022-12-21 20:10:13,700 ERROR [GH_LOG] [GH_optimization_model_load_predict_ver2.py:348] - * 모듈 실행중 오류 발생 : cannot unpack non-iterable NoneType object
2022-12-21 20:10:13,700 INFO [GH_LOG] [GH_optimization_model_load_predict_ver2.py:321] - [7589]GH Model 실행 : 임대형1-03_딸기:
2022-12-21 20:10:13,858 ERROR [GH_LOG] [GH_optimization_model_load_predict_ver2.py:274] - 예측하기 오류 발생
2022-12-21 20:10:13,858 ERROR [GH_LOG] [GH_optimization_model_load_predict_ver2.py:347] - Traceback (most recent call last):
  File "GH_optimization_model_load_predict_ver2.py", line 339, in run
    predicted_value, prd_date = GHModel.pridict_model(self, df)
TypeError: cannot unpack non-iterable NoneType object

2022-12-21 20:10:13,858 ERROR [GH_LOG] [GH_optimization_model_load_predict_ver2.py:348] - * 모듈 실행중 오류 발생 : cannot unpack non-iterable NoneType object
2022-12-21 20:10:13,859 INFO [GH_LOG] [GH_optimization_model_load_predict_ver2.py:321] - [7587]GH Model 실행 : 임대형1-04_딸기:
2022-12-21 20:10:13,867 ERROR [GH_LOG] [GH_optimization_model_load_predict_ver2.py:274] - 예측하기 오류 발생
2022-12-21 20:10:13,867 ERROR [GH_LOG] [GH_optimization_model_load_predict_ver2.py:347] - Traceback (most recent call last):
  File "GH_optimization_model_load_predict_ver2.py", line 339, in run
    predicted_value, prd_date = GHModel.pridict_model(self, df)
TypeError: cannot unpack non-iterable NoneType object

2022-12-21 20:10:13,867 ERROR [GH_LOG] [GH_optimization_model_load_predict_ver2.py:348] - * 모듈 실행중 오류 발생 : cannot unpack non-iterable NoneType object
2022-12-21 20:10:14,159 ERROR [GH_LOG] [GH_optimization_model_load_predict_ver2.py:274] - 예측하기 오류 발생
2022-12-21 20:10:14,159 ERROR [GH_LOG] [GH_optimization_model_load_predict_ver2.py:347] - Traceback (most recent call last):
  File "GH_optimization_model_load_predict_ver2.py", line 339, in run
    predicted_value, prd_date = GHModel.pridict_model(self, df)
TypeError: cannot unpack non-iterable NoneType object

2022-12-21 20:10:14,159 ERROR [GH_LOG] [GH_optimization_model_load_predict_ver2.py:348] - * 모듈 실행중 오류 발생 : cannot unpack non-iterable NoneType object
2022-12-21 20:10:14,234 ERROR [GH_LOG] [GH_optimization_model_load_predict_ver2.py:274] - 예측하기 오류 발생
2022-12-21 20:10:14,235 ERROR [GH_LOG] [GH_optimization_model_load_predict_ver2.py:347] - Traceback (most recent call last):
  File "GH_optimization_model_load_predict_ver2.py", line 339, in run
    predicted_value, prd_date = GHModel.pridict_model(self, df)
TypeError: cannot unpack non-iterable NoneType object

2022-12-21 20:10:14,235 ERROR [GH_LOG] [GH_optimization_model_load_predict_ver2.py:348] - * 모듈 실행중 오류 발생 : cannot unpack non-iterable NoneType object
2022-12-21 20:10:14,327 ERROR [GH_LOG] [GH_optimization_model_load_predict_ver2.py:274] - 예측하기 오류 발생
2022-12-21 20:10:14,327 ERROR [GH_LOG] [GH_optimization_model_load_predict_ver2.py:347] - Traceback (most recent call last):
  File "GH_optimization_model_load_predict_ver2.py", line 339, in run
    predicted_value, prd_date = GHModel.pridict_model(self, df)
TypeError: cannot unpack non-iterable NoneType object

2022-12-21 20:10:14,327 ERROR [GH_LOG] [GH_optimization_model_load_predict_ver2.py:348] - * 모듈 실행중 오류 발생 : cannot unpack non-iterable NoneType object
2022-12-21 20:10:14,340 INFO [GH_LOG] [GH_optimization_model_load_predict_ver2.py:380] - ** 모듈 실행 완료 > 총 실행시간 : 0:00:01.425629
2022-12-21 20:11:12,914 INFO [GH_LOG] [GH_optimization_model_load_predict_ver2.py:356] - GH optimization model : Start
2022-12-21 20:11:12,931 INFO [GH_LOG] [GH_optimization_model_load_predict_ver2.py:321] - [7726]GH Model 실행 : 경영형-01_딸기:
2022-12-21 20:11:12,932 INFO [GH_LOG] [GH_optimization_model_load_predict_ver2.py:321] - [7727]GH Model 실행 : 경영형-02_토마토:
2022-12-21 20:11:12,932 INFO [GH_LOG] [GH_optimization_model_load_predict_ver2.py:321] - [7728]GH Model 실행 : 경영형-03_멜론:
2022-12-21 20:11:12,932 INFO [GH_LOG] [GH_optimization_model_load_predict_ver2.py:321] - [7729]GH Model 실행 : 경영형-04_만다린:
2022-12-21 20:11:15,113 ERROR [GH_LOG] [GH_optimization_model_load_predict_ver2.py:274] - 예측하기 오류 발생
2022-12-21 20:11:15,113 ERROR [GH_LOG] [GH_optimization_model_load_predict_ver2.py:347] - Traceback (most recent call last):
  File "GH_optimization_model_load_predict_ver2.py", line 339, in run
    predicted_value, prd_date = GHModel.pridict_model(self, df)
TypeError: cannot unpack non-iterable NoneType object

2022-12-21 20:11:15,114 ERROR [GH_LOG] [GH_optimization_model_load_predict_ver2.py:348] - * 모듈 실행중 오류 발생 : cannot unpack non-iterable NoneType object
2022-12-21 20:11:15,114 INFO [GH_LOG] [GH_optimization_model_load_predict_ver2.py:321] - [7726]GH Model 실행 : 교육형-01_딸기:
2022-12-21 20:11:15,126 ERROR [GH_LOG] [GH_optimization_model_load_predict_ver2.py:274] - 예측하기 오류 발생
2022-12-21 20:11:15,127 ERROR [GH_LOG] [GH_optimization_model_load_predict_ver2.py:347] - Traceback (most recent call last):
  File "GH_optimization_model_load_predict_ver2.py", line 339, in run
    predicted_value, prd_date = GHModel.pridict_model(self, df)
TypeError: cannot unpack non-iterable NoneType object

2022-12-21 20:11:15,127 ERROR [GH_LOG] [GH_optimization_model_load_predict_ver2.py:348] - * 모듈 실행중 오류 발생 : cannot unpack non-iterable NoneType object
2022-12-21 20:11:15,127 INFO [GH_LOG] [GH_optimization_model_load_predict_ver2.py:321] - [7727]GH Model 실행 : 교육형-02_토마토:
2022-12-21 20:11:15,131 ERROR [GH_LOG] [GH_optimization_model_load_predict_ver2.py:274] - 예측하기 오류 발생
2022-12-21 20:11:15,131 ERROR [GH_LOG] [GH_optimization_model_load_predict_ver2.py:347] - Traceback (most recent call last):
  File "GH_optimization_model_load_predict_ver2.py", line 339, in run
    predicted_value, prd_date = GHModel.pridict_model(self, df)
TypeError: cannot unpack non-iterable NoneType object

2022-12-21 20:11:15,131 ERROR [GH_LOG] [GH_optimization_model_load_predict_ver2.py:348] - * 모듈 실행중 오류 발생 : cannot unpack non-iterable NoneType object
2022-12-21 20:11:15,132 INFO [GH_LOG] [GH_optimization_model_load_predict_ver2.py:321] - [7729]GH Model 실행 : 교육형-03_멜론:
2022-12-21 20:11:15,132 ERROR [GH_LOG] [GH_optimization_model_load_predict_ver2.py:274] - 예측하기 오류 발생
2022-12-21 20:11:15,132 ERROR [GH_LOG] [GH_optimization_model_load_predict_ver2.py:347] - Traceback (most recent call last):
  File "GH_optimization_model_load_predict_ver2.py", line 339, in run
    predicted_value, prd_date = GHModel.pridict_model(self, df)
TypeError: cannot unpack non-iterable NoneType object

2022-12-21 20:11:15,133 ERROR [GH_LOG] [GH_optimization_model_load_predict_ver2.py:348] - * 모듈 실행중 오류 발생 : cannot unpack non-iterable NoneType object
2022-12-21 20:11:15,133 INFO [GH_LOG] [GH_optimization_model_load_predict_ver2.py:321] - [7728]GH Model 실행 : 교육형-04_만다린:
2022-12-21 20:11:15,476 ERROR [GH_LOG] [GH_optimization_model_load_predict_ver2.py:274] - 예측하기 오류 발생
2022-12-21 20:11:15,477 ERROR [GH_LOG] [GH_optimization_model_load_predict_ver2.py:347] - Traceback (most recent call last):
  File "GH_optimization_model_load_predict_ver2.py", line 339, in run
    predicted_value, prd_date = GHModel.pridict_model(self, df)
TypeError: cannot unpack non-iterable NoneType object

2022-12-21 20:11:15,477 ERROR [GH_LOG] [GH_optimization_model_load_predict_ver2.py:348] - * 모듈 실행중 오류 발생 : cannot unpack non-iterable NoneType object
2022-12-21 20:11:15,477 INFO [GH_LOG] [GH_optimization_model_load_predict_ver2.py:321] - [7727]GH Model 실행 : 임대형1-01_딸기:
2022-12-21 20:11:15,492 ERROR [GH_LOG] [GH_optimization_model_load_predict_ver2.py:274] - 예측하기 오류 발생
2022-12-21 20:11:15,493 ERROR [GH_LOG] [GH_optimization_model_load_predict_ver2.py:347] - Traceback (most recent call last):
  File "GH_optimization_model_load_predict_ver2.py", line 339, in run
    predicted_value, prd_date = GHModel.pridict_model(self, df)
TypeError: cannot unpack non-iterable NoneType object

2022-12-21 20:11:15,493 ERROR [GH_LOG] [GH_optimization_model_load_predict_ver2.py:348] - * 모듈 실행중 오류 발생 : cannot unpack non-iterable NoneType object
2022-12-21 20:11:15,493 INFO [GH_LOG] [GH_optimization_model_load_predict_ver2.py:321] - [7729]GH Model 실행 : 임대형1-02_딸기:
2022-12-21 20:11:15,575 ERROR [GH_LOG] [GH_optimization_model_load_predict_ver2.py:274] - 예측하기 오류 발생
2022-12-21 20:11:15,576 ERROR [GH_LOG] [GH_optimization_model_load_predict_ver2.py:347] - Traceback (most recent call last):
  File "GH_optimization_model_load_predict_ver2.py", line 339, in run
    predicted_value, prd_date = GHModel.pridict_model(self, df)
TypeError: cannot unpack non-iterable NoneType object

2022-12-21 20:11:15,577 ERROR [GH_LOG] [GH_optimization_model_load_predict_ver2.py:348] - * 모듈 실행중 오류 발생 : cannot unpack non-iterable NoneType object
2022-12-21 20:11:15,577 INFO [GH_LOG] [GH_optimization_model_load_predict_ver2.py:321] - [7726]GH Model 실행 : 임대형1-03_딸기:
2022-12-21 20:11:15,581 ERROR [GH_LOG] [GH_optimization_model_load_predict_ver2.py:274] - 예측하기 오류 발생
2022-12-21 20:11:15,581 ERROR [GH_LOG] [GH_optimization_model_load_predict_ver2.py:347] - Traceback (most recent call last):
  File "GH_optimization_model_load_predict_ver2.py", line 339, in run
    predicted_value, prd_date = GHModel.pridict_model(self, df)
TypeError: cannot unpack non-iterable NoneType object

2022-12-21 20:11:15,581 ERROR [GH_LOG] [GH_optimization_model_load_predict_ver2.py:348] - * 모듈 실행중 오류 발생 : cannot unpack non-iterable NoneType object
2022-12-21 20:11:15,581 INFO [GH_LOG] [GH_optimization_model_load_predict_ver2.py:321] - [7728]GH Model 실행 : 임대형1-04_딸기:
2022-12-21 20:11:15,906 ERROR [GH_LOG] [GH_optimization_model_load_predict_ver2.py:274] - 예측하기 오류 발생
2022-12-21 20:11:15,906 ERROR [GH_LOG] [GH_optimization_model_load_predict_ver2.py:347] - Traceback (most recent call last):
  File "GH_optimization_model_load_predict_ver2.py", line 339, in run
    predicted_value, prd_date = GHModel.pridict_model(self, df)
TypeError: cannot unpack non-iterable NoneType object

2022-12-21 20:11:15,906 ERROR [GH_LOG] [GH_optimization_model_load_predict_ver2.py:348] - * 모듈 실행중 오류 발생 : cannot unpack non-iterable NoneType object
2022-12-21 20:29:17,677 INFO [GH_LOG] [GH_optimization_model_load_predict_ver2.py:356] - GH optimization model : Start
2022-12-21 20:29:17,695 INFO [GH_LOG] [GH_optimization_model_load_predict_ver2.py:321] - [8420]GH Model 실행 : 경영형-01_딸기:
2022-12-21 20:29:17,695 INFO [GH_LOG] [GH_optimization_model_load_predict_ver2.py:321] - [8421]GH Model 실행 : 경영형-02_토마토:
2022-12-21 20:29:17,696 INFO [GH_LOG] [GH_optimization_model_load_predict_ver2.py:321] - [8422]GH Model 실행 : 경영형-03_멜론:
2022-12-21 20:29:17,696 INFO [GH_LOG] [GH_optimization_model_load_predict_ver2.py:321] - [8423]GH Model 실행 : 경영형-04_만다린:
2022-12-21 20:29:20,002 ERROR [GH_LOG] [GH_optimization_model_load_predict_ver2.py:274] - 예측하기 오류 발생
2022-12-21 20:29:20,002 ERROR [GH_LOG] [GH_optimization_model_load_predict_ver2.py:347] - Traceback (most recent call last):
  File "GH_optimization_model_load_predict_ver2.py", line 339, in run
    predicted_value, prd_date = GHModel.pridict_model(self, df)
TypeError: cannot unpack non-iterable NoneType object

2022-12-21 20:29:20,003 ERROR [GH_LOG] [GH_optimization_model_load_predict_ver2.py:348] - * 모듈 실행중 오류 발생 : cannot unpack non-iterable NoneType object
2022-12-21 20:29:20,003 INFO [GH_LOG] [GH_optimization_model_load_predict_ver2.py:321] - [8421]GH Model 실행 : 교육형-01_딸기:
2022-12-21 20:29:20,033 ERROR [GH_LOG] [GH_optimization_model_load_predict_ver2.py:274] - 예측하기 오류 발생
2022-12-21 20:29:20,034 ERROR [GH_LOG] [GH_optimization_model_load_predict_ver2.py:347] - Traceback (most recent call last):
  File "GH_optimization_model_load_predict_ver2.py", line 339, in run
    predicted_value, prd_date = GHModel.pridict_model(self, df)
TypeError: cannot unpack non-iterable NoneType object

2022-12-21 20:29:20,034 ERROR [GH_LOG] [GH_optimization_model_load_predict_ver2.py:348] - * 모듈 실행중 오류 발생 : cannot unpack non-iterable NoneType object
2022-12-21 20:29:20,034 INFO [GH_LOG] [GH_optimization_model_load_predict_ver2.py:321] - [8422]GH Model 실행 : 교육형-02_토마토:
2022-12-21 20:29:20,048 ERROR [GH_LOG] [GH_optimization_model_load_predict_ver2.py:274] - 예측하기 오류 발생
2022-12-21 20:29:20,049 ERROR [GH_LOG] [GH_optimization_model_load_predict_ver2.py:347] - Traceback (most recent call last):
  File "GH_optimization_model_load_predict_ver2.py", line 339, in run
    predicted_value, prd_date = GHModel.pridict_model(self, df)
TypeError: cannot unpack non-iterable NoneType object

2022-12-21 20:29:20,049 ERROR [GH_LOG] [GH_optimization_model_load_predict_ver2.py:348] - * 모듈 실행중 오류 발생 : cannot unpack non-iterable NoneType object
2022-12-21 20:29:20,050 INFO [GH_LOG] [GH_optimization_model_load_predict_ver2.py:321] - [8420]GH Model 실행 : 교육형-03_멜론:
2022-12-21 20:29:20,379 ERROR [GH_LOG] [GH_optimization_model_load_predict_ver2.py:274] - 예측하기 오류 발생
2022-12-21 20:29:20,380 ERROR [GH_LOG] [GH_optimization_model_load_predict_ver2.py:347] - Traceback (most recent call last):
  File "GH_optimization_model_load_predict_ver2.py", line 339, in run
    predicted_value, prd_date = GHModel.pridict_model(self, df)
TypeError: cannot unpack non-iterable NoneType object

2022-12-21 20:29:20,380 ERROR [GH_LOG] [GH_optimization_model_load_predict_ver2.py:348] - * 모듈 실행중 오류 발생 : cannot unpack non-iterable NoneType object
2022-12-21 20:29:20,380 INFO [GH_LOG] [GH_optimization_model_load_predict_ver2.py:321] - [8422]GH Model 실행 : 교육형-04_만다린:
2022-12-21 20:29:20,729 ERROR [GH_LOG] [GH_optimization_model_load_predict_ver2.py:274] - 예측하기 오류 발생
2022-12-21 20:29:20,730 ERROR [GH_LOG] [GH_optimization_model_load_predict_ver2.py:347] - Traceback (most recent call last):
  File "GH_optimization_model_load_predict_ver2.py", line 339, in run
    predicted_value, prd_date = GHModel.pridict_model(self, df)
TypeError: cannot unpack non-iterable NoneType object

2022-12-21 20:29:20,730 ERROR [GH_LOG] [GH_optimization_model_load_predict_ver2.py:348] - * 모듈 실행중 오류 발생 : cannot unpack non-iterable NoneType object
2022-12-21 20:29:20,730 INFO [GH_LOG] [GH_optimization_model_load_predict_ver2.py:321] - [8422]GH Model 실행 : 임대형1-01_딸기:
2022-12-21 20:29:20,855 INFO [GH_LOG] [GH_optimization_model_load_predict_ver2.py:321] - [8693]GH Model 실행 : 임대형1-02_딸기:
2022-12-21 20:29:21,427 INFO [GH_LOG] [GH_optimization_model_load_predict_ver2.py:321] - [8697]GH Model 실행 : 임대형1-03_딸기:
2022-12-21 20:29:23,273 ERROR [GH_LOG] [GH_optimization_model_load_predict_ver2.py:274] - 예측하기 오류 발생
2022-12-21 20:29:23,273 ERROR [GH_LOG] [GH_optimization_model_load_predict_ver2.py:347] - Traceback (most recent call last):
  File "GH_optimization_model_load_predict_ver2.py", line 339, in run
    predicted_value, prd_date = GHModel.pridict_model(self, df)
TypeError: cannot unpack non-iterable NoneType object

2022-12-21 20:29:23,274 ERROR [GH_LOG] [GH_optimization_model_load_predict_ver2.py:348] - * 모듈 실행중 오류 발생 : cannot unpack non-iterable NoneType object
2022-12-21 20:29:23,274 INFO [GH_LOG] [GH_optimization_model_load_predict_ver2.py:321] - [8697]GH Model 실행 : 임대형1-04_딸기:
2022-12-21 20:29:23,275 ERROR [GH_LOG] [GH_optimization_model_load_predict_ver2.py:274] - 예측하기 오류 발생
2022-12-21 20:29:23,275 ERROR [GH_LOG] [GH_optimization_model_load_predict_ver2.py:347] - Traceback (most recent call last):
  File "GH_optimization_model_load_predict_ver2.py", line 339, in run
    predicted_value, prd_date = GHModel.pridict_model(self, df)
TypeError: cannot unpack non-iterable NoneType object

2022-12-21 20:29:23,275 ERROR [GH_LOG] [GH_optimization_model_load_predict_ver2.py:348] - * 모듈 실행중 오류 발생 : cannot unpack non-iterable NoneType object
2022-12-21 20:29:24,281 ERROR [GH_LOG] [GH_optimization_model_load_predict_ver2.py:274] - 예측하기 오류 발생
2022-12-21 20:29:24,281 ERROR [GH_LOG] [GH_optimization_model_load_predict_ver2.py:347] - Traceback (most recent call last):
  File "GH_optimization_model_load_predict_ver2.py", line 339, in run
    predicted_value, prd_date = GHModel.pridict_model(self, df)
TypeError: cannot unpack non-iterable NoneType object

2022-12-21 20:29:24,281 ERROR [GH_LOG] [GH_optimization_model_load_predict_ver2.py:348] - * 모듈 실행중 오류 발생 : cannot unpack non-iterable NoneType object
2022-12-21 20:29:24,953 INFO [GH_LOG] [GH_optimization_model_load_predict_ver2.py:313] - 경영형-04_만다린 - 결과 DB 저장 완료
2022-12-21 20:34:01,562 INFO [GH_LOG] [GH_optimization_model_load_predict_ver2.py:356] - GH optimization model : Start
2022-12-21 20:34:01,571 INFO [GH_LOG] [GH_optimization_model_load_predict_ver2.py:321] - [9142]GH Model 실행 : 경영형-01_딸기:
2022-12-21 20:34:05,701 INFO [GH_LOG] [GH_optimization_model_load_predict_ver2.py:313] - 경영형-01_딸기 - 결과 DB 저장 완료
2022-12-21 20:34:05,701 INFO [GH_LOG] [GH_optimization_model_load_predict_ver2.py:321] - [9142]GH Model 실행 : 경영형-02_토마토:
2022-12-21 20:34:08,157 INFO [GH_LOG] [GH_optimization_model_load_predict_ver2.py:313] - 경영형-02_토마토 - 결과 DB 저장 완료
2022-12-21 20:34:08,158 INFO [GH_LOG] [GH_optimization_model_load_predict_ver2.py:321] - [9142]GH Model 실행 : 경영형-03_멜론:
2022-12-21 20:34:10,532 INFO [GH_LOG] [GH_optimization_model_load_predict_ver2.py:313] - 경영형-03_멜론 - 결과 DB 저장 완료
2022-12-21 20:34:10,533 INFO [GH_LOG] [GH_optimization_model_load_predict_ver2.py:321] - [9142]GH Model 실행 : 경영형-04_만다린:
2022-12-21 20:34:12,932 INFO [GH_LOG] [GH_optimization_model_load_predict_ver2.py:313] - 경영형-04_만다린 - 결과 DB 저장 완료
2022-12-21 20:34:12,932 INFO [GH_LOG] [GH_optimization_model_load_predict_ver2.py:321] - [9142]GH Model 실행 : 교육형-01_딸기:
2022-12-21 20:34:15,312 INFO [GH_LOG] [GH_optimization_model_load_predict_ver2.py:313] - 교육형-01_딸기 - 결과 DB 저장 완료
2022-12-21 20:34:15,312 INFO [GH_LOG] [GH_optimization_model_load_predict_ver2.py:321] - [9142]GH Model 실행 : 교육형-02_토마토:
2022-12-21 20:34:17,497 INFO [GH_LOG] [GH_optimization_model_load_predict_ver2.py:313] - 교육형-02_토마토 - 결과 DB 저장 완료
2022-12-21 20:34:17,498 INFO [GH_LOG] [GH_optimization_model_load_predict_ver2.py:321] - [9142]GH Model 실행 : 교육형-03_멜론:
2022-12-21 20:34:20,338 INFO [GH_LOG] [GH_optimization_model_load_predict_ver2.py:313] - 교육형-03_멜론 - 결과 DB 저장 완료
2022-12-21 20:34:20,338 INFO [GH_LOG] [GH_optimization_model_load_predict_ver2.py:321] - [9142]GH Model 실행 : 교육형-04_만다린:
2022-12-21 20:34:22,562 INFO [GH_LOG] [GH_optimization_model_load_predict_ver2.py:313] - 교육형-04_만다린 - 결과 DB 저장 완료
2022-12-21 20:34:22,562 INFO [GH_LOG] [GH_optimization_model_load_predict_ver2.py:321] - [9142]GH Model 실행 : 임대형1-01_딸기:
2022-12-21 20:34:25,341 INFO [GH_LOG] [GH_optimization_model_load_predict_ver2.py:313] - 임대형1-01_딸기 - 결과 DB 저장 완료
2022-12-21 20:34:25,342 INFO [GH_LOG] [GH_optimization_model_load_predict_ver2.py:321] - [9142]GH Model 실행 : 임대형1-02_딸기:
2022-12-21 20:34:27,650 INFO [GH_LOG] [GH_optimization_model_load_predict_ver2.py:313] - 임대형1-02_딸기 - 결과 DB 저장 완료
2022-12-21 20:34:27,650 INFO [GH_LOG] [GH_optimization_model_load_predict_ver2.py:321] - [9142]GH Model 실행 : 임대형1-03_딸기:
2022-12-21 20:34:30,284 INFO [GH_LOG] [GH_optimization_model_load_predict_ver2.py:313] - 임대형1-03_딸기 - 결과 DB 저장 완료
2022-12-21 20:34:30,285 INFO [GH_LOG] [GH_optimization_model_load_predict_ver2.py:321] - [9142]GH Model 실행 : 임대형1-04_딸기:
2022-12-21 20:34:32,989 INFO [GH_LOG] [GH_optimization_model_load_predict_ver2.py:313] - 임대형1-04_딸기 - 결과 DB 저장 완료
2022-12-21 20:34:33,214 INFO [GH_LOG] [GH_optimization_model_load_predict_ver2.py:380] - ** 모듈 실행 완료 > 총 실행시간 : 0:00:31.652011
