/bin/sh: python3: command not found
/bin/sh: python3: command not found
/bin/sh: /home/seoul/anaconda3/envs/tensorflow_gpu/lib/python3.8: 디렉터리입니다
/bin/sh: /usr/bin/python3: 그런 파일이나 디렉터리가 없습니다
Traceback (most recent call last):
  File "/home/seoul/joseokjun/smartfarm/smartfarm_ver2/smartfarm_ver2_code/GH_optimization_model_load_predict_ver2.py", line 25, in <module>
    import tensorflow
ModuleNotFoundError: No module named 'tensorflow'
/bin/sh: /home/seoul/anaconda3/envs/tensorflow_gpu: 디렉터리입니다
2022-12-22 10:01:02.172069: I tensorflow/stream_executor/platform/default/dso_loader.cc:53] Successfully opened dynamic library libcudart.so.11.0
Traceback (most recent call last):
  File "/home/seoul/joseokjun/smartfarm/smartfarm_ver2/smartfarm_ver2_code/GH_optimization_model_load_predict_ver2.py", line 33, in <module>
    f = open('./logging.conf','r',encoding='utf8')
FileNotFoundError: [Errno 2] No such file or directory: './logging.conf'
2022-12-22 10:05:01.979872: I tensorflow/stream_executor/platform/default/dso_loader.cc:53] Successfully opened dynamic library libcudart.so.11.0
Traceback (most recent call last):
  File "/home/seoul/joseokjun/smartfarm/smartfarm_ver2/smartfarm_ver2_code/GH_optimization_model_load_predict_ver2.py", line 34, in <module>
    logging.config.fileConfig(f)
  File "/home/seoul/anaconda3/envs/tensorflow_gpu/lib/python3.8/logging/config.py", line 79, in fileConfig
    handlers = _install_handlers(cp, formatters)
  File "/home/seoul/anaconda3/envs/tensorflow_gpu/lib/python3.8/logging/config.py", line 145, in _install_handlers
    h = klass(*args, **kwargs)
  File "/home/seoul/anaconda3/envs/tensorflow_gpu/lib/python3.8/logging/__init__.py", line 1143, in __init__
    StreamHandler.__init__(self, self._open())
  File "/home/seoul/anaconda3/envs/tensorflow_gpu/lib/python3.8/logging/__init__.py", line 1172, in _open
    return open(self.baseFilename, self.mode, encoding=self.encoding)
FileNotFoundError: [Errno 2] No such file or directory: '/home/seoul/log/error.log'
2022-12-22 10:28:01.917160: I tensorflow/stream_executor/platform/default/dso_loader.cc:53] Successfully opened dynamic library libcudart.so.11.0
Traceback (most recent call last):
  File "/home/seoul/joseokjun/smartfarm/smartfarm_ver2/smartfarm_ver2_code/GH_optimization_model_load_predict_ver2.py", line 34, in <module>
    logging.config.fileConfig(f)
  File "/home/seoul/anaconda3/envs/tensorflow_gpu/lib/python3.8/logging/config.py", line 79, in fileConfig
    handlers = _install_handlers(cp, formatters)
  File "/home/seoul/anaconda3/envs/tensorflow_gpu/lib/python3.8/logging/config.py", line 145, in _install_handlers
    h = klass(*args, **kwargs)
  File "/home/seoul/anaconda3/envs/tensorflow_gpu/lib/python3.8/logging/handlers.py", line 200, in __init__
    BaseRotatingHandler.__init__(self, filename, 'a', encoding, delay)
  File "/home/seoul/anaconda3/envs/tensorflow_gpu/lib/python3.8/logging/handlers.py", line 55, in __init__
    logging.FileHandler.__init__(self, filename, mode, encoding, delay)
  File "/home/seoul/anaconda3/envs/tensorflow_gpu/lib/python3.8/logging/__init__.py", line 1143, in __init__
    StreamHandler.__init__(self, self._open())
  File "/home/seoul/anaconda3/envs/tensorflow_gpu/lib/python3.8/logging/__init__.py", line 1172, in _open
    return open(self.baseFilename, self.mode, encoding=self.encoding)
FileNotFoundError: [Errno 2] No such file or directory: '/home/seoul/log/2022_12_22_error.log'
2022-12-22 10:32:01.809565: I tensorflow/stream_executor/platform/default/dso_loader.cc:53] Successfully opened dynamic library libcudart.so.11.0
2022-12-22 10:32:02,808 INFO [GH_LOG] GH optimization model : Start
2022-12-22 10:32:02,816 INFO [GH_LOG] [53633]GH Model 실행 : 경영형-01_딸기:
2022-12-22 10:32:02,879 DEBUG [GH_LOG] DB 연결 정상
2022-12-22 10:32:02,991 DEBUG [GH_LOG] [53633]refine_data start
2022-12-22 10:32:03,161 DEBUG [GH_LOG] process_missing_val start
2022-12-22 10:32:03,169 DEBUG [GH_LOG] [53633]pridict_model start
2022-12-22 10:32:03.180602: I tensorflow/stream_executor/platform/default/dso_loader.cc:53] Successfully opened dynamic library libcuda.so.1
2022-12-22 10:32:03.218549: I tensorflow/core/common_runtime/gpu/gpu_device.cc:1733] Found device 0 with properties: 
pciBusID: 0000:1a:00.0 name: NVIDIA GeForce RTX 3090 computeCapability: 8.6
coreClock: 1.695GHz coreCount: 82 deviceMemorySize: 23.70GiB deviceMemoryBandwidth: 871.81GiB/s
2022-12-22 10:32:03.218747: I tensorflow/core/common_runtime/gpu/gpu_device.cc:1733] Found device 1 with properties: 
pciBusID: 0000:68:00.0 name: NVIDIA GeForce RTX 3090 computeCapability: 8.6
coreClock: 1.695GHz coreCount: 82 deviceMemorySize: 23.70GiB deviceMemoryBandwidth: 871.81GiB/s
2022-12-22 10:32:03.218779: I tensorflow/stream_executor/platform/default/dso_loader.cc:53] Successfully opened dynamic library libcudart.so.11.0
2022-12-22 10:32:03.223156: I tensorflow/stream_executor/platform/default/dso_loader.cc:53] Successfully opened dynamic library libcublas.so.11
2022-12-22 10:32:03.223227: I tensorflow/stream_executor/platform/default/dso_loader.cc:53] Successfully opened dynamic library libcublasLt.so.11
2022-12-22 10:32:03.224162: I tensorflow/stream_executor/platform/default/dso_loader.cc:53] Successfully opened dynamic library libcufft.so.10
2022-12-22 10:32:03.224388: I tensorflow/stream_executor/platform/default/dso_loader.cc:53] Successfully opened dynamic library libcurand.so.10
2022-12-22 10:32:03.224800: I tensorflow/stream_executor/platform/default/dso_loader.cc:53] Successfully opened dynamic library libcusolver.so.11
2022-12-22 10:32:03.225548: I tensorflow/stream_executor/platform/default/dso_loader.cc:53] Successfully opened dynamic library libcusparse.so.11
2022-12-22 10:32:03.225675: I tensorflow/stream_executor/platform/default/dso_loader.cc:53] Successfully opened dynamic library libcudnn.so.8
2022-12-22 10:32:03.226274: I tensorflow/core/common_runtime/gpu/gpu_device.cc:1871] Adding visible gpu devices: 0, 1
2022-12-22 10:32:03.226702: I tensorflow/core/platform/cpu_feature_guard.cc:142] This TensorFlow binary is optimized with oneAPI Deep Neural Network Library (oneDNN) to use the following CPU instructions in performance-critical operations:  AVX2 AVX512F FMA
To enable them in other operations, rebuild TensorFlow with the appropriate compiler flags.
2022-12-22 10:32:03.527421: I tensorflow/core/common_runtime/gpu/gpu_device.cc:1733] Found device 0 with properties: 
pciBusID: 0000:1a:00.0 name: NVIDIA GeForce RTX 3090 computeCapability: 8.6
coreClock: 1.695GHz coreCount: 82 deviceMemorySize: 23.70GiB deviceMemoryBandwidth: 871.81GiB/s
2022-12-22 10:32:03.527831: I tensorflow/core/common_runtime/gpu/gpu_device.cc:1733] Found device 1 with properties: 
pciBusID: 0000:68:00.0 name: NVIDIA GeForce RTX 3090 computeCapability: 8.6
coreClock: 1.695GHz coreCount: 82 deviceMemorySize: 23.70GiB deviceMemoryBandwidth: 871.81GiB/s
2022-12-22 10:32:03.528317: I tensorflow/core/common_runtime/gpu/gpu_device.cc:1871] Adding visible gpu devices: 0, 1
2022-12-22 10:32:03.528360: I tensorflow/stream_executor/platform/default/dso_loader.cc:53] Successfully opened dynamic library libcudart.so.11.0
2022-12-22 10:32:04.136342: I tensorflow/core/common_runtime/gpu/gpu_device.cc:1258] Device interconnect StreamExecutor with strength 1 edge matrix:
2022-12-22 10:32:04.136382: I tensorflow/core/common_runtime/gpu/gpu_device.cc:1264]      0 1 
2022-12-22 10:32:04.136390: I tensorflow/core/common_runtime/gpu/gpu_device.cc:1277] 0:   N N 
2022-12-22 10:32:04.136395: I tensorflow/core/common_runtime/gpu/gpu_device.cc:1277] 1:   N N 
2022-12-22 10:32:04.137290: I tensorflow/core/common_runtime/gpu/gpu_device.cc:1418] Created TensorFlow device (/job:localhost/replica:0/task:0/device:GPU:0 with 22317 MB memory) -> physical GPU (device: 0, name: NVIDIA GeForce RTX 3090, pci bus id: 0000:1a:00.0, compute capability: 8.6)
2022-12-22 10:32:04.138006: I tensorflow/core/common_runtime/gpu/gpu_device.cc:1418] Created TensorFlow device (/job:localhost/replica:0/task:0/device:GPU:1 with 22292 MB memory) -> physical GPU (device: 1, name: NVIDIA GeForce RTX 3090, pci bus id: 0000:68:00.0, compute capability: 8.6)
2022-12-22 10:32:04.478787: I tensorflow/compiler/mlir/mlir_graph_optimization_pass.cc:176] None of the MLIR Optimization Passes are enabled (registered 2)
2022-12-22 10:32:04.479280: I tensorflow/core/platform/profile_utils/cpu_utils.cc:114] CPU Frequency: 3500000000 Hz
2022-12-22 10:32:04.667427: I tensorflow/stream_executor/platform/default/dso_loader.cc:53] Successfully opened dynamic library libcublas.so.11
2022-12-22 10:32:05.300483: I tensorflow/stream_executor/platform/default/dso_loader.cc:53] Successfully opened dynamic library libcublasLt.so.11
2022-12-22 10:32:05.300546: I tensorflow/stream_executor/cuda/cuda_blas.cc:1838] TensorFloat-32 will be used for the matrix multiplication. This will only be logged once.
2022-12-22 10:32:07,018 DEBUG [GH_LOG] DB 연결 정상
2022-12-22 10:32:07,045 INFO [GH_LOG] 경영형-01_딸기 - 결과 DB 저장 완료
2022-12-22 10:32:07,045 INFO [GH_LOG] [53633]GH Model 실행 : 경영형-02_토마토:
2022-12-22 10:32:07,126 DEBUG [GH_LOG] DB 연결 정상
2022-12-22 10:32:07,236 DEBUG [GH_LOG] [53633]refine_data start
2022-12-22 10:32:07,399 DEBUG [GH_LOG] process_missing_val start
2022-12-22 10:32:07,406 DEBUG [GH_LOG] [53633]pridict_model start
2022-12-22 10:32:10,038 DEBUG [GH_LOG] DB 연결 정상
2022-12-22 10:32:10,065 INFO [GH_LOG] 경영형-02_토마토 - 결과 DB 저장 완료
2022-12-22 10:32:10,066 INFO [GH_LOG] [53633]GH Model 실행 : 경영형-03_멜론:
2022-12-22 10:32:10,174 DEBUG [GH_LOG] DB 연결 정상
2022-12-22 10:32:10,349 DEBUG [GH_LOG] [53633]refine_data start
2022-12-22 10:32:10,513 DEBUG [GH_LOG] process_missing_val start
2022-12-22 10:32:10,520 DEBUG [GH_LOG] [53633]pridict_model start
2022-12-22 10:32:12,513 DEBUG [GH_LOG] DB 연결 정상
2022-12-22 10:32:12,537 INFO [GH_LOG] 경영형-03_멜론 - 결과 DB 저장 완료
2022-12-22 10:32:12,538 INFO [GH_LOG] [53633]GH Model 실행 : 경영형-04_만다린:
2022-12-22 10:32:12,606 DEBUG [GH_LOG] DB 연결 정상
2022-12-22 10:32:12,709 DEBUG [GH_LOG] [53633]refine_data start
2022-12-22 10:32:12,871 DEBUG [GH_LOG] process_missing_val start
2022-12-22 10:32:12,878 DEBUG [GH_LOG] [53633]pridict_model start
2022-12-22 10:32:15,033 DEBUG [GH_LOG] DB 연결 정상
2022-12-22 10:32:15,061 INFO [GH_LOG] 경영형-04_만다린 - 결과 DB 저장 완료
2022-12-22 10:32:15,061 INFO [GH_LOG] [53633]GH Model 실행 : 교육형-01_딸기:
2022-12-22 10:32:15,237 DEBUG [GH_LOG] DB 연결 정상
2022-12-22 10:32:15,418 DEBUG [GH_LOG] [53633]refine_data start
2022-12-22 10:32:15,577 DEBUG [GH_LOG] process_missing_val start
2022-12-22 10:32:15,584 DEBUG [GH_LOG] [53633]pridict_model start
2022-12-22 10:32:17,661 DEBUG [GH_LOG] DB 연결 정상
2022-12-22 10:32:17,678 INFO [GH_LOG] 교육형-01_딸기 - 결과 DB 저장 완료
2022-12-22 10:32:17,679 INFO [GH_LOG] [53633]GH Model 실행 : 교육형-02_토마토:
2022-12-22 10:32:17,730 DEBUG [GH_LOG] DB 연결 정상
2022-12-22 10:32:17,825 DEBUG [GH_LOG] [53633]refine_data start
2022-12-22 10:32:17,979 DEBUG [GH_LOG] process_missing_val start
2022-12-22 10:32:17,986 DEBUG [GH_LOG] [53633]pridict_model start
2022-12-22 10:32:20,039 DEBUG [GH_LOG] DB 연결 정상
2022-12-22 10:32:20,061 INFO [GH_LOG] 교육형-02_토마토 - 결과 DB 저장 완료
2022-12-22 10:32:20,062 INFO [GH_LOG] [53633]GH Model 실행 : 교육형-03_멜론:
2022-12-22 10:32:20,126 DEBUG [GH_LOG] DB 연결 정상
2022-12-22 10:32:20,253 DEBUG [GH_LOG] [53633]refine_data start
2022-12-22 10:32:20,414 DEBUG [GH_LOG] process_missing_val start
2022-12-22 10:32:20,421 DEBUG [GH_LOG] [53633]pridict_model start
2022-12-22 10:32:22,502 DEBUG [GH_LOG] DB 연결 정상
2022-12-22 10:32:22,526 INFO [GH_LOG] 교육형-03_멜론 - 결과 DB 저장 완료
2022-12-22 10:32:22,526 INFO [GH_LOG] [53633]GH Model 실행 : 교육형-04_만다린:
2022-12-22 10:32:22,587 DEBUG [GH_LOG] DB 연결 정상
2022-12-22 10:32:22,708 DEBUG [GH_LOG] [53633]refine_data start
2022-12-22 10:32:22,867 DEBUG [GH_LOG] process_missing_val start
2022-12-22 10:32:22,874 DEBUG [GH_LOG] [53633]pridict_model start
2022-12-22 10:32:24,923 DEBUG [GH_LOG] DB 연결 정상
2022-12-22 10:32:24,951 INFO [GH_LOG] 교육형-04_만다린 - 결과 DB 저장 완료
2022-12-22 10:32:24,951 INFO [GH_LOG] [53633]GH Model 실행 : 임대형1-01_딸기:
2022-12-22 10:32:25,019 DEBUG [GH_LOG] DB 연결 정상
2022-12-22 10:32:25,131 DEBUG [GH_LOG] [53633]refine_data start
2022-12-22 10:32:25,297 DEBUG [GH_LOG] process_missing_val start
2022-12-22 10:32:25,304 DEBUG [GH_LOG] [53633]pridict_model start
2022-12-22 10:32:27,463 DEBUG [GH_LOG] DB 연결 정상
2022-12-22 10:32:27,484 INFO [GH_LOG] 임대형1-01_딸기 - 결과 DB 저장 완료
2022-12-22 10:32:27,485 INFO [GH_LOG] [53633]GH Model 실행 : 임대형1-02_딸기:
2022-12-22 10:32:27,536 DEBUG [GH_LOG] DB 연결 정상
2022-12-22 10:32:27,652 DEBUG [GH_LOG] [53633]refine_data start
2022-12-22 10:32:27,810 DEBUG [GH_LOG] process_missing_val start
2022-12-22 10:32:27,817 DEBUG [GH_LOG] [53633]pridict_model start
2022-12-22 10:32:30,041 DEBUG [GH_LOG] DB 연결 정상
2022-12-22 10:32:30,070 INFO [GH_LOG] 임대형1-02_딸기 - 결과 DB 저장 완료
2022-12-22 10:32:30,070 INFO [GH_LOG] [53633]GH Model 실행 : 임대형1-03_딸기:
2022-12-22 10:32:30,130 DEBUG [GH_LOG] DB 연결 정상
2022-12-22 10:32:30,233 DEBUG [GH_LOG] [53633]refine_data start
2022-12-22 10:32:30,391 DEBUG [GH_LOG] process_missing_val start
2022-12-22 10:32:30,397 DEBUG [GH_LOG] [53633]pridict_model start
2022-12-22 10:32:32,491 DEBUG [GH_LOG] DB 연결 정상
2022-12-22 10:32:32,520 INFO [GH_LOG] 임대형1-03_딸기 - 결과 DB 저장 완료
2022-12-22 10:32:32,520 INFO [GH_LOG] [53633]GH Model 실행 : 임대형1-04_딸기:
2022-12-22 10:32:32,574 DEBUG [GH_LOG] DB 연결 정상
2022-12-22 10:32:32,681 DEBUG [GH_LOG] [53633]refine_data start
2022-12-22 10:32:32,838 DEBUG [GH_LOG] process_missing_val start
2022-12-22 10:32:32,845 DEBUG [GH_LOG] [53633]pridict_model start
2022-12-22 10:32:34,921 DEBUG [GH_LOG] DB 연결 정상
2022-12-22 10:32:34,948 INFO [GH_LOG] 임대형1-04_딸기 - 결과 DB 저장 완료
2022-12-22 10:32:35,152 INFO [GH_LOG] ** 모듈 실행 완료 > 총 실행시간 : 0:00:32.344472
2022-12-22 10:40:01.990996: I tensorflow/stream_executor/platform/default/dso_loader.cc:53] Successfully opened dynamic library libcudart.so.11.0
2022-12-22 10:40:03,020 INFO [GH_LOG] GH optimization model : Start
2022-12-22 10:40:03,029 INFO [GH_LOG] [54387]GH Model 실행 : 경영형-01_딸기:
2022-12-22 10:40:03,092 DEBUG [GH_LOG] DB 연결 정상
2022-12-22 10:40:03,203 DEBUG [GH_LOG] [54387]refine_data start
2022-12-22 10:40:03,371 DEBUG [GH_LOG] process_missing_val start
2022-12-22 10:40:03,379 DEBUG [GH_LOG] [54387]pridict_model start
2022-12-22 10:40:03.390832: I tensorflow/stream_executor/platform/default/dso_loader.cc:53] Successfully opened dynamic library libcuda.so.1
2022-12-22 10:40:03.428078: I tensorflow/core/common_runtime/gpu/gpu_device.cc:1733] Found device 0 with properties: 
pciBusID: 0000:1a:00.0 name: NVIDIA GeForce RTX 3090 computeCapability: 8.6
coreClock: 1.695GHz coreCount: 82 deviceMemorySize: 23.70GiB deviceMemoryBandwidth: 871.81GiB/s
2022-12-22 10:40:03.428282: I tensorflow/core/common_runtime/gpu/gpu_device.cc:1733] Found device 1 with properties: 
pciBusID: 0000:68:00.0 name: NVIDIA GeForce RTX 3090 computeCapability: 8.6
coreClock: 1.695GHz coreCount: 82 deviceMemorySize: 23.70GiB deviceMemoryBandwidth: 871.81GiB/s
2022-12-22 10:40:03.428315: I tensorflow/stream_executor/platform/default/dso_loader.cc:53] Successfully opened dynamic library libcudart.so.11.0
2022-12-22 10:40:03.432653: I tensorflow/stream_executor/platform/default/dso_loader.cc:53] Successfully opened dynamic library libcublas.so.11
2022-12-22 10:40:03.432711: I tensorflow/stream_executor/platform/default/dso_loader.cc:53] Successfully opened dynamic library libcublasLt.so.11
2022-12-22 10:40:03.433634: I tensorflow/stream_executor/platform/default/dso_loader.cc:53] Successfully opened dynamic library libcufft.so.10
2022-12-22 10:40:03.433864: I tensorflow/stream_executor/platform/default/dso_loader.cc:53] Successfully opened dynamic library libcurand.so.10
2022-12-22 10:40:03.434310: I tensorflow/stream_executor/platform/default/dso_loader.cc:53] Successfully opened dynamic library libcusolver.so.11
2022-12-22 10:40:03.435062: I tensorflow/stream_executor/platform/default/dso_loader.cc:53] Successfully opened dynamic library libcusparse.so.11
2022-12-22 10:40:03.435200: I tensorflow/stream_executor/platform/default/dso_loader.cc:53] Successfully opened dynamic library libcudnn.so.8
2022-12-22 10:40:03.435762: I tensorflow/core/common_runtime/gpu/gpu_device.cc:1871] Adding visible gpu devices: 0, 1
2022-12-22 10:40:03.436206: I tensorflow/core/platform/cpu_feature_guard.cc:142] This TensorFlow binary is optimized with oneAPI Deep Neural Network Library (oneDNN) to use the following CPU instructions in performance-critical operations:  AVX2 AVX512F FMA
To enable them in other operations, rebuild TensorFlow with the appropriate compiler flags.
2022-12-22 10:40:03.734174: I tensorflow/core/common_runtime/gpu/gpu_device.cc:1733] Found device 0 with properties: 
pciBusID: 0000:1a:00.0 name: NVIDIA GeForce RTX 3090 computeCapability: 8.6
coreClock: 1.695GHz coreCount: 82 deviceMemorySize: 23.70GiB deviceMemoryBandwidth: 871.81GiB/s
2022-12-22 10:40:03.734507: I tensorflow/core/common_runtime/gpu/gpu_device.cc:1733] Found device 1 with properties: 
pciBusID: 0000:68:00.0 name: NVIDIA GeForce RTX 3090 computeCapability: 8.6
coreClock: 1.695GHz coreCount: 82 deviceMemorySize: 23.70GiB deviceMemoryBandwidth: 871.81GiB/s
2022-12-22 10:40:03.734978: I tensorflow/core/common_runtime/gpu/gpu_device.cc:1871] Adding visible gpu devices: 0, 1
2022-12-22 10:40:03.735023: I tensorflow/stream_executor/platform/default/dso_loader.cc:53] Successfully opened dynamic library libcudart.so.11.0
2022-12-22 10:40:04.348757: I tensorflow/core/common_runtime/gpu/gpu_device.cc:1258] Device interconnect StreamExecutor with strength 1 edge matrix:
2022-12-22 10:40:04.348802: I tensorflow/core/common_runtime/gpu/gpu_device.cc:1264]      0 1 
2022-12-22 10:40:04.348811: I tensorflow/core/common_runtime/gpu/gpu_device.cc:1277] 0:   N N 
2022-12-22 10:40:04.348815: I tensorflow/core/common_runtime/gpu/gpu_device.cc:1277] 1:   N N 
2022-12-22 10:40:04.349705: I tensorflow/core/common_runtime/gpu/gpu_device.cc:1418] Created TensorFlow device (/job:localhost/replica:0/task:0/device:GPU:0 with 22317 MB memory) -> physical GPU (device: 0, name: NVIDIA GeForce RTX 3090, pci bus id: 0000:1a:00.0, compute capability: 8.6)
2022-12-22 10:40:04.350395: I tensorflow/core/common_runtime/gpu/gpu_device.cc:1418] Created TensorFlow device (/job:localhost/replica:0/task:0/device:GPU:1 with 22292 MB memory) -> physical GPU (device: 1, name: NVIDIA GeForce RTX 3090, pci bus id: 0000:68:00.0, compute capability: 8.6)
2022-12-22 10:40:04.691652: I tensorflow/compiler/mlir/mlir_graph_optimization_pass.cc:176] None of the MLIR Optimization Passes are enabled (registered 2)
2022-12-22 10:40:04.692139: I tensorflow/core/platform/profile_utils/cpu_utils.cc:114] CPU Frequency: 3500000000 Hz
2022-12-22 10:40:04.884260: I tensorflow/stream_executor/platform/default/dso_loader.cc:53] Successfully opened dynamic library libcublas.so.11
2022-12-22 10:40:05.502459: I tensorflow/stream_executor/platform/default/dso_loader.cc:53] Successfully opened dynamic library libcublasLt.so.11
2022-12-22 10:40:05.502523: I tensorflow/stream_executor/cuda/cuda_blas.cc:1838] TensorFloat-32 will be used for the matrix multiplication. This will only be logged once.
2022-12-22 10:40:07,231 DEBUG [GH_LOG] DB 연결 정상
2022-12-22 10:40:07,256 INFO [GH_LOG] 경영형-01_딸기 - 결과 DB 저장 완료
2022-12-22 10:40:07,256 INFO [GH_LOG] [54387]GH Model 실행 : 경영형-02_토마토:
2022-12-22 10:40:07,485 DEBUG [GH_LOG] DB 연결 정상
2022-12-22 10:40:07,598 DEBUG [GH_LOG] [54387]refine_data start
2022-12-22 10:40:07,764 DEBUG [GH_LOG] process_missing_val start
2022-12-22 10:40:07,771 DEBUG [GH_LOG] [54387]pridict_model start
2022-12-22 10:40:10,109 DEBUG [GH_LOG] DB 연결 정상
2022-12-22 10:40:10,134 INFO [GH_LOG] 경영형-02_토마토 - 결과 DB 저장 완료
2022-12-22 10:40:10,135 INFO [GH_LOG] [54387]GH Model 실행 : 경영형-03_멜론:
2022-12-22 10:40:10,201 DEBUG [GH_LOG] DB 연결 정상
2022-12-22 10:40:10,318 DEBUG [GH_LOG] [54387]refine_data start
2022-12-22 10:40:10,480 DEBUG [GH_LOG] process_missing_val start
2022-12-22 10:40:10,487 DEBUG [GH_LOG] [54387]pridict_model start
2022-12-22 10:40:13,046 DEBUG [GH_LOG] DB 연결 정상
2022-12-22 10:40:13,585 INFO [GH_LOG] 경영형-03_멜론 - 결과 DB 저장 완료
2022-12-22 10:40:13,585 INFO [GH_LOG] [54387]GH Model 실행 : 경영형-04_만다린:
2022-12-22 10:40:13,655 DEBUG [GH_LOG] DB 연결 정상
2022-12-22 10:40:13,767 DEBUG [GH_LOG] [54387]refine_data start
2022-12-22 10:40:13,931 DEBUG [GH_LOG] process_missing_val start
2022-12-22 10:40:13,938 DEBUG [GH_LOG] [54387]pridict_model start
2022-12-22 10:40:16,070 DEBUG [GH_LOG] DB 연결 정상
2022-12-22 10:40:16,096 INFO [GH_LOG] 경영형-04_만다린 - 결과 DB 저장 완료
2022-12-22 10:40:16,097 INFO [GH_LOG] [54387]GH Model 실행 : 교육형-01_딸기:
2022-12-22 10:40:16,214 DEBUG [GH_LOG] DB 연결 정상
2022-12-22 10:40:16,379 DEBUG [GH_LOG] [54387]refine_data start
2022-12-22 10:40:16,543 DEBUG [GH_LOG] process_missing_val start
2022-12-22 10:40:16,550 DEBUG [GH_LOG] [54387]pridict_model start
2022-12-22 10:40:19,113 DEBUG [GH_LOG] DB 연결 정상
2022-12-22 10:40:19,139 INFO [GH_LOG] 교육형-01_딸기 - 결과 DB 저장 완료
2022-12-22 10:40:19,139 INFO [GH_LOG] [54387]GH Model 실행 : 교육형-02_토마토:
2022-12-22 10:40:19,211 DEBUG [GH_LOG] DB 연결 정상
2022-12-22 10:40:19,322 DEBUG [GH_LOG] [54387]refine_data start
2022-12-22 10:40:19,482 DEBUG [GH_LOG] process_missing_val start
2022-12-22 10:40:19,489 DEBUG [GH_LOG] [54387]pridict_model start
2022-12-22 10:40:21,471 DEBUG [GH_LOG] DB 연결 정상
2022-12-22 10:40:21,494 INFO [GH_LOG] 교육형-02_토마토 - 결과 DB 저장 완료
2022-12-22 10:40:21,494 INFO [GH_LOG] [54387]GH Model 실행 : 교육형-03_멜론:
2022-12-22 10:40:21,757 DEBUG [GH_LOG] DB 연결 정상
2022-12-22 10:40:21,887 DEBUG [GH_LOG] [54387]refine_data start
2022-12-22 10:40:22,050 DEBUG [GH_LOG] process_missing_val start
2022-12-22 10:40:22,057 DEBUG [GH_LOG] [54387]pridict_model start
2022-12-22 10:40:24,213 DEBUG [GH_LOG] DB 연결 정상
2022-12-22 10:40:24,233 INFO [GH_LOG] 교육형-03_멜론 - 결과 DB 저장 완료
2022-12-22 10:40:24,234 INFO [GH_LOG] [54387]GH Model 실행 : 교육형-04_만다린:
2022-12-22 10:40:24,291 DEBUG [GH_LOG] DB 연결 정상
2022-12-22 10:40:24,401 DEBUG [GH_LOG] [54387]refine_data start
2022-12-22 10:40:24,561 DEBUG [GH_LOG] process_missing_val start
2022-12-22 10:40:24,567 DEBUG [GH_LOG] [54387]pridict_model start
2022-12-22 10:40:26,449 DEBUG [GH_LOG] DB 연결 정상
2022-12-22 10:40:26,460 INFO [GH_LOG] 교육형-04_만다린 - 결과 DB 저장 완료
2022-12-22 10:40:26,460 INFO [GH_LOG] [54387]GH Model 실행 : 임대형1-01_딸기:
2022-12-22 10:40:26,488 DEBUG [GH_LOG] DB 연결 정상
2022-12-22 10:40:26,565 DEBUG [GH_LOG] [54387]refine_data start
2022-12-22 10:40:26,723 DEBUG [GH_LOG] process_missing_val start
2022-12-22 10:40:26,730 DEBUG [GH_LOG] [54387]pridict_model start
2022-12-22 10:40:29,112 DEBUG [GH_LOG] DB 연결 정상
2022-12-22 10:40:29,140 INFO [GH_LOG] 임대형1-01_딸기 - 결과 DB 저장 완료
2022-12-22 10:40:29,140 INFO [GH_LOG] [54387]GH Model 실행 : 임대형1-02_딸기:
2022-12-22 10:40:29,198 DEBUG [GH_LOG] DB 연결 정상
2022-12-22 10:40:29,302 DEBUG [GH_LOG] [54387]refine_data start
2022-12-22 10:40:29,462 DEBUG [GH_LOG] process_missing_val start
2022-12-22 10:40:29,469 DEBUG [GH_LOG] [54387]pridict_model start
2022-12-22 10:40:31,384 DEBUG [GH_LOG] DB 연결 정상
2022-12-22 10:40:31,408 INFO [GH_LOG] 임대형1-02_딸기 - 결과 DB 저장 완료
2022-12-22 10:40:31,409 INFO [GH_LOG] [54387]GH Model 실행 : 임대형1-03_딸기:
2022-12-22 10:40:31,465 DEBUG [GH_LOG] DB 연결 정상
2022-12-22 10:40:31,579 DEBUG [GH_LOG] [54387]refine_data start
2022-12-22 10:40:31,741 DEBUG [GH_LOG] process_missing_val start
2022-12-22 10:40:31,747 DEBUG [GH_LOG] [54387]pridict_model start
2022-12-22 10:40:33,834 DEBUG [GH_LOG] DB 연결 정상
2022-12-22 10:40:33,858 INFO [GH_LOG] 임대형1-03_딸기 - 결과 DB 저장 완료
2022-12-22 10:40:33,859 INFO [GH_LOG] [54387]GH Model 실행 : 임대형1-04_딸기:
2022-12-22 10:40:33,922 DEBUG [GH_LOG] DB 연결 정상
2022-12-22 10:40:34,032 DEBUG [GH_LOG] [54387]refine_data start
2022-12-22 10:40:34,188 DEBUG [GH_LOG] process_missing_val start
2022-12-22 10:40:34,195 DEBUG [GH_LOG] [54387]pridict_model start
2022-12-22 10:40:36,380 DEBUG [GH_LOG] DB 연결 정상
2022-12-22 10:40:36,406 INFO [GH_LOG] 임대형1-04_딸기 - 결과 DB 저장 완료
2022-12-22 10:40:36,605 INFO [GH_LOG] ** 모듈 실행 완료 > 총 실행시간 : 0:00:33.583972
2022-12-22 10:50:02.466519: I tensorflow/stream_executor/platform/default/dso_loader.cc:53] Successfully opened dynamic library libcudart.so.11.0
2022-12-22 10:50:03,462 INFO [GH_LOG] GH optimization model : Start
2022-12-22 10:50:03,470 INFO [GH_LOG] [54967]GH Model 실행 : 경영형-01_딸기:
2022-12-22 10:50:04,187 DEBUG [GH_LOG] DB 연결 정상
2022-12-22 10:50:04,394 DEBUG [GH_LOG] [54967]refine_data start
2022-12-22 10:50:04,560 DEBUG [GH_LOG] process_missing_val start
2022-12-22 10:50:04,567 DEBUG [GH_LOG] [54967]pridict_model start
2022-12-22 10:50:04.579032: I tensorflow/stream_executor/platform/default/dso_loader.cc:53] Successfully opened dynamic library libcuda.so.1
2022-12-22 10:50:04.635299: I tensorflow/core/common_runtime/gpu/gpu_device.cc:1733] Found device 0 with properties: 
pciBusID: 0000:1a:00.0 name: NVIDIA GeForce RTX 3090 computeCapability: 8.6
coreClock: 1.695GHz coreCount: 82 deviceMemorySize: 23.70GiB deviceMemoryBandwidth: 871.81GiB/s
2022-12-22 10:50:04.635492: I tensorflow/core/common_runtime/gpu/gpu_device.cc:1733] Found device 1 with properties: 
pciBusID: 0000:68:00.0 name: NVIDIA GeForce RTX 3090 computeCapability: 8.6
coreClock: 1.695GHz coreCount: 82 deviceMemorySize: 23.70GiB deviceMemoryBandwidth: 871.81GiB/s
2022-12-22 10:50:04.635524: I tensorflow/stream_executor/platform/default/dso_loader.cc:53] Successfully opened dynamic library libcudart.so.11.0
2022-12-22 10:50:04.639803: I tensorflow/stream_executor/platform/default/dso_loader.cc:53] Successfully opened dynamic library libcublas.so.11
2022-12-22 10:50:04.639876: I tensorflow/stream_executor/platform/default/dso_loader.cc:53] Successfully opened dynamic library libcublasLt.so.11
2022-12-22 10:50:04.640800: I tensorflow/stream_executor/platform/default/dso_loader.cc:53] Successfully opened dynamic library libcufft.so.10
2022-12-22 10:50:04.641038: I tensorflow/stream_executor/platform/default/dso_loader.cc:53] Successfully opened dynamic library libcurand.so.10
2022-12-22 10:50:04.641445: I tensorflow/stream_executor/platform/default/dso_loader.cc:53] Successfully opened dynamic library libcusolver.so.11
2022-12-22 10:50:04.642176: I tensorflow/stream_executor/platform/default/dso_loader.cc:53] Successfully opened dynamic library libcusparse.so.11
2022-12-22 10:50:04.642303: I tensorflow/stream_executor/platform/default/dso_loader.cc:53] Successfully opened dynamic library libcudnn.so.8
2022-12-22 10:50:04.642869: I tensorflow/core/common_runtime/gpu/gpu_device.cc:1871] Adding visible gpu devices: 0, 1
2022-12-22 10:50:04.643310: I tensorflow/core/platform/cpu_feature_guard.cc:142] This TensorFlow binary is optimized with oneAPI Deep Neural Network Library (oneDNN) to use the following CPU instructions in performance-critical operations:  AVX2 AVX512F FMA
To enable them in other operations, rebuild TensorFlow with the appropriate compiler flags.
2022-12-22 10:50:04.952744: I tensorflow/core/common_runtime/gpu/gpu_device.cc:1733] Found device 0 with properties: 
pciBusID: 0000:1a:00.0 name: NVIDIA GeForce RTX 3090 computeCapability: 8.6
coreClock: 1.695GHz coreCount: 82 deviceMemorySize: 23.70GiB deviceMemoryBandwidth: 871.81GiB/s
2022-12-22 10:50:04.953110: I tensorflow/core/common_runtime/gpu/gpu_device.cc:1733] Found device 1 with properties: 
pciBusID: 0000:68:00.0 name: NVIDIA GeForce RTX 3090 computeCapability: 8.6
coreClock: 1.695GHz coreCount: 82 deviceMemorySize: 23.70GiB deviceMemoryBandwidth: 871.81GiB/s
2022-12-22 10:50:04.953591: I tensorflow/core/common_runtime/gpu/gpu_device.cc:1871] Adding visible gpu devices: 0, 1
2022-12-22 10:50:04.953632: I tensorflow/stream_executor/platform/default/dso_loader.cc:53] Successfully opened dynamic library libcudart.so.11.0
2022-12-22 10:50:05.559586: I tensorflow/core/common_runtime/gpu/gpu_device.cc:1258] Device interconnect StreamExecutor with strength 1 edge matrix:
2022-12-22 10:50:05.559633: I tensorflow/core/common_runtime/gpu/gpu_device.cc:1264]      0 1 
2022-12-22 10:50:05.559642: I tensorflow/core/common_runtime/gpu/gpu_device.cc:1277] 0:   N N 
2022-12-22 10:50:05.559646: I tensorflow/core/common_runtime/gpu/gpu_device.cc:1277] 1:   N N 
2022-12-22 10:50:05.560599: I tensorflow/core/common_runtime/gpu/gpu_device.cc:1418] Created TensorFlow device (/job:localhost/replica:0/task:0/device:GPU:0 with 22317 MB memory) -> physical GPU (device: 0, name: NVIDIA GeForce RTX 3090, pci bus id: 0000:1a:00.0, compute capability: 8.6)
2022-12-22 10:50:05.561369: I tensorflow/core/common_runtime/gpu/gpu_device.cc:1418] Created TensorFlow device (/job:localhost/replica:0/task:0/device:GPU:1 with 22292 MB memory) -> physical GPU (device: 1, name: NVIDIA GeForce RTX 3090, pci bus id: 0000:68:00.0, compute capability: 8.6)
2022-12-22 10:50:05.900415: I tensorflow/compiler/mlir/mlir_graph_optimization_pass.cc:176] None of the MLIR Optimization Passes are enabled (registered 2)
2022-12-22 10:50:05.900902: I tensorflow/core/platform/profile_utils/cpu_utils.cc:114] CPU Frequency: 3500000000 Hz
2022-12-22 10:50:06.086417: I tensorflow/stream_executor/platform/default/dso_loader.cc:53] Successfully opened dynamic library libcublas.so.11
2022-12-22 10:50:06.718044: I tensorflow/stream_executor/platform/default/dso_loader.cc:53] Successfully opened dynamic library libcublasLt.so.11
2022-12-22 10:50:06.718108: I tensorflow/stream_executor/cuda/cuda_blas.cc:1838] TensorFloat-32 will be used for the matrix multiplication. This will only be logged once.
2022-12-22 10:50:08,652 DEBUG [GH_LOG] DB 연결 정상
2022-12-22 10:50:08,680 INFO [GH_LOG] 경영형-01_딸기 - 결과 DB 저장 완료
2022-12-22 10:50:08,680 INFO [GH_LOG] [54967]GH Model 실행 : 경영형-02_토마토:
2022-12-22 10:50:08,749 DEBUG [GH_LOG] DB 연결 정상
2022-12-22 10:50:08,856 DEBUG [GH_LOG] [54967]refine_data start
2022-12-22 10:50:09,019 DEBUG [GH_LOG] process_missing_val start
2022-12-22 10:50:09,026 DEBUG [GH_LOG] [54967]pridict_model start
2022-12-22 10:50:11,130 DEBUG [GH_LOG] DB 연결 정상
2022-12-22 10:50:11,160 INFO [GH_LOG] 경영형-02_토마토 - 결과 DB 저장 완료
2022-12-22 10:50:11,161 INFO [GH_LOG] [54967]GH Model 실행 : 경영형-03_멜론:
2022-12-22 10:50:11,218 DEBUG [GH_LOG] DB 연결 정상
2022-12-22 10:50:11,379 DEBUG [GH_LOG] [54967]refine_data start
2022-12-22 10:50:11,545 DEBUG [GH_LOG] process_missing_val start
2022-12-22 10:50:11,552 DEBUG [GH_LOG] [54967]pridict_model start
2022-12-22 10:50:13,548 DEBUG [GH_LOG] DB 연결 정상
2022-12-22 10:50:13,577 INFO [GH_LOG] 경영형-03_멜론 - 결과 DB 저장 완료
2022-12-22 10:50:13,578 INFO [GH_LOG] [54967]GH Model 실행 : 경영형-04_만다린:
2022-12-22 10:50:14,191 DEBUG [GH_LOG] DB 연결 정상
2022-12-22 10:50:14,365 DEBUG [GH_LOG] [54967]refine_data start
2022-12-22 10:50:14,529 DEBUG [GH_LOG] process_missing_val start
2022-12-22 10:50:14,536 DEBUG [GH_LOG] [54967]pridict_model start
2022-12-22 10:50:16,680 DEBUG [GH_LOG] DB 연결 정상
2022-12-22 10:50:16,706 INFO [GH_LOG] 경영형-04_만다린 - 결과 DB 저장 완료
2022-12-22 10:50:16,706 INFO [GH_LOG] [54967]GH Model 실행 : 교육형-01_딸기:
2022-12-22 10:50:16,781 DEBUG [GH_LOG] DB 연결 정상
2022-12-22 10:50:16,892 DEBUG [GH_LOG] [54967]refine_data start
2022-12-22 10:50:17,053 DEBUG [GH_LOG] process_missing_val start
2022-12-22 10:50:17,060 DEBUG [GH_LOG] [54967]pridict_model start
2022-12-22 10:50:19,216 DEBUG [GH_LOG] DB 연결 정상
2022-12-22 10:50:19,241 INFO [GH_LOG] 교육형-01_딸기 - 결과 DB 저장 완료
2022-12-22 10:50:19,242 INFO [GH_LOG] [54967]GH Model 실행 : 교육형-02_토마토:
2022-12-22 10:50:19,300 DEBUG [GH_LOG] DB 연결 정상
2022-12-22 10:50:19,410 DEBUG [GH_LOG] [54967]refine_data start
2022-12-22 10:50:19,568 DEBUG [GH_LOG] process_missing_val start
2022-12-22 10:50:19,575 DEBUG [GH_LOG] [54967]pridict_model start
2022-12-22 10:50:21,566 DEBUG [GH_LOG] DB 연결 정상
2022-12-22 10:50:21,601 INFO [GH_LOG] 교육형-02_토마토 - 결과 DB 저장 완료
2022-12-22 10:50:21,601 INFO [GH_LOG] [54967]GH Model 실행 : 교육형-03_멜론:
2022-12-22 10:50:22,156 DEBUG [GH_LOG] DB 연결 정상
2022-12-22 10:50:22,281 DEBUG [GH_LOG] [54967]refine_data start
2022-12-22 10:50:22,443 DEBUG [GH_LOG] process_missing_val start
2022-12-22 10:50:22,450 DEBUG [GH_LOG] [54967]pridict_model start
2022-12-22 10:50:24,592 DEBUG [GH_LOG] DB 연결 정상
2022-12-22 10:50:24,621 INFO [GH_LOG] 교육형-03_멜론 - 결과 DB 저장 완료
2022-12-22 10:50:24,621 INFO [GH_LOG] [54967]GH Model 실행 : 교육형-04_만다린:
2022-12-22 10:50:24,684 DEBUG [GH_LOG] DB 연결 정상
2022-12-22 10:50:24,797 DEBUG [GH_LOG] [54967]refine_data start
2022-12-22 10:50:24,959 DEBUG [GH_LOG] process_missing_val start
2022-12-22 10:50:24,966 DEBUG [GH_LOG] [54967]pridict_model start
2022-12-22 10:50:26,897 DEBUG [GH_LOG] DB 연결 정상
2022-12-22 10:50:26,902 INFO [GH_LOG] 교육형-04_만다린 - 결과 DB 저장 완료
2022-12-22 10:50:26,902 INFO [GH_LOG] [54967]GH Model 실행 : 임대형1-01_딸기:
2022-12-22 10:50:27,162 DEBUG [GH_LOG] DB 연결 정상
2022-12-22 10:50:27,454 DEBUG [GH_LOG] [54967]refine_data start
2022-12-22 10:50:27,617 DEBUG [GH_LOG] process_missing_val start
2022-12-22 10:50:27,624 DEBUG [GH_LOG] [54967]pridict_model start
2022-12-22 10:50:29,769 DEBUG [GH_LOG] DB 연결 정상
2022-12-22 10:50:29,793 INFO [GH_LOG] 임대형1-01_딸기 - 결과 DB 저장 완료
2022-12-22 10:50:29,793 INFO [GH_LOG] [54967]GH Model 실행 : 임대형1-02_딸기:
2022-12-22 10:50:29,865 DEBUG [GH_LOG] DB 연결 정상
2022-12-22 10:50:29,986 DEBUG [GH_LOG] [54967]refine_data start
2022-12-22 10:50:30,147 DEBUG [GH_LOG] process_missing_val start
2022-12-22 10:50:30,154 DEBUG [GH_LOG] [54967]pridict_model start
2022-12-22 10:50:32,182 DEBUG [GH_LOG] DB 연결 정상
2022-12-22 10:50:32,205 INFO [GH_LOG] 임대형1-02_딸기 - 결과 DB 저장 완료
2022-12-22 10:50:32,205 INFO [GH_LOG] [54967]GH Model 실행 : 임대형1-03_딸기:
2022-12-22 10:50:32,691 DEBUG [GH_LOG] DB 연결 정상
2022-12-22 10:50:33,726 DEBUG [GH_LOG] [54967]refine_data start
2022-12-22 10:50:33,886 DEBUG [GH_LOG] process_missing_val start
2022-12-22 10:50:33,893 DEBUG [GH_LOG] [54967]pridict_model start
2022-12-22 10:50:36,095 DEBUG [GH_LOG] DB 연결 정상
2022-12-22 10:50:36,127 INFO [GH_LOG] 임대형1-03_딸기 - 결과 DB 저장 완료
2022-12-22 10:50:36,127 INFO [GH_LOG] [54967]GH Model 실행 : 임대형1-04_딸기:
2022-12-22 10:50:36,181 DEBUG [GH_LOG] DB 연결 정상
2022-12-22 10:50:36,301 DEBUG [GH_LOG] [54967]refine_data start
2022-12-22 10:50:36,458 DEBUG [GH_LOG] process_missing_val start
2022-12-22 10:50:36,465 DEBUG [GH_LOG] [54967]pridict_model start
2022-12-22 10:50:38,551 DEBUG [GH_LOG] DB 연결 정상
2022-12-22 10:50:38,572 INFO [GH_LOG] 임대형1-04_딸기 - 결과 DB 저장 완료
2022-12-22 10:50:38,763 INFO [GH_LOG] ** 모듈 실행 완료 > 총 실행시간 : 0:00:35.300691
2022-12-22 11:00:01.614524: I tensorflow/stream_executor/platform/default/dso_loader.cc:53] Successfully opened dynamic library libcudart.so.11.0
2022-12-22 11:00:02,627 INFO [GH_LOG] GH optimization model : Start
2022-12-22 11:00:02,636 INFO [GH_LOG] [55626]GH Model 실행 : 경영형-01_딸기:
2022-12-22 11:00:02,698 DEBUG [GH_LOG] DB 연결 정상
2022-12-22 11:00:02,818 DEBUG [GH_LOG] [55626]refine_data start
2022-12-22 11:00:02,981 DEBUG [GH_LOG] process_missing_val start
2022-12-22 11:00:02,988 DEBUG [GH_LOG] [55626]pridict_model start
2022-12-22 11:00:03.000014: I tensorflow/stream_executor/platform/default/dso_loader.cc:53] Successfully opened dynamic library libcuda.so.1
2022-12-22 11:00:03.036163: I tensorflow/core/common_runtime/gpu/gpu_device.cc:1733] Found device 0 with properties: 
pciBusID: 0000:1a:00.0 name: NVIDIA GeForce RTX 3090 computeCapability: 8.6
coreClock: 1.695GHz coreCount: 82 deviceMemorySize: 23.70GiB deviceMemoryBandwidth: 871.81GiB/s
2022-12-22 11:00:03.036366: I tensorflow/core/common_runtime/gpu/gpu_device.cc:1733] Found device 1 with properties: 
pciBusID: 0000:68:00.0 name: NVIDIA GeForce RTX 3090 computeCapability: 8.6
coreClock: 1.695GHz coreCount: 82 deviceMemorySize: 23.70GiB deviceMemoryBandwidth: 871.81GiB/s
2022-12-22 11:00:03.036396: I tensorflow/stream_executor/platform/default/dso_loader.cc:53] Successfully opened dynamic library libcudart.so.11.0
2022-12-22 11:00:03.040646: I tensorflow/stream_executor/platform/default/dso_loader.cc:53] Successfully opened dynamic library libcublas.so.11
2022-12-22 11:00:03.040707: I tensorflow/stream_executor/platform/default/dso_loader.cc:53] Successfully opened dynamic library libcublasLt.so.11
2022-12-22 11:00:03.041596: I tensorflow/stream_executor/platform/default/dso_loader.cc:53] Successfully opened dynamic library libcufft.so.10
2022-12-22 11:00:03.041817: I tensorflow/stream_executor/platform/default/dso_loader.cc:53] Successfully opened dynamic library libcurand.so.10
2022-12-22 11:00:03.042217: I tensorflow/stream_executor/platform/default/dso_loader.cc:53] Successfully opened dynamic library libcusolver.so.11
2022-12-22 11:00:03.042925: I tensorflow/stream_executor/platform/default/dso_loader.cc:53] Successfully opened dynamic library libcusparse.so.11
2022-12-22 11:00:03.043054: I tensorflow/stream_executor/platform/default/dso_loader.cc:53] Successfully opened dynamic library libcudnn.so.8
2022-12-22 11:00:03.043618: I tensorflow/core/common_runtime/gpu/gpu_device.cc:1871] Adding visible gpu devices: 0, 1
2022-12-22 11:00:03.044041: I tensorflow/core/platform/cpu_feature_guard.cc:142] This TensorFlow binary is optimized with oneAPI Deep Neural Network Library (oneDNN) to use the following CPU instructions in performance-critical operations:  AVX2 AVX512F FMA
To enable them in other operations, rebuild TensorFlow with the appropriate compiler flags.
2022-12-22 11:00:03.345862: I tensorflow/core/common_runtime/gpu/gpu_device.cc:1733] Found device 0 with properties: 
pciBusID: 0000:1a:00.0 name: NVIDIA GeForce RTX 3090 computeCapability: 8.6
coreClock: 1.695GHz coreCount: 82 deviceMemorySize: 23.70GiB deviceMemoryBandwidth: 871.81GiB/s
2022-12-22 11:00:03.346239: I tensorflow/core/common_runtime/gpu/gpu_device.cc:1733] Found device 1 with properties: 
pciBusID: 0000:68:00.0 name: NVIDIA GeForce RTX 3090 computeCapability: 8.6
coreClock: 1.695GHz coreCount: 82 deviceMemorySize: 23.70GiB deviceMemoryBandwidth: 871.81GiB/s
2022-12-22 11:00:03.346717: I tensorflow/core/common_runtime/gpu/gpu_device.cc:1871] Adding visible gpu devices: 0, 1
2022-12-22 11:00:03.346759: I tensorflow/stream_executor/platform/default/dso_loader.cc:53] Successfully opened dynamic library libcudart.so.11.0
2022-12-22 11:00:03.935575: I tensorflow/core/common_runtime/gpu/gpu_device.cc:1258] Device interconnect StreamExecutor with strength 1 edge matrix:
2022-12-22 11:00:03.935621: I tensorflow/core/common_runtime/gpu/gpu_device.cc:1264]      0 1 
2022-12-22 11:00:03.935630: I tensorflow/core/common_runtime/gpu/gpu_device.cc:1277] 0:   N N 
2022-12-22 11:00:03.935634: I tensorflow/core/common_runtime/gpu/gpu_device.cc:1277] 1:   N N 
2022-12-22 11:00:03.936554: I tensorflow/core/common_runtime/gpu/gpu_device.cc:1418] Created TensorFlow device (/job:localhost/replica:0/task:0/device:GPU:0 with 22317 MB memory) -> physical GPU (device: 0, name: NVIDIA GeForce RTX 3090, pci bus id: 0000:1a:00.0, compute capability: 8.6)
2022-12-22 11:00:03.937123: I tensorflow/core/common_runtime/gpu/gpu_device.cc:1418] Created TensorFlow device (/job:localhost/replica:0/task:0/device:GPU:1 with 22292 MB memory) -> physical GPU (device: 1, name: NVIDIA GeForce RTX 3090, pci bus id: 0000:68:00.0, compute capability: 8.6)
2022-12-22 11:00:04.271380: I tensorflow/compiler/mlir/mlir_graph_optimization_pass.cc:176] None of the MLIR Optimization Passes are enabled (registered 2)
2022-12-22 11:00:04.271851: I tensorflow/core/platform/profile_utils/cpu_utils.cc:114] CPU Frequency: 3500000000 Hz
2022-12-22 11:00:04.449304: I tensorflow/stream_executor/platform/default/dso_loader.cc:53] Successfully opened dynamic library libcublas.so.11
2022-12-22 11:00:05.070073: I tensorflow/stream_executor/platform/default/dso_loader.cc:53] Successfully opened dynamic library libcublasLt.so.11
2022-12-22 11:00:05.070135: I tensorflow/stream_executor/cuda/cuda_blas.cc:1838] TensorFloat-32 will be used for the matrix multiplication. This will only be logged once.
2022-12-22 11:00:06,759 DEBUG [GH_LOG] DB 연결 정상
2022-12-22 11:00:06,787 INFO [GH_LOG] 경영형-01_딸기 - 결과 DB 저장 완료
2022-12-22 11:00:06,787 INFO [GH_LOG] [55626]GH Model 실행 : 경영형-02_토마토:
2022-12-22 11:00:07,084 DEBUG [GH_LOG] DB 연결 정상
2022-12-22 11:00:07,184 DEBUG [GH_LOG] [55626]refine_data start
2022-12-22 11:00:07,345 DEBUG [GH_LOG] process_missing_val start
2022-12-22 11:00:07,352 DEBUG [GH_LOG] [55626]pridict_model start
2022-12-22 11:00:09,433 DEBUG [GH_LOG] DB 연결 정상
2022-12-22 11:00:09,510 INFO [GH_LOG] 경영형-02_토마토 - 결과 DB 저장 완료
2022-12-22 11:00:09,510 INFO [GH_LOG] [55626]GH Model 실행 : 경영형-03_멜론:
2022-12-22 11:00:09,578 DEBUG [GH_LOG] DB 연결 정상
2022-12-22 11:00:09,689 DEBUG [GH_LOG] [55626]refine_data start
2022-12-22 11:00:09,848 DEBUG [GH_LOG] process_missing_val start
2022-12-22 11:00:09,855 DEBUG [GH_LOG] [55626]pridict_model start
2022-12-22 11:00:11,796 DEBUG [GH_LOG] DB 연결 정상
2022-12-22 11:00:11,821 INFO [GH_LOG] 경영형-03_멜론 - 결과 DB 저장 완료
2022-12-22 11:00:11,821 INFO [GH_LOG] [55626]GH Model 실행 : 경영형-04_만다린:
2022-12-22 11:00:11,893 DEBUG [GH_LOG] DB 연결 정상
2022-12-22 11:00:11,990 DEBUG [GH_LOG] [55626]refine_data start
2022-12-22 11:00:12,152 DEBUG [GH_LOG] process_missing_val start
2022-12-22 11:00:12,159 DEBUG [GH_LOG] [55626]pridict_model start
2022-12-22 11:00:14,261 DEBUG [GH_LOG] DB 연결 정상
2022-12-22 11:00:14,500 INFO [GH_LOG] 경영형-04_만다린 - 결과 DB 저장 완료
2022-12-22 11:00:14,501 INFO [GH_LOG] [55626]GH Model 실행 : 교육형-01_딸기:
2022-12-22 11:00:14,554 DEBUG [GH_LOG] DB 연결 정상
2022-12-22 11:00:14,651 DEBUG [GH_LOG] [55626]refine_data start
2022-12-22 11:00:14,811 DEBUG [GH_LOG] process_missing_val start
2022-12-22 11:00:14,818 DEBUG [GH_LOG] [55626]pridict_model start
2022-12-22 11:00:17,262 DEBUG [GH_LOG] DB 연결 정상
2022-12-22 11:00:17,281 INFO [GH_LOG] 교육형-01_딸기 - 결과 DB 저장 완료
2022-12-22 11:00:17,281 INFO [GH_LOG] [55626]GH Model 실행 : 교육형-02_토마토:
2022-12-22 11:00:17,315 DEBUG [GH_LOG] DB 연결 정상
2022-12-22 11:00:17,396 DEBUG [GH_LOG] [55626]refine_data start
2022-12-22 11:00:17,552 DEBUG [GH_LOG] process_missing_val start
2022-12-22 11:00:17,558 DEBUG [GH_LOG] [55626]pridict_model start
2022-12-22 11:00:19,486 DEBUG [GH_LOG] DB 연결 정상
2022-12-22 11:00:19,510 INFO [GH_LOG] 교육형-02_토마토 - 결과 DB 저장 완료
2022-12-22 11:00:19,510 INFO [GH_LOG] [55626]GH Model 실행 : 교육형-03_멜론:
2022-12-22 11:00:19,570 DEBUG [GH_LOG] DB 연결 정상
2022-12-22 11:00:19,664 DEBUG [GH_LOG] [55626]refine_data start
2022-12-22 11:00:19,826 DEBUG [GH_LOG] process_missing_val start
2022-12-22 11:00:19,833 DEBUG [GH_LOG] [55626]pridict_model start
2022-12-22 11:00:22,015 DEBUG [GH_LOG] DB 연결 정상
2022-12-22 11:00:22,044 INFO [GH_LOG] 교육형-03_멜론 - 결과 DB 저장 완료
2022-12-22 11:00:22,045 INFO [GH_LOG] [55626]GH Model 실행 : 교육형-04_만다린:
2022-12-22 11:00:22,113 DEBUG [GH_LOG] DB 연결 정상
2022-12-22 11:00:22,227 DEBUG [GH_LOG] [55626]refine_data start
2022-12-22 11:00:22,392 DEBUG [GH_LOG] process_missing_val start
2022-12-22 11:00:22,399 DEBUG [GH_LOG] [55626]pridict_model start
2022-12-22 11:00:24,563 DEBUG [GH_LOG] DB 연결 정상
2022-12-22 11:00:24,588 INFO [GH_LOG] 교육형-04_만다린 - 결과 DB 저장 완료
2022-12-22 11:00:24,589 INFO [GH_LOG] [55626]GH Model 실행 : 임대형1-01_딸기:
2022-12-22 11:00:24,660 DEBUG [GH_LOG] DB 연결 정상
2022-12-22 11:00:24,763 DEBUG [GH_LOG] [55626]refine_data start
2022-12-22 11:00:24,925 DEBUG [GH_LOG] process_missing_val start
2022-12-22 11:00:24,932 DEBUG [GH_LOG] [55626]pridict_model start
2022-12-22 11:00:27,273 DEBUG [GH_LOG] DB 연결 정상
2022-12-22 11:00:27,297 INFO [GH_LOG] 임대형1-01_딸기 - 결과 DB 저장 완료
2022-12-22 11:00:27,298 INFO [GH_LOG] [55626]GH Model 실행 : 임대형1-02_딸기:
2022-12-22 11:00:27,346 DEBUG [GH_LOG] DB 연결 정상
2022-12-22 11:00:27,446 DEBUG [GH_LOG] [55626]refine_data start
2022-12-22 11:00:27,606 DEBUG [GH_LOG] process_missing_val start
2022-12-22 11:00:27,613 DEBUG [GH_LOG] [55626]pridict_model start
2022-12-22 11:00:29,607 DEBUG [GH_LOG] DB 연결 정상
2022-12-22 11:00:29,630 INFO [GH_LOG] 임대형1-02_딸기 - 결과 DB 저장 완료
2022-12-22 11:00:29,630 INFO [GH_LOG] [55626]GH Model 실행 : 임대형1-03_딸기:
2022-12-22 11:00:29,695 DEBUG [GH_LOG] DB 연결 정상
2022-12-22 11:00:29,792 DEBUG [GH_LOG] [55626]refine_data start
2022-12-22 11:00:29,958 DEBUG [GH_LOG] process_missing_val start
2022-12-22 11:00:29,965 DEBUG [GH_LOG] [55626]pridict_model start
2022-12-22 11:00:32,107 DEBUG [GH_LOG] DB 연결 정상
2022-12-22 11:00:32,131 INFO [GH_LOG] 임대형1-03_딸기 - 결과 DB 저장 완료
2022-12-22 11:00:32,132 INFO [GH_LOG] [55626]GH Model 실행 : 임대형1-04_딸기:
2022-12-22 11:00:32,203 DEBUG [GH_LOG] DB 연결 정상
2022-12-22 11:00:32,305 DEBUG [GH_LOG] [55626]refine_data start
2022-12-22 11:00:32,468 DEBUG [GH_LOG] process_missing_val start
2022-12-22 11:00:32,475 DEBUG [GH_LOG] [55626]pridict_model start
2022-12-22 11:00:34,613 DEBUG [GH_LOG] DB 연결 정상
2022-12-22 11:00:34,638 INFO [GH_LOG] 임대형1-04_딸기 - 결과 DB 저장 완료
2022-12-22 11:00:34,851 INFO [GH_LOG] ** 모듈 실행 완료 > 총 실행시간 : 0:00:32.223453
2022-12-22 11:10:01.777985: I tensorflow/stream_executor/platform/default/dso_loader.cc:53] Successfully opened dynamic library libcudart.so.11.0
2022-12-22 11:10:02,804 INFO [GH_LOG] GH optimization model : Start
2022-12-22 11:10:02,813 INFO [GH_LOG] [56275]GH Model 실행 : 경영형-01_딸기:
2022-12-22 11:10:03,342 DEBUG [GH_LOG] DB 연결 정상
2022-12-22 11:10:03,494 DEBUG [GH_LOG] [56275]refine_data start
2022-12-22 11:10:03,659 DEBUG [GH_LOG] process_missing_val start
2022-12-22 11:10:03,666 DEBUG [GH_LOG] [56275]pridict_model start
2022-12-22 11:10:03.678327: I tensorflow/stream_executor/platform/default/dso_loader.cc:53] Successfully opened dynamic library libcuda.so.1
2022-12-22 11:10:03.734403: I tensorflow/core/common_runtime/gpu/gpu_device.cc:1733] Found device 0 with properties: 
pciBusID: 0000:1a:00.0 name: NVIDIA GeForce RTX 3090 computeCapability: 8.6
coreClock: 1.695GHz coreCount: 82 deviceMemorySize: 23.70GiB deviceMemoryBandwidth: 871.81GiB/s
2022-12-22 11:10:03.734608: I tensorflow/core/common_runtime/gpu/gpu_device.cc:1733] Found device 1 with properties: 
pciBusID: 0000:68:00.0 name: NVIDIA GeForce RTX 3090 computeCapability: 8.6
coreClock: 1.695GHz coreCount: 82 deviceMemorySize: 23.70GiB deviceMemoryBandwidth: 871.81GiB/s
2022-12-22 11:10:03.734641: I tensorflow/stream_executor/platform/default/dso_loader.cc:53] Successfully opened dynamic library libcudart.so.11.0
2022-12-22 11:10:03.739174: I tensorflow/stream_executor/platform/default/dso_loader.cc:53] Successfully opened dynamic library libcublas.so.11
2022-12-22 11:10:03.739239: I tensorflow/stream_executor/platform/default/dso_loader.cc:53] Successfully opened dynamic library libcublasLt.so.11
2022-12-22 11:10:03.740212: I tensorflow/stream_executor/platform/default/dso_loader.cc:53] Successfully opened dynamic library libcufft.so.10
2022-12-22 11:10:03.740454: I tensorflow/stream_executor/platform/default/dso_loader.cc:53] Successfully opened dynamic library libcurand.so.10
2022-12-22 11:10:03.740889: I tensorflow/stream_executor/platform/default/dso_loader.cc:53] Successfully opened dynamic library libcusolver.so.11
2022-12-22 11:10:03.741658: I tensorflow/stream_executor/platform/default/dso_loader.cc:53] Successfully opened dynamic library libcusparse.so.11
2022-12-22 11:10:03.741784: I tensorflow/stream_executor/platform/default/dso_loader.cc:53] Successfully opened dynamic library libcudnn.so.8
2022-12-22 11:10:03.742400: I tensorflow/core/common_runtime/gpu/gpu_device.cc:1871] Adding visible gpu devices: 0, 1
2022-12-22 11:10:03.742840: I tensorflow/core/platform/cpu_feature_guard.cc:142] This TensorFlow binary is optimized with oneAPI Deep Neural Network Library (oneDNN) to use the following CPU instructions in performance-critical operations:  AVX2 AVX512F FMA
To enable them in other operations, rebuild TensorFlow with the appropriate compiler flags.
2022-12-22 11:10:04.045542: I tensorflow/core/common_runtime/gpu/gpu_device.cc:1733] Found device 0 with properties: 
pciBusID: 0000:1a:00.0 name: NVIDIA GeForce RTX 3090 computeCapability: 8.6
coreClock: 1.695GHz coreCount: 82 deviceMemorySize: 23.70GiB deviceMemoryBandwidth: 871.81GiB/s
2022-12-22 11:10:04.045816: I tensorflow/core/common_runtime/gpu/gpu_device.cc:1733] Found device 1 with properties: 
pciBusID: 0000:68:00.0 name: NVIDIA GeForce RTX 3090 computeCapability: 8.6
coreClock: 1.695GHz coreCount: 82 deviceMemorySize: 23.70GiB deviceMemoryBandwidth: 871.81GiB/s
2022-12-22 11:10:04.046302: I tensorflow/core/common_runtime/gpu/gpu_device.cc:1871] Adding visible gpu devices: 0, 1
2022-12-22 11:10:04.046346: I tensorflow/stream_executor/platform/default/dso_loader.cc:53] Successfully opened dynamic library libcudart.so.11.0
2022-12-22 11:10:04.645171: I tensorflow/core/common_runtime/gpu/gpu_device.cc:1258] Device interconnect StreamExecutor with strength 1 edge matrix:
2022-12-22 11:10:04.645217: I tensorflow/core/common_runtime/gpu/gpu_device.cc:1264]      0 1 
2022-12-22 11:10:04.645225: I tensorflow/core/common_runtime/gpu/gpu_device.cc:1277] 0:   N N 
2022-12-22 11:10:04.645230: I tensorflow/core/common_runtime/gpu/gpu_device.cc:1277] 1:   N N 
2022-12-22 11:10:04.646129: I tensorflow/core/common_runtime/gpu/gpu_device.cc:1418] Created TensorFlow device (/job:localhost/replica:0/task:0/device:GPU:0 with 22317 MB memory) -> physical GPU (device: 0, name: NVIDIA GeForce RTX 3090, pci bus id: 0000:1a:00.0, compute capability: 8.6)
2022-12-22 11:10:04.646827: I tensorflow/core/common_runtime/gpu/gpu_device.cc:1418] Created TensorFlow device (/job:localhost/replica:0/task:0/device:GPU:1 with 22292 MB memory) -> physical GPU (device: 1, name: NVIDIA GeForce RTX 3090, pci bus id: 0000:68:00.0, compute capability: 8.6)
2022-12-22 11:10:04.986154: I tensorflow/compiler/mlir/mlir_graph_optimization_pass.cc:176] None of the MLIR Optimization Passes are enabled (registered 2)
2022-12-22 11:10:04.986640: I tensorflow/core/platform/profile_utils/cpu_utils.cc:114] CPU Frequency: 3500000000 Hz
2022-12-22 11:10:05.177160: I tensorflow/stream_executor/platform/default/dso_loader.cc:53] Successfully opened dynamic library libcublas.so.11
2022-12-22 11:10:05.811960: I tensorflow/stream_executor/platform/default/dso_loader.cc:53] Successfully opened dynamic library libcublasLt.so.11
2022-12-22 11:10:05.812030: I tensorflow/stream_executor/cuda/cuda_blas.cc:1838] TensorFloat-32 will be used for the matrix multiplication. This will only be logged once.
2022-12-22 11:10:07,540 DEBUG [GH_LOG] DB 연결 정상
2022-12-22 11:10:07,561 INFO [GH_LOG] 경영형-01_딸기 - 결과 DB 저장 완료
2022-12-22 11:10:07,561 INFO [GH_LOG] [56275]GH Model 실행 : 경영형-02_토마토:
2022-12-22 11:10:07,626 DEBUG [GH_LOG] DB 연결 정상
2022-12-22 11:10:07,733 DEBUG [GH_LOG] [56275]refine_data start
2022-12-22 11:10:07,893 DEBUG [GH_LOG] process_missing_val start
2022-12-22 11:10:07,900 DEBUG [GH_LOG] [56275]pridict_model start
2022-12-22 11:10:10,311 DEBUG [GH_LOG] DB 연결 정상
2022-12-22 11:10:10,336 INFO [GH_LOG] 경영형-02_토마토 - 결과 DB 저장 완료
2022-12-22 11:10:10,337 INFO [GH_LOG] [56275]GH Model 실행 : 경영형-03_멜론:
2022-12-22 11:10:10,396 DEBUG [GH_LOG] DB 연결 정상
2022-12-22 11:10:10,498 DEBUG [GH_LOG] [56275]refine_data start
2022-12-22 11:10:10,657 DEBUG [GH_LOG] process_missing_val start
2022-12-22 11:10:10,664 DEBUG [GH_LOG] [56275]pridict_model start
2022-12-22 11:10:12,615 DEBUG [GH_LOG] DB 연결 정상
2022-12-22 11:10:13,307 INFO [GH_LOG] 경영형-03_멜론 - 결과 DB 저장 완료
2022-12-22 11:10:13,307 INFO [GH_LOG] [56275]GH Model 실행 : 경영형-04_만다린:
2022-12-22 11:10:13,372 DEBUG [GH_LOG] DB 연결 정상
2022-12-22 11:10:13,485 DEBUG [GH_LOG] [56275]refine_data start
2022-12-22 11:10:13,646 DEBUG [GH_LOG] process_missing_val start
2022-12-22 11:10:13,653 DEBUG [GH_LOG] [56275]pridict_model start
2022-12-22 11:10:15,750 DEBUG [GH_LOG] DB 연결 정상
2022-12-22 11:10:15,776 INFO [GH_LOG] 경영형-04_만다린 - 결과 DB 저장 완료
2022-12-22 11:10:15,777 INFO [GH_LOG] [56275]GH Model 실행 : 교육형-01_딸기:
2022-12-22 11:10:15,843 DEBUG [GH_LOG] DB 연결 정상
2022-12-22 11:10:15,953 DEBUG [GH_LOG] [56275]refine_data start
2022-12-22 11:10:16,113 DEBUG [GH_LOG] process_missing_val start
2022-12-22 11:10:16,119 DEBUG [GH_LOG] [56275]pridict_model start
2022-12-22 11:10:18,200 DEBUG [GH_LOG] DB 연결 정상
2022-12-22 11:10:18,220 INFO [GH_LOG] 교육형-01_딸기 - 결과 DB 저장 완료
2022-12-22 11:10:18,220 INFO [GH_LOG] [56275]GH Model 실행 : 교육형-02_토마토:
2022-12-22 11:10:18,353 DEBUG [GH_LOG] DB 연결 정상
2022-12-22 11:10:18,501 DEBUG [GH_LOG] [56275]refine_data start
2022-12-22 11:10:18,658 DEBUG [GH_LOG] process_missing_val start
2022-12-22 11:10:18,665 DEBUG [GH_LOG] [56275]pridict_model start
2022-12-22 11:10:20,579 DEBUG [GH_LOG] DB 연결 정상
2022-12-22 11:10:20,598 INFO [GH_LOG] 교육형-02_토마토 - 결과 DB 저장 완료
2022-12-22 11:10:20,599 INFO [GH_LOG] [56275]GH Model 실행 : 교육형-03_멜론:
2022-12-22 11:10:20,854 DEBUG [GH_LOG] DB 연결 정상
2022-12-22 11:10:20,985 DEBUG [GH_LOG] [56275]refine_data start
2022-12-22 11:10:21,145 DEBUG [GH_LOG] process_missing_val start
2022-12-22 11:10:21,151 DEBUG [GH_LOG] [56275]pridict_model start
2022-12-22 11:10:23,239 DEBUG [GH_LOG] DB 연결 정상
2022-12-22 11:10:23,261 INFO [GH_LOG] 교육형-03_멜론 - 결과 DB 저장 완료
2022-12-22 11:10:23,261 INFO [GH_LOG] [56275]GH Model 실행 : 교육형-04_만다린:
2022-12-22 11:10:23,330 DEBUG [GH_LOG] DB 연결 정상
2022-12-22 11:10:23,438 DEBUG [GH_LOG] [56275]refine_data start
2022-12-22 11:10:23,601 DEBUG [GH_LOG] process_missing_val start
2022-12-22 11:10:23,608 DEBUG [GH_LOG] [56275]pridict_model start
2022-12-22 11:10:25,559 DEBUG [GH_LOG] DB 연결 정상
2022-12-22 11:10:25,580 INFO [GH_LOG] 교육형-04_만다린 - 결과 DB 저장 완료
2022-12-22 11:10:25,581 INFO [GH_LOG] [56275]GH Model 실행 : 임대형1-01_딸기:
2022-12-22 11:10:25,643 DEBUG [GH_LOG] DB 연결 정상
2022-12-22 11:10:25,757 DEBUG [GH_LOG] [56275]refine_data start
2022-12-22 11:10:25,921 DEBUG [GH_LOG] process_missing_val start
2022-12-22 11:10:25,928 DEBUG [GH_LOG] [56275]pridict_model start
2022-12-22 11:10:28,342 DEBUG [GH_LOG] DB 연결 정상
2022-12-22 11:10:28,364 INFO [GH_LOG] 임대형1-01_딸기 - 결과 DB 저장 완료
2022-12-22 11:10:28,365 INFO [GH_LOG] [56275]GH Model 실행 : 임대형1-02_딸기:
2022-12-22 11:10:28,408 DEBUG [GH_LOG] DB 연결 정상
2022-12-22 11:10:28,510 DEBUG [GH_LOG] [56275]refine_data start
2022-12-22 11:10:28,672 DEBUG [GH_LOG] process_missing_val start
2022-12-22 11:10:28,679 DEBUG [GH_LOG] [56275]pridict_model start
2022-12-22 11:10:30,668 DEBUG [GH_LOG] DB 연결 정상
2022-12-22 11:10:30,687 INFO [GH_LOG] 임대형1-02_딸기 - 결과 DB 저장 완료
2022-12-22 11:10:30,688 INFO [GH_LOG] [56275]GH Model 실행 : 임대형1-03_딸기:
2022-12-22 11:10:30,738 DEBUG [GH_LOG] DB 연결 정상
2022-12-22 11:10:30,830 DEBUG [GH_LOG] [56275]refine_data start
2022-12-22 11:10:30,990 DEBUG [GH_LOG] process_missing_val start
2022-12-22 11:10:30,997 DEBUG [GH_LOG] [56275]pridict_model start
2022-12-22 11:10:33,145 DEBUG [GH_LOG] DB 연결 정상
2022-12-22 11:10:33,169 INFO [GH_LOG] 임대형1-03_딸기 - 결과 DB 저장 완료
2022-12-22 11:10:33,169 INFO [GH_LOG] [56275]GH Model 실행 : 임대형1-04_딸기:
2022-12-22 11:10:33,231 DEBUG [GH_LOG] DB 연결 정상
2022-12-22 11:10:33,340 DEBUG [GH_LOG] [56275]refine_data start
2022-12-22 11:10:33,500 DEBUG [GH_LOG] process_missing_val start
2022-12-22 11:10:33,507 DEBUG [GH_LOG] [56275]pridict_model start
2022-12-22 11:10:35,747 DEBUG [GH_LOG] DB 연결 정상
2022-12-22 11:10:35,772 INFO [GH_LOG] 임대형1-04_딸기 - 결과 DB 저장 완료
2022-12-22 11:10:36,008 INFO [GH_LOG] ** 모듈 실행 완료 > 총 실행시간 : 0:00:33.203670
